
*** Running vivado
    with args -log pipeline.vds -m64 -product Vivado -mode batch -messageDb vivado.pb -notrace -source pipeline.tcl


****** Vivado v2019.1 (64-bit)
  **** SW Build 2552052 on Fri May 24 14:49:42 MDT 2019
  **** IP Build 2548770 on Fri May 24 18:01:18 MDT 2019
    ** Copyright 1986-2019 Xilinx, Inc. All Rights Reserved.

source pipeline.tcl -notrace
Command: synth_design -top pipeline -part xc7a100tcsg324-1
Starting synth_design
Attempting to get a license for feature 'Synthesis' and/or device 'xc7a100t'
INFO: [Common 17-349] Got license for feature 'Synthesis' and/or device 'xc7a100t'
INFO: [Device 21-403] Loading part xc7a100tcsg324-1
INFO: Launching helper process for spawning children vivado processes
INFO: Helper process launched with PID 16140 
---------------------------------------------------------------------------------
Starting RTL Elaboration : Time (s): cpu = 00:00:07 ; elapsed = 00:00:07 . Memory (MB): peak = 699.078 ; gain = 177.676
---------------------------------------------------------------------------------
INFO: [Synth 8-6157] synthesizing module 'pipeline' [C:/Users/联想/OneDrive/桌面/final/pipeline_cpu.srcs/sources_1/imports/lab4/single_cpu/single_cpu.srcs/sources_1/new/single.v:2]
INFO: [Synth 8-6157] synthesizing module 'pdu' [C:/Users/联想/OneDrive/桌面/final/pipeline_cpu.srcs/sources_1/imports/lab4/single_cpu/single_cpu.srcs/sources_1/new/pdu.v:1]
INFO: [Synth 8-226] default block is never used [C:/Users/联想/OneDrive/桌面/final/pipeline_cpu.srcs/sources_1/imports/lab4/single_cpu/single_cpu.srcs/sources_1/new/pdu.v:256]
WARNING: [Synth 8-3936] Found unconnected internal register 'in_2r_reg' and it is trimmed from '5' to '2' bits. [C:/Users/联想/OneDrive/桌面/final/pipeline_cpu.srcs/sources_1/imports/lab4/single_cpu/single_cpu.srcs/sources_1/new/pdu.v:75]
INFO: [Synth 8-6155] done synthesizing module 'pdu' (1#1) [C:/Users/联想/OneDrive/桌面/final/pipeline_cpu.srcs/sources_1/imports/lab4/single_cpu/single_cpu.srcs/sources_1/new/pdu.v:1]
INFO: [Synth 8-6157] synthesizing module 'cpu' [C:/Users/联想/OneDrive/桌面/final/pipeline_cpu.srcs/sources_1/imports/lab4/single_cpu/single_cpu.srcs/sources_1/new/cpu.v:2]
INFO: [Synth 8-638] synthesizing module 'single_text_mem' [c:/Users/联想/OneDrive/桌面/final/pipeline_cpu.srcs/sources_1/ip/single_text_mem/synth/single_text_mem.vhd:66]
	Parameter C_FAMILY bound to: artix7 - type: string 
	Parameter C_ADDR_WIDTH bound to: 8 - type: integer 
	Parameter C_DEFAULT_DATA bound to: 0 - type: string 
	Parameter C_DEPTH bound to: 256 - type: integer 
	Parameter C_HAS_CLK bound to: 0 - type: integer 
	Parameter C_HAS_D bound to: 0 - type: integer 
	Parameter C_HAS_DPO bound to: 0 - type: integer 
	Parameter C_HAS_DPRA bound to: 0 - type: integer 
	Parameter C_HAS_I_CE bound to: 0 - type: integer 
	Parameter C_HAS_QDPO bound to: 0 - type: integer 
	Parameter C_HAS_QDPO_CE bound to: 0 - type: integer 
	Parameter C_HAS_QDPO_CLK bound to: 0 - type: integer 
	Parameter C_HAS_QDPO_RST bound to: 0 - type: integer 
	Parameter C_HAS_QDPO_SRST bound to: 0 - type: integer 
	Parameter C_HAS_QSPO bound to: 0 - type: integer 
	Parameter C_HAS_QSPO_CE bound to: 0 - type: integer 
	Parameter C_HAS_QSPO_RST bound to: 0 - type: integer 
	Parameter C_HAS_QSPO_SRST bound to: 0 - type: integer 
	Parameter C_HAS_SPO bound to: 1 - type: integer 
	Parameter C_HAS_WE bound to: 0 - type: integer 
	Parameter C_MEM_INIT_FILE bound to: single_text_mem.mif - type: string 
	Parameter C_ELABORATION_DIR bound to: ./ - type: string 
	Parameter C_MEM_TYPE bound to: 0 - type: integer 
	Parameter C_PIPELINE_STAGES bound to: 0 - type: integer 
	Parameter C_QCE_JOINED bound to: 0 - type: integer 
	Parameter C_QUALIFY_WE bound to: 0 - type: integer 
	Parameter C_READ_MIF bound to: 1 - type: integer 
	Parameter C_REG_A_D_INPUTS bound to: 0 - type: integer 
	Parameter C_REG_DPRA_INPUT bound to: 0 - type: integer 
	Parameter C_SYNC_ENABLE bound to: 1 - type: integer 
	Parameter C_WIDTH bound to: 32 - type: integer 
	Parameter C_PARSER_TYPE bound to: 1 - type: integer 
INFO: [Synth 8-3491] module 'dist_mem_gen_v8_0_13' declared at 'c:/Users/联想/OneDrive/桌面/final/pipeline_cpu.srcs/sources_1/ip/single_data_mem/hdl/dist_mem_gen_v8_0_vhsyn_rfs.vhd:3237' bound to instance 'U0' of component 'dist_mem_gen_v8_0_13' [c:/Users/联想/OneDrive/桌面/final/pipeline_cpu.srcs/sources_1/ip/single_text_mem/synth/single_text_mem.vhd:132]
INFO: [Synth 8-256] done synthesizing module 'single_text_mem' (5#1) [c:/Users/联想/OneDrive/桌面/final/pipeline_cpu.srcs/sources_1/ip/single_text_mem/synth/single_text_mem.vhd:66]
INFO: [Synth 8-6157] synthesizing module 'cu' [C:/Users/联想/OneDrive/桌面/final/pipeline_cpu.srcs/sources_1/imports/lab4/single_cpu/single_cpu.srcs/sources_1/new/cu.v:2]
INFO: [Synth 8-6155] done synthesizing module 'cu' (6#1) [C:/Users/联想/OneDrive/桌面/final/pipeline_cpu.srcs/sources_1/imports/lab4/single_cpu/single_cpu.srcs/sources_1/new/cu.v:2]
INFO: [Synth 8-6157] synthesizing module 'Imm' [C:/Users/联想/OneDrive/桌面/final/pipeline_cpu.srcs/sources_1/imports/lab4/single_cpu/single_cpu.srcs/sources_1/new/Imm.v:2]
INFO: [Synth 8-155] case statement is not full and has no default [C:/Users/联想/OneDrive/桌面/final/pipeline_cpu.srcs/sources_1/imports/lab4/single_cpu/single_cpu.srcs/sources_1/new/Imm.v:8]
INFO: [Synth 8-6155] done synthesizing module 'Imm' (7#1) [C:/Users/联想/OneDrive/桌面/final/pipeline_cpu.srcs/sources_1/imports/lab4/single_cpu/single_cpu.srcs/sources_1/new/Imm.v:2]
INFO: [Synth 8-6157] synthesizing module 'regfile' [C:/Users/联想/OneDrive/桌面/final/pipeline_cpu.srcs/sources_1/imports/lab4/single_cpu/single_cpu.srcs/sources_1/new/regfile.v:2]
INFO: [Synth 8-6155] done synthesizing module 'regfile' (8#1) [C:/Users/联想/OneDrive/桌面/final/pipeline_cpu.srcs/sources_1/imports/lab4/single_cpu/single_cpu.srcs/sources_1/new/regfile.v:2]
WARNING: [Synth 8-6104] Input port 'm_rf_addr' has an internal driver [C:/Users/联想/OneDrive/桌面/final/pipeline_cpu.srcs/sources_1/imports/lab4/single_cpu/single_cpu.srcs/sources_1/new/cpu.v:53]
INFO: [Synth 8-6157] synthesizing module 'alucontrol' [C:/Users/联想/OneDrive/桌面/final/pipeline_cpu.srcs/sources_1/imports/lab4/single_cpu/single_cpu.srcs/sources_1/new/alucontrol.v:2]
INFO: [Synth 8-155] case statement is not full and has no default [C:/Users/联想/OneDrive/桌面/final/pipeline_cpu.srcs/sources_1/imports/lab4/single_cpu/single_cpu.srcs/sources_1/new/alucontrol.v:11]
INFO: [Synth 8-6155] done synthesizing module 'alucontrol' (9#1) [C:/Users/联想/OneDrive/桌面/final/pipeline_cpu.srcs/sources_1/imports/lab4/single_cpu/single_cpu.srcs/sources_1/new/alucontrol.v:2]
INFO: [Synth 8-6157] synthesizing module 'alu' [C:/Users/联想/OneDrive/桌面/final/pipeline_cpu.srcs/sources_1/imports/lab4/single_cpu/single_cpu.srcs/sources_1/new/alu.v:2]
INFO: [Synth 8-6155] done synthesizing module 'alu' (10#1) [C:/Users/联想/OneDrive/桌面/final/pipeline_cpu.srcs/sources_1/imports/lab4/single_cpu/single_cpu.srcs/sources_1/new/alu.v:2]
INFO: [Synth 8-638] synthesizing module 'single_data_mem' [c:/Users/联想/OneDrive/桌面/final/pipeline_cpu.srcs/sources_1/ip/single_data_mem/synth/single_data_mem.vhd:71]
	Parameter C_FAMILY bound to: artix7 - type: string 
	Parameter C_ADDR_WIDTH bound to: 8 - type: integer 
	Parameter C_DEFAULT_DATA bound to: 0 - type: string 
	Parameter C_DEPTH bound to: 256 - type: integer 
	Parameter C_HAS_CLK bound to: 1 - type: integer 
	Parameter C_HAS_D bound to: 1 - type: integer 
	Parameter C_HAS_DPO bound to: 1 - type: integer 
	Parameter C_HAS_DPRA bound to: 1 - type: integer 
	Parameter C_HAS_I_CE bound to: 0 - type: integer 
	Parameter C_HAS_QDPO bound to: 0 - type: integer 
	Parameter C_HAS_QDPO_CE bound to: 0 - type: integer 
	Parameter C_HAS_QDPO_CLK bound to: 0 - type: integer 
	Parameter C_HAS_QDPO_RST bound to: 0 - type: integer 
	Parameter C_HAS_QDPO_SRST bound to: 0 - type: integer 
	Parameter C_HAS_QSPO bound to: 0 - type: integer 
	Parameter C_HAS_QSPO_CE bound to: 0 - type: integer 
	Parameter C_HAS_QSPO_RST bound to: 0 - type: integer 
	Parameter C_HAS_QSPO_SRST bound to: 0 - type: integer 
	Parameter C_HAS_SPO bound to: 1 - type: integer 
	Parameter C_HAS_WE bound to: 1 - type: integer 
	Parameter C_MEM_INIT_FILE bound to: single_data_mem.mif - type: string 
	Parameter C_ELABORATION_DIR bound to: ./ - type: string 
	Parameter C_MEM_TYPE bound to: 2 - type: integer 
	Parameter C_PIPELINE_STAGES bound to: 0 - type: integer 
	Parameter C_QCE_JOINED bound to: 0 - type: integer 
	Parameter C_QUALIFY_WE bound to: 0 - type: integer 
	Parameter C_READ_MIF bound to: 1 - type: integer 
	Parameter C_REG_A_D_INPUTS bound to: 0 - type: integer 
	Parameter C_REG_DPRA_INPUT bound to: 0 - type: integer 
	Parameter C_SYNC_ENABLE bound to: 1 - type: integer 
	Parameter C_WIDTH bound to: 32 - type: integer 
	Parameter C_PARSER_TYPE bound to: 1 - type: integer 
INFO: [Synth 8-3491] module 'dist_mem_gen_v8_0_13' declared at 'c:/Users/联想/OneDrive/桌面/final/pipeline_cpu.srcs/sources_1/ip/single_data_mem/hdl/dist_mem_gen_v8_0_vhsyn_rfs.vhd:3237' bound to instance 'U0' of component 'dist_mem_gen_v8_0_13' [c:/Users/联想/OneDrive/桌面/final/pipeline_cpu.srcs/sources_1/ip/single_data_mem/synth/single_data_mem.vhd:137]
INFO: [Synth 8-256] done synthesizing module 'single_data_mem' (12#1) [c:/Users/联想/OneDrive/桌面/final/pipeline_cpu.srcs/sources_1/ip/single_data_mem/synth/single_data_mem.vhd:71]
INFO: [Synth 8-6157] synthesizing module 'if_id' [C:/Users/联想/OneDrive/桌面/final/pipeline_cpu.srcs/sources_1/new/if_id.v:3]
INFO: [Synth 8-6155] done synthesizing module 'if_id' (13#1) [C:/Users/联想/OneDrive/桌面/final/pipeline_cpu.srcs/sources_1/new/if_id.v:3]
INFO: [Synth 8-6157] synthesizing module 'id_ex' [C:/Users/联想/OneDrive/桌面/final/pipeline_cpu.srcs/sources_1/new/id_ex.v:3]
INFO: [Synth 8-6155] done synthesizing module 'id_ex' (14#1) [C:/Users/联想/OneDrive/桌面/final/pipeline_cpu.srcs/sources_1/new/id_ex.v:3]
INFO: [Synth 8-6157] synthesizing module 'ex_mem' [C:/Users/联想/OneDrive/桌面/final/pipeline_cpu.srcs/sources_1/new/ex_mem.v:3]
INFO: [Synth 8-6155] done synthesizing module 'ex_mem' (15#1) [C:/Users/联想/OneDrive/桌面/final/pipeline_cpu.srcs/sources_1/new/ex_mem.v:3]
INFO: [Synth 8-6157] synthesizing module 'mem_wb' [C:/Users/联想/OneDrive/桌面/final/pipeline_cpu.srcs/sources_1/new/mem_wb.v:3]
INFO: [Synth 8-6155] done synthesizing module 'mem_wb' (16#1) [C:/Users/联想/OneDrive/桌面/final/pipeline_cpu.srcs/sources_1/new/mem_wb.v:3]
INFO: [Synth 8-6157] synthesizing module 'forward' [C:/Users/联想/OneDrive/桌面/final/pipeline_cpu.srcs/sources_1/new/forward.v:3]
INFO: [Synth 8-6155] done synthesizing module 'forward' (17#1) [C:/Users/联想/OneDrive/桌面/final/pipeline_cpu.srcs/sources_1/new/forward.v:3]
INFO: [Synth 8-6157] synthesizing module 'hazard_branch' [C:/Users/联想/OneDrive/桌面/final/pipeline_cpu.srcs/sources_1/new/hazard.v:3]
INFO: [Synth 8-6155] done synthesizing module 'hazard_branch' (18#1) [C:/Users/联想/OneDrive/桌面/final/pipeline_cpu.srcs/sources_1/new/hazard.v:3]
INFO: [Synth 8-6155] done synthesizing module 'cpu' (19#1) [C:/Users/联想/OneDrive/桌面/final/pipeline_cpu.srcs/sources_1/imports/lab4/single_cpu/single_cpu.srcs/sources_1/new/cpu.v:2]
INFO: [Synth 8-6155] done synthesizing module 'pipeline' (20#1) [C:/Users/联想/OneDrive/桌面/final/pipeline_cpu.srcs/sources_1/imports/lab4/single_cpu/single_cpu.srcs/sources_1/new/single.v:2]
WARNING: [Synth 8-3331] design hazard_branch has unconnected port ir[31]
WARNING: [Synth 8-3331] design hazard_branch has unconnected port ir[30]
WARNING: [Synth 8-3331] design hazard_branch has unconnected port ir[29]
WARNING: [Synth 8-3331] design hazard_branch has unconnected port ir[28]
WARNING: [Synth 8-3331] design hazard_branch has unconnected port ir[27]
WARNING: [Synth 8-3331] design hazard_branch has unconnected port ir[26]
WARNING: [Synth 8-3331] design hazard_branch has unconnected port ir[25]
WARNING: [Synth 8-3331] design hazard_branch has unconnected port ir[14]
WARNING: [Synth 8-3331] design hazard_branch has unconnected port ir[13]
WARNING: [Synth 8-3331] design hazard_branch has unconnected port ir[12]
WARNING: [Synth 8-3331] design hazard_branch has unconnected port ir[11]
WARNING: [Synth 8-3331] design hazard_branch has unconnected port ir[10]
WARNING: [Synth 8-3331] design hazard_branch has unconnected port ir[9]
WARNING: [Synth 8-3331] design hazard_branch has unconnected port ir[8]
WARNING: [Synth 8-3331] design hazard_branch has unconnected port ir[7]
WARNING: [Synth 8-3331] design forward has unconnected port ir[31]
WARNING: [Synth 8-3331] design forward has unconnected port ir[30]
WARNING: [Synth 8-3331] design forward has unconnected port ir[29]
WARNING: [Synth 8-3331] design forward has unconnected port ir[28]
WARNING: [Synth 8-3331] design forward has unconnected port ir[27]
WARNING: [Synth 8-3331] design forward has unconnected port ir[26]
WARNING: [Synth 8-3331] design forward has unconnected port ir[25]
WARNING: [Synth 8-3331] design forward has unconnected port ir[14]
WARNING: [Synth 8-3331] design forward has unconnected port ir[13]
WARNING: [Synth 8-3331] design forward has unconnected port ir[12]
WARNING: [Synth 8-3331] design forward has unconnected port ir[11]
WARNING: [Synth 8-3331] design forward has unconnected port ir[10]
WARNING: [Synth 8-3331] design forward has unconnected port ir[9]
WARNING: [Synth 8-3331] design forward has unconnected port ir[8]
WARNING: [Synth 8-3331] design forward has unconnected port ir[7]
WARNING: [Synth 8-3331] design ex_mem has unconnected port eflush
WARNING: [Synth 8-3331] design ex_mem has unconnected port io_we[4]
WARNING: [Synth 8-3331] design ex_mem has unconnected port io_we[3]
WARNING: [Synth 8-3331] design ex_mem has unconnected port io_we[2]
WARNING: [Synth 8-3331] design ex_mem has unconnected port io_we[1]
WARNING: [Synth 8-3331] design dpram has unconnected port qspo[31]
WARNING: [Synth 8-3331] design dpram has unconnected port qspo[30]
WARNING: [Synth 8-3331] design dpram has unconnected port qspo[29]
WARNING: [Synth 8-3331] design dpram has unconnected port qspo[28]
WARNING: [Synth 8-3331] design dpram has unconnected port qspo[27]
WARNING: [Synth 8-3331] design dpram has unconnected port qspo[26]
WARNING: [Synth 8-3331] design dpram has unconnected port qspo[25]
WARNING: [Synth 8-3331] design dpram has unconnected port qspo[24]
WARNING: [Synth 8-3331] design dpram has unconnected port qspo[23]
WARNING: [Synth 8-3331] design dpram has unconnected port qspo[22]
WARNING: [Synth 8-3331] design dpram has unconnected port qspo[21]
WARNING: [Synth 8-3331] design dpram has unconnected port qspo[20]
WARNING: [Synth 8-3331] design dpram has unconnected port qspo[19]
WARNING: [Synth 8-3331] design dpram has unconnected port qspo[18]
WARNING: [Synth 8-3331] design dpram has unconnected port qspo[17]
WARNING: [Synth 8-3331] design dpram has unconnected port qspo[16]
WARNING: [Synth 8-3331] design dpram has unconnected port qspo[15]
WARNING: [Synth 8-3331] design dpram has unconnected port qspo[14]
WARNING: [Synth 8-3331] design dpram has unconnected port qspo[13]
WARNING: [Synth 8-3331] design dpram has unconnected port qspo[12]
WARNING: [Synth 8-3331] design dpram has unconnected port qspo[11]
WARNING: [Synth 8-3331] design dpram has unconnected port qspo[10]
WARNING: [Synth 8-3331] design dpram has unconnected port qspo[9]
WARNING: [Synth 8-3331] design dpram has unconnected port qspo[8]
WARNING: [Synth 8-3331] design dpram has unconnected port qspo[7]
WARNING: [Synth 8-3331] design dpram has unconnected port qspo[6]
WARNING: [Synth 8-3331] design dpram has unconnected port qspo[5]
WARNING: [Synth 8-3331] design dpram has unconnected port qspo[4]
WARNING: [Synth 8-3331] design dpram has unconnected port qspo[3]
WARNING: [Synth 8-3331] design dpram has unconnected port qspo[2]
WARNING: [Synth 8-3331] design dpram has unconnected port qspo[1]
WARNING: [Synth 8-3331] design dpram has unconnected port qspo[0]
WARNING: [Synth 8-3331] design dpram has unconnected port qdpo[31]
WARNING: [Synth 8-3331] design dpram has unconnected port qdpo[30]
WARNING: [Synth 8-3331] design dpram has unconnected port qdpo[29]
WARNING: [Synth 8-3331] design dpram has unconnected port qdpo[28]
WARNING: [Synth 8-3331] design dpram has unconnected port qdpo[27]
WARNING: [Synth 8-3331] design dpram has unconnected port qdpo[26]
WARNING: [Synth 8-3331] design dpram has unconnected port qdpo[25]
WARNING: [Synth 8-3331] design dpram has unconnected port qdpo[24]
WARNING: [Synth 8-3331] design dpram has unconnected port qdpo[23]
WARNING: [Synth 8-3331] design dpram has unconnected port qdpo[22]
WARNING: [Synth 8-3331] design dpram has unconnected port qdpo[21]
WARNING: [Synth 8-3331] design dpram has unconnected port qdpo[20]
WARNING: [Synth 8-3331] design dpram has unconnected port qdpo[19]
WARNING: [Synth 8-3331] design dpram has unconnected port qdpo[18]
WARNING: [Synth 8-3331] design dpram has unconnected port qdpo[17]
WARNING: [Synth 8-3331] design dpram has unconnected port qdpo[16]
WARNING: [Synth 8-3331] design dpram has unconnected port qdpo[15]
WARNING: [Synth 8-3331] design dpram has unconnected port qdpo[14]
WARNING: [Synth 8-3331] design dpram has unconnected port qdpo[13]
WARNING: [Synth 8-3331] design dpram has unconnected port qdpo[12]
WARNING: [Synth 8-3331] design dpram has unconnected port qdpo[11]
WARNING: [Synth 8-3331] design dpram has unconnected port qdpo[10]
WARNING: [Synth 8-3331] design dpram has unconnected port qdpo[9]
WARNING: [Synth 8-3331] design dpram has unconnected port qdpo[8]
WARNING: [Synth 8-3331] design dpram has unconnected port qdpo[7]
WARNING: [Synth 8-3331] design dpram has unconnected port qdpo[6]
WARNING: [Synth 8-3331] design dpram has unconnected port qdpo[5]
WARNING: [Synth 8-3331] design dpram has unconnected port qdpo[4]
WARNING: [Synth 8-3331] design dpram has unconnected port qdpo[3]
WARNING: [Synth 8-3331] design dpram has unconnected port qdpo[2]
WARNING: [Synth 8-3331] design dpram has unconnected port qdpo[1]
WARNING: [Synth 8-3331] design dpram has unconnected port qdpo[0]
WARNING: [Synth 8-3331] design dpram has unconnected port i_ce
INFO: [Common 17-14] Message 'Synth 8-3331' appears 100 times and further instances of the messages will be disabled. Use the Tcl command set_msg_config to change the current settings.
TclStackFree: incorrect freePtr. Call out of sequence?
