#-----------------------------------------------------------
# Vivado v2019.1 (64-bit)
# SW Build 2552052 on Fri May 24 14:49:42 MDT 2019
# IP Build 2548770 on Fri May 24 18:01:18 MDT 2019
# Start of session at: Mon May 23 19:30:12 2022
# Process ID: 9372
# Current directory: C:/Users/联想/OneDrive/桌面/final
# Command line: vivado.exe -gui_launcher_event rodinguilauncherevent7144 C:\Users\联想\OneDrive\桌面\final\pipeline_cpu.xpr
# Log file: C:/Users/联想/OneDrive/桌面/final/vivado.log
# Journal file: C:/Users/联想/OneDrive/桌面/final\vivado.jou
#-----------------------------------------------------------
start_gui
open_project C:/Users/联想/OneDrive/桌面/final/pipeline_cpu.xpr
CRITICAL WARNING: [Project 1-19] Could not find the file 'C:/Users/联想/OneDrive/桌面/data.coe'.
Scanning sources...
Finished scanning sources
INFO: [IP_Flow 19-234] Refreshing IP repositories
INFO: [IP_Flow 19-1704] No user IP repositories specified
INFO: [IP_Flow 19-2313] Loaded Vivado IP repository 'D:/software/vivado/vivado2019.1/Vivado/2019.1/data/ip'.
open_project: Time (s): cpu = 00:00:15 ; elapsed = 00:00:05 . Memory (MB): peak = 709.449 ; gain = 94.020
update_compile_order -fileset sources_1
exit
INFO: [Common 17-206] Exiting Vivado at Mon May 23 19:43:22 2022...
