#-----------------------------------------------------------
# Vivado v2019.1 (64-bit)
# SW Build 2552052 on Fri May 24 14:49:42 MDT 2019
# IP Build 2548770 on Fri May 24 18:01:18 MDT 2019
# Start of session at: Wed May 11 23:23:33 2022
# Process ID: 14324
# Current directory: E:/lab5_pipeline/数据冒险+控制冒险+未上板
# Command line: vivado.exe -gui_launcher_event rodinguilauncherevent3684 E:\lab5_pipeline\数据冒险+控制冒险+未上板\pipeline_cpu.xpr
# Log file: E:/lab5_pipeline/数据冒险+控制冒险+未上板/vivado.log
# Journal file: E:/lab5_pipeline/数据冒险+控制冒险+未上板\vivado.jou
#-----------------------------------------------------------
start_gui
open_project E:/lab5_pipeline/数据冒险+控制冒险+未上板/pipeline_cpu.xpr
CRITICAL WARNING: [Project 1-19] Could not find the file 'c:/Users/联想/OneDrive/桌面/test.coe/load_use_text.coe'.
CRITICAL WARNING: [Project 1-19] Could not find the file 'c:/Users/联想/OneDrive/桌面/test.coe/load_use_text2.coe'.
Scanning sources...
Finished scanning sources
INFO: [IP_Flow 19-234] Refreshing IP repositories
INFO: [IP_Flow 19-1704] No user IP repositories specified
INFO: [IP_Flow 19-2313] Loaded Vivado IP repository 'D:/software/vivado/vivado2019.1/Vivado/2019.1/data/ip'.
open_project: Time (s): cpu = 00:00:15 ; elapsed = 00:00:05 . Memory (MB): peak = 701.090 ; gain = 95.926
update_compile_order -fileset sources_1
generate_target Simulation [get_files E:/计组/实验文件/lab4/single_cpu/single_cpu.srcs/sources_1/ip/single_text_mem/single_text_mem.xci]
INFO: [IP_Flow 19-1686] Generating 'Simulation' target for IP 'single_text_mem'...
ERROR: [Ipptcl 7-519] NULL COE Data pointer: Unable to open the file 
ERROR: [Common 17-39] 'ipgui::get_coe_val' failed due to earlier errors.
CRITICAL WARNING: [IP_Flow 19-1747] Failed to deliver file 'd:/software/vivado/vivado2019.1/Vivado/2019.1/data/ip/xilinx/dist_mem_gen_v8_0/hdl/mem_init_file.xit': ERROR: [Common 17-39] 'ipgui::get_coe_val' failed due to earlier errors.

ERROR: [IP_Flow 19-167] Failed to deliver one or more file(s).
ERROR: [IP_Flow 19-3505] IP Generation error: Failed to generate IP 'single_text_mem'. Failed to generate 'Vivado Verilog Simulation' outputs: 
ERROR: [IP_Flow 19-98] Generation of the IP CORE failed.
Failed to generate IP 'single_text_mem'. Failed to generate 'Vivado Verilog Simulation' outputs: 
