#-----------------------------------------------------------
# Vivado v2019.1 (64-bit)
# SW Build 2552052 on Fri May 24 14:49:42 MDT 2019
# IP Build 2548770 on Fri May 24 18:01:18 MDT 2019
# Start of session at: Wed May 11 18:15:29 2022
# Process ID: 12552
# Current directory: E:/lab5_pipeline/final_fib
# Command line: vivado.exe -gui_launcher_event rodinguilauncherevent3120 E:\lab5_pipeline\final_fib\pipeline_cpu.xpr
# Log file: E:/lab5_pipeline/final_fib/vivado.log
# Journal file: E:/lab5_pipeline/final_fib\vivado.jou
#-----------------------------------------------------------
start_gui
open_project E:/lab5_pipeline/final_fib/pipeline_cpu.xpr
INFO: [Project 1-313] Project file moved from 'E:/lab5_pipeline/final' since last save.
Scanning sources...
Finished scanning sources
INFO: [IP_Flow 19-234] Refreshing IP repositories
INFO: [IP_Flow 19-1704] No user IP repositories specified
INFO: [IP_Flow 19-2313] Loaded Vivado IP repository 'D:/software/vivado/vivado2019.1/Vivado/2019.1/data/ip'.
open_project: Time (s): cpu = 00:00:17 ; elapsed = 00:00:05 . Memory (MB): peak = 723.844 ; gain = 122.035
update_compile_order -fileset sources_1
set_property -dict [list CONFIG.coefficient_file {E:/lab5_pipeline/test.coe/fib_text.coe}] [get_ips single_text_mem]
INFO: [IP_Flow 19-3484] Absolute path of file 'e:/lab5_pipeline/test.coe/fib_text.coe' provided. It will be converted relative to IP Instance files '../../../../../../../../lab5_pipeline/test.coe/fib_text.coe'
reset_run synth_1
launch_runs synth_1 -jobs 4
INFO: [IP_Flow 19-1686] Generating 'Synthesis' target for IP 'single_text_mem'...
[Wed May 11 18:16:51 2022] Launched synth_1...
Run output will be captured here: E:/lab5_pipeline/final_fib/pipeline_cpu.runs/synth_1/runme.log
