#
# A fatal error has been detected by the Java Runtime Environment:
#
#  EXCEPTION_ACCESS_VIOLATION (0xc0000005) at pc=0x00007ffa94c31439, pid=11012, tid=7076
#
# JRE version: Java(TM) SE Runtime Environment (9.0+11) (build 9.0.4+11)
# Java VM: Java HotSpot(TM) 64-Bit Server VM (9.0.4+11, mixed mode, tiered, compressed oops, g1 gc, windows-amd64)
# Problematic frame:
# C  0x00007ffa94c31439
#
# No core dump will be written. Minidumps are not enabled by default on client versions of Windows
#
# If you would like to submit a bug report, please visit:
#   http://bugreport.java.com/bugreport/crash.jsp
# The crash happened outside the Java Virtual Machine in native code.
# See problematic frame for where to report the bug.
#

---------------  S U M M A R Y ------------

Command Line: -Dsun.java2d.pmoffscreen=false -Dsun.java2d.xrender=false -Dsun.java2d.d3d=false -Dsun.awt.nopixfmt=true -Dsun.java2d.dpiaware=true -Dsun.java2d.uiScale.enabled=false -Xverify:none -Dswing.aatext=true -XX:-UsePerfData -Djdk.map.althashing.threshold=512 -XX:StringTableSize=4072 --add-opens=java.base/java.nio=ALL-UNNAMED --add-opens=java.desktop/sun.swing=ALL-UNNAMED --add-opens=java.desktop/javax.swing=ALL-UNNAMED --add-opens=java.desktop/javax.swing.tree=ALL-UNNAMED --add-opens=java.desktop/javax.swing.plaf.basic=ALL-UNNAMED --add-opens=java.desktop/javax.swing.plaf.synth=ALL-UNNAMED --add-opens=java.desktop/com.sun.awt=ALL-UNNAMED -XX:NewSize=60m -XX:MaxNewSize=60m -Xms128m -Xmx3072m -Xss5m 

Host: AMD Ryzen 5 3500U with Radeon Vega Mobile Gfx  , 8 cores, 9G,  Windows 10 , 64 bit Build 22000 (10.0.22000.613)
Time: Wed May 11 11:49:25 2022 ?D1¨²¡À¨º¡Á?¨º¡À?? elapsed time: 430 seconds (0d 0h 7m 10s)

---------------  T H R E A D  ---------------

Current thread (0x00000228798a3000):  JavaThread "AWT-EventQueue-0" [_thread_in_native, id=7076, stack(0x000000af75d00000,0x000000af76200000)]

Stack: [0x000000af75d00000,0x000000af76200000],  sp=0x000000af761f4d00,  free space=5075k
Native frames: (J=compiled Java code, j=interpreted, Vv=VM code, C=native code)
C  0x00007ffa94c31439
C  0x00007ffa94c45107
C  0x00007ffa94c44e12
C  0x00007ffa94c2ac06
C  [librdi_wavedata.dll+0x125e90]
C  [librdi_wavedata.dll+0x148744]
C  [librdi_wavedata.dll+0x1e1cce]
C  [librdi_wavedata.dll+0x1e1bef]
C  [librdi_wavedata.dll+0x20cb0a]
C  [librdi_wavedata.dll+0x20aede]
C  [librdi_wavedata.dll+0x26873b]
C  [librdi_wavedata.dll+0x26a153]
C  [librdi_wavedata.dll+0x242ea0]
C  [librdi_wavedata.dll+0x242f1d]
C  [librdi_wavedata.dll+0x242fc1]
C  [librdi_wavedata.dll+0x2695c4]
C  [librdi_wavedata.dll+0x239546]
C  [librdi_wavedata.dll+0x239315]
C  [librdi_wavedata.dll+0x275c1f]
C  0x0000022864db919c

Java frames: (J=compiled Java code, j=interpreted, Vv=VM code)
j  ui.views.waveform.waveformi.WVExecutive_getGraphicsDataSize(J)J+0
j  ui.views.waveform.executive.a.gEt()Ljava/io/ByteArrayInputStream;+8
j  ui.views.waveform.b.a.gEf()V+7
j  ui.views.waveform.b.a.fOl()V+1
j  ui.views.waveform.m.gDo()V+4
j  ui.views.waveform.m.cRi()V+11
j  ui.views.waveform.w.cRi()V+29
j  ui.views.waveform.c.b.j(Lui/frmwork/b/i;)V+92
j  ui.views.waveform.w.a(Lui/frmwork/b/i;)V+13
J 14296 c1 ui.frmwork.b.l.d(Lui/frmwork/b/i;)V (61 bytes) @ 0x00000228656b7c9c [0x00000228656b7440+0x000000000000085c]
J 14286 c1 ui.frmwork.HTclEventBroker.i(JZ)V (471 bytes) @ 0x0000022866060eac [0x000002286605c6c0+0x00000000000047ec]
J 14288 c1 ui.frmwork.HTclEventBroker.fireTclEvent(J)I (113 bytes) @ 0x0000022865c9eacc [0x0000022865c9e2c0+0x000000000000080c]
v  ~StubRoutines::call_stub
j  ui.views.waveform.waveformi.WVExecutive_processModelEvent(JJ)V+0
j  ui.views.waveform.executive.a.eE(J)V+5
j  ui.views.waveform.c.b.eD(J)V+8
j  ui.views.waveform.c.b.j(Lui/frmwork/b/i;)V+133
j  ui.views.waveform.w.a(Lui/frmwork/b/i;)V+13
J 14296 c1 ui.frmwork.b.l.d(Lui/frmwork/b/i;)V (61 bytes) @ 0x00000228656b7c9c [0x00000228656b7440+0x000000000000085c]
J 14286 c1 ui.frmwork.HTclEventBroker.i(JZ)V (471 bytes) @ 0x0000022866060eac [0x000002286605c6c0+0x00000000000047ec]
j  ui.frmwork.HTclEventBroker.cS(J)V+3
j  ui.frmwork.HTclEventBroker$$Lambda$206.run()V+8
J 13073 c2 java.awt.EventQueue$3.run()Ljava/lang/Object; java.desktop@9.0.4 (5 bytes) @ 0x000002286d2c3b08 [0x000002286d2c3800+0x0000000000000308]
v  ~StubRoutines::call_stub
J 4308  java.security.AccessController.doPrivileged(Ljava/security/PrivilegedAction;Ljava/security/AccessControlContext;)Ljava/lang/Object; java.base@9.0.4 (0 bytes) @ 0x000002286cad7ec6 [0x000002286cad7e60+0x0000000000000066]
J 13037 c2 java.awt.EventQueue.dispatchEvent(Ljava/awt/AWTEvent;)V java.desktop@9.0.4 (80 bytes) @ 0x000002286d2a7318 [0x000002286d2a6dc0+0x0000000000000558]
J 13039 c2 ui.frmwork.b.d.dispatchEvent(Ljava/awt/AWTEvent;)V (34 bytes) @ 0x000002286d2a805c [0x000002286d2a7f60+0x00000000000000fc]
J 13412 c2 java.awt.EventDispatchThread.pumpOneEventForFilters(I)V java.desktop@9.0.4 (218 bytes) @ 0x000002286d381e74 [0x000002286d381a80+0x00000000000003f4]
j  java.awt.EventDispatchThread.pumpEventsForFilter(ILjava/awt/Conditional;Ljava/awt/EventFilter;)V+35 java.desktop@9.0.4
j  java.awt.EventDispatchThread.pumpEventsForFilter(Ljava/awt/Conditional;Ljava/awt/EventFilter;)V+4 java.desktop@9.0.4
j  java.awt.WaitDispatchSupport$2.run()V+59 java.desktop@9.0.4
j  java.awt.WaitDispatchSupport$4.run()Ljava/lang/Void;+4 java.desktop@9.0.4
j  java.awt.WaitDispatchSupport$4.run()Ljava/lang/Object;+1 java.desktop@9.0.4
v  ~StubRoutines::call_stub
J 1039  java.security.AccessController.doPrivileged(Ljava/security/PrivilegedAction;)Ljava/lang/Object; java.base@9.0.4 (0 bytes) @ 0x000002286c8cebb2 [0x000002286c8ceb60+0x0000000000000052]
j  java.awt.WaitDispatchSupport.enter()Z+260 java.desktop@9.0.4
j  java.awt.Dialog.show()V+225 java.desktop@9.0.4
J 10217 c1 java.awt.Component.setVisible(Z)V java.desktop@9.0.4 (6 bytes) @ 0x0000022866af80cc [0x0000022866af7ee0+0x00000000000001ec]
j  java.awt.Window.setVisible(Z)V+2 java.desktop@9.0.4
j  java.awt.Dialog.setVisible(Z)V+2 java.desktop@9.0.4
j  ui.b.c.g.setVisible(Z)V+2
j  ui.b.c.by.showDialog()V+64
j  ui.b.c.bF.actionPerformed(Ljava/awt/event/ActionEvent;)V+8
j  ui.b.c.by.cJI()V+396
j  ui.views.c.t.b.a.run()V+60
j  ui.frmwork.a.dWF()Z+66
j  ui.utils.aN.actionPerformed(Ljava/awt/event/ActionEvent;)V+4
j  javax.swing.AbstractButton.fireActionPerformed(Ljava/awt/event/ActionEvent;)V+84 java.desktop@9.0.4
j  javax.swing.AbstractButton$Handler.actionPerformed(Ljava/awt/event/ActionEvent;)V+5 java.desktop@9.0.4
j  javax.swing.DefaultButtonModel.fireActionPerformed(Ljava/awt/event/ActionEvent;)V+34 java.desktop@9.0.4
j  javax.swing.DefaultButtonModel.setPressed(Z)V+117 java.desktop@9.0.4
j  javax.swing.AbstractButton.doClick(I)V+60 java.desktop@9.0.4
j  javax.swing.plaf.basic.BasicMenuItemUI.doClick(Ljavax/swing/MenuSelectionManager;)V+47 java.desktop@9.0.4
j  javax.swing.plaf.basic.BasicMenuItemUI$Handler.mouseReleased(Ljava/awt/event/MouseEvent;)V+76 java.desktop@9.0.4
J 17813 c1 java.awt.AWTEventMulticaster.mouseReleased(Ljava/awt/event/MouseEvent;)V java.desktop@9.0.4 (27 bytes) @ 0x000002286776510c [0x0000022867764f00+0x000000000000020c]
J 17813 c1 java.awt.AWTEventMulticaster.mouseReleased(Ljava/awt/event/MouseEvent;)V java.desktop@9.0.4 (27 bytes) @ 0x000002286776510c [0x0000022867764f00+0x000000000000020c]
J 14132 c1 java.awt.Component.processMouseEvent(Ljava/awt/event/MouseEvent;)V java.desktop@9.0.4 (100 bytes) @ 0x000002286547eeb4 [0x000002286547eb20+0x0000000000000394]
J 14131 c1 javax.swing.JComponent.processMouseEvent(Ljava/awt/event/MouseEvent;)V java.desktop@9.0.4 (27 bytes) @ 0x0000022865474fec [0x0000022865474de0+0x000000000000020c]
J 17697 c2 java.awt.Container.processEvent(Ljava/awt/AWTEvent;)V java.desktop@9.0.4 (22 bytes) @ 0x000002286d72f524 [0x000002286d72f3c0+0x0000000000000164]
J 17904 c2 java.awt.Component.dispatchEventImpl(Ljava/awt/AWTEvent;)V java.desktop@9.0.4 (739 bytes) @ 0x000002286d797ffc [0x000002286d7970a0+0x0000000000000f5c]
J 13040 c2 java.awt.Container.dispatchEventImpl(Ljava/awt/AWTEvent;)V java.desktop@9.0.4 (129 bytes) @ 0x000002286d2ac00c [0x000002286d2abb60+0x00000000000004ac]
J 13041 c2 java.awt.LightweightDispatcher.retargetMouseEvent(Ljava/awt/Component;ILjava/awt/event/MouseEvent;)V java.desktop@9.0.4 (350 bytes) @ 0x000002286d2a9f54 [0x000002286d2a99e0+0x0000000000000574]
J 13040 c2 java.awt.Container.dispatchEventImpl(Ljava/awt/AWTEvent;)V java.desktop@9.0.4 (129 bytes) @ 0x000002286d2abd9c [0x000002286d2abb60+0x000000000000023c]
J 8638 c1 java.awt.Window.dispatchEventImpl(Ljava/awt/AWTEvent;)V java.desktop@9.0.4 (23 bytes) @ 0x000002286669c574 [0x000002286669bfa0+0x00000000000005d4]
J 13073 c2 java.awt.EventQueue$3.run()Ljava/lang/Object; java.desktop@9.0.4 (5 bytes) @ 0x000002286d2c39bc [0x000002286d2c3800+0x00000000000001bc]
v  ~StubRoutines::call_stub
J 4308  java.security.AccessController.doPrivileged(Ljava/security/PrivilegedAction;Ljava/security/AccessControlContext;)Ljava/lang/Object; java.base@9.0.4 (0 bytes) @ 0x000002286cad7ec6 [0x000002286cad7e60+0x0000000000000066]
J 17910 c2 java.awt.EventQueue$4.run()Ljava/lang/Object; java.desktop@9.0.4 (5 bytes) @ 0x000002286d79e540 [0x000002286d79e2e0+0x0000000000000260]
v  ~StubRoutines::call_stub
J 4308  java.security.AccessController.doPrivileged(Ljava/security/PrivilegedAction;Ljava/security/AccessControlContext;)Ljava/lang/Object; java.base@9.0.4 (0 bytes) @ 0x000002286cad7ec6 [0x000002286cad7e60+0x0000000000000066]
J 13037 c2 java.awt.EventQueue.dispatchEvent(Ljava/awt/AWTEvent;)V java.desktop@9.0.4 (80 bytes) @ 0x000002286d2a7140 [0x000002286d2a6dc0+0x0000000000000380]
J 13039 c2 ui.frmwork.b.d.dispatchEvent(Ljava/awt/AWTEvent;)V (34 bytes) @ 0x000002286d2a805c [0x000002286d2a7f60+0x00000000000000fc]
J 13412 c2 java.awt.EventDispatchThread.pumpOneEventForFilters(I)V java.desktop@9.0.4 (218 bytes) @ 0x000002286d381e74 [0x000002286d381a80+0x00000000000003f4]
j  java.awt.EventDispatchThread.pumpEventsForFilter(ILjava/awt/Conditional;Ljava/awt/EventFilter;)V+35 java.desktop@9.0.4
j  java.awt.EventDispatchThread.pumpEventsForHierarchy(ILjava/awt/Conditional;Ljava/awt/Component;)V+11 java.desktop@9.0.4
j  java.awt.EventDispatchThread.pumpEvents(ILjava/awt/Conditional;)V+4 java.desktop@9.0.4
j  java.awt.EventDispatchThread.pumpEvents(Ljava/awt/Conditional;)V+3 java.desktop@9.0.4
j  java.awt.EventDispatchThread.run()V+9 java.desktop@9.0.4
v  ~StubRoutines::call_stub

siginfo: EXCEPTION_ACCESS_VIOLATION (0xc0000005), reading address 0x0000000000000044


Register to memory mapping:

RIP=0x00007ffa94c31439 is an unknown value
RAX=0x0000022804de4270 is an unknown value
RBX=0x000002287b16bf00 is an unknown value
RCX=0x0000000000000000 is an unknown value
RDX=0x000002287acd8320 is an unknown value
RSP=0x000000af761f4d00 is pointing into the stack for thread: 0x00000228798a3000
RBP=0x000000af761f4ea0 is pointing into the stack for thread: 0x00000228798a3000
RSI=0x0000000000000000 is an unknown value
RDI=0x000000af761f4e60 is pointing into the stack for thread: 0x00000228798a3000
R8 =0x000000af761f4da0 is pointing into the stack for thread: 0x00000228798a3000
R9 =0x0000000000000018 is an unknown value
R10=0x0000000000000000 is an unknown value
R11=0x0004040000000002 is an unknown value
R12=0x000002287ca3b370 is an unknown value
R13=0x0000000000000001 is an unknown value
R14=0x000002287acd8320 is an unknown value
R15=0x000000af761f4da0 is pointing into the stack for thread: 0x00000228798a3000


Registers:
RAX=0x0000022804de4270, RBX=0x000002287b16bf00, RCX=0x0000000000000000, RDX=0x000002287acd8320
RSP=0x000000af761f4d00, RBP=0x000000af761f4ea0, RSI=0x0000000000000000, RDI=0x000000af761f4e60
R8 =0x000000af761f4da0, R9 =0x0000000000000018, R10=0x0000000000000000, R11=0x0004040000000002
R12=0x000002287ca3b370, R13=0x0000000000000001, R14=0x000002287acd8320, R15=0x000000af761f4da0
RIP=0x00007ffa94c31439, EFLAGS=0x0000000000010206

Top of Stack: (sp=0x000000af761f4d00)
0x000000af761f4d00:   000000af761f5430 0000000000000000
0x000000af761f4d10:   0000000000000000 000002287ca3b370
0x000000af761f4d20:   000002287b16bf00 0000000000000002
0x000000af761f4d30:   fffffffffffffffe 00007ffb1a3000a6
0x000000af761f4d40:   0000000000000000 00000000000004f8
0x000000af761f4d50:   000000af761f5430 0000000000007000
0x000000af761f4d60:   000000af761f4e60 00007ffa94c45107
0x000000af761f4d70:   00000000000004f8 000002287b16bf00
0x000000af761f4d80:   0000022804de4270 000002287da1ad78
0x000000af761f4d90:   000002287b16bf00 00007ffa94c44e12
0x000000af761f4da0:   000002287b16bf00 000002287da1ad50
0x000000af761f4db0:   0000000000000002 000002287da1ad50
0x000000af761f4dc0:   000002287da1ad50 0000000000000000
0x000000af761f4dd0:   0000000000000000 000002287ca3b370
0x000000af761f4de0:   000002287d8a7290 000002287da1ad00
0x000000af761f4df0:   0000000000000001 0000001300000000 

Instructions: (pc=0x00007ffa94c31439)
0x00007ffa94c31419:   50 48 c7 44 24 30 fe ff ff ff 48 89 5c 24 78 48
0x00007ffa94c31429:   89 b4 24 80 00 00 00 4d 8b f8 4c 8b f2 48 8b f1
0x00007ffa94c31439:   83 79 44 00 75 07 33 c0 e9 da 00 00 00 33 db 39
0x00007ffa94c31449:   59 44 75 04 8b c3 eb 06 48 8b 41 48 8b 00 8b d0 



---------------  P R O C E S S  ---------------

Java Threads: ( => current thread )
  0x0000022805596800 JavaThread "Relaunch Simulation" [_thread_blocked, id=2900, stack(0x000000af79b00000,0x000000af7a000000)]
  0x0000022805595000 JavaThread "SyntheticaAnimation 50" daemon [_thread_blocked, id=10408, stack(0x000000af7b400000,0x000000af7b900000)]
  0x0000022805594000 JavaThread "Monitor File Timestamp Swing Worker" [_thread_blocked, id=1744, stack(0x000000af7aa00000,0x000000af7af00000)]
  0x00000228544f9000 JavaThread "Timer-0" [_thread_blocked, id=1480, stack(0x000000af7a500000,0x000000af7aa00000)]
  0x00000228544f7800 JavaThread "Image Animator 3" daemon [_thread_blocked, id=12428, stack(0x000000af78c00000,0x000000af79100000)]
  0x00000228544fc000 JavaThread "Update Runs Swing Worker" [_thread_blocked, id=1448, stack(0x000000af7a000000,0x000000af7a500000)]
  0x00000228544fa800 JavaThread "hw_ila_monitor" [_thread_blocked, id=6708, stack(0x000000af79600000,0x000000af79b00000)]
  0x00000228544fa000 JavaThread "Refresh Filesets Swing Worker" [_thread_blocked, id=6552, stack(0x000000af78700000,0x000000af78c00000)]
  0x00000228577ed000 JavaThread "SyntheticaAnimation 70" daemon [_thread_blocked, id=9908, stack(0x000000af78200000,0x000000af78700000)]
  0x00000228577eb000 JavaThread "Swing-Shell" daemon [_thread_blocked, id=8404, stack(0x000000af77900000,0x000000af77e00000)]
  0x00000228577e9800 JavaThread "SyntheticaAnimation 25" daemon [_thread_blocked, id=7392, stack(0x000000af75300000,0x000000af75800000)]
  0x00000228577e6800 JavaThread "SyntheticaAnimation 50" daemon [_thread_blocked, id=9336, stack(0x000000af77400000,0x000000af77900000)]
  0x00000228577e7000 JavaThread "Monitor HEventQueue" [_thread_blocked, id=8468, stack(0x000000af76700000,0x000000af76c00000)]
  0x00000228577e8800 JavaThread "SyntheticaCleanerThread" daemon [_thread_blocked, id=10688, stack(0x000000af76c00000,0x000000af77100000)]
  0x00000228577e8000 JavaThread "Batik CleanerThread" daemon [_thread_blocked, id=8464, stack(0x000000af75800000,0x000000af75d00000)]
  0x000002287aa60800 JavaThread "Process Messages" [_thread_blocked, id=11812, stack(0x000000af76200000,0x000000af76700000)]
  0x000002287929c000 JavaThread "Thread-1" [_thread_in_native, id=11296, stack(0x000000af6eb00000,0x000000af6ff00000)]
=>0x00000228798a3000 JavaThread "AWT-EventQueue-0" [_thread_in_native, id=7076, stack(0x000000af75d00000,0x000000af76200000)]
  0x000002287aa8a800 JavaThread "AWT-Shutdown" [_thread_blocked, id=11616, stack(0x000000af74400000,0x000000af74900000)]
  0x000002287969d000 JavaThread "TimerQueue" daemon [_thread_blocked, id=3264, stack(0x000000af74e00000,0x000000af75300000)]
  0x00000228552e3800 JavaThread "AWT-Windows" daemon [_thread_in_native, id=11308, stack(0x000000af74900000,0x000000af74e00000)]
  0x000002285e25e000 JavaThread "Java2D Disposer" daemon [_thread_blocked, id=11340, stack(0x000000af73f00000,0x000000af74400000)]
  0x0000022857835800 JavaThread "Service Thread" daemon [_thread_blocked, id=1940, stack(0x000000af73900000,0x000000af73e00000)]
  0x000002285d6a6800 JavaThread "Common-Cleaner" daemon [_thread_blocked, id=12056, stack(0x000000af73400000,0x000000af73900000)]
  0x00000228577ea000 JavaThread "Sweeper thread" daemon [_thread_blocked, id=12060, stack(0x000000af72f00000,0x000000af73400000)]
  0x000002285d6a5000 JavaThread "C1 CompilerThread3" daemon [_thread_blocked, id=12068, stack(0x000000af72e00000,0x000000af72f00000)]
  0x000002285d6a4800 JavaThread "C2 CompilerThread2" daemon [_thread_blocked, id=12100, stack(0x000000af72d00000,0x000000af72e00000)]
  0x000002285d68e800 JavaThread "C2 CompilerThread1" daemon [_thread_blocked, id=12104, stack(0x000000af72c00000,0x000000af72d00000)]
  0x000002285d68e000 JavaThread "C2 CompilerThread0" daemon [_thread_blocked, id=12112, stack(0x000000af72b00000,0x000000af72c00000)]
  0x000002285d68d000 JavaThread "Attach Listener" daemon [_thread_blocked, id=12048, stack(0x000000af72600000,0x000000af72b00000)]
  0x000002285d68c800 JavaThread "Signal Dispatcher" daemon [_thread_blocked, id=12156, stack(0x000000af72100000,0x000000af72600000)]
  0x000002285404b000 JavaThread "Finalizer" daemon [_thread_blocked, id=12160, stack(0x000000af71c00000,0x000000af72100000)]
  0x00000228551f4800 JavaThread "Reference Handler" daemon [_thread_blocked, id=12192, stack(0x000000af71700000,0x000000af71c00000)]
  0x0000022857867800 JavaThread "main" [_thread_blocked, id=2404, stack(0x000000af70100000,0x000000af70200000)]

Other Threads:
  0x0000022857f64800 VMThread "VM Thread" [stack: 0x000000af71600000,0x000000af71700000] [id=12188]
  0x000002285daee000 WatcherThread [stack: 0x000000af73e00000,0x000000af73f00000] [id=11392]
  0x000002285781e800 GCTaskThread "GC Thread#0" [stack: 0x000000af70200000,0x000000af70300000] [id=6140]
  0x000002285781f000 GCTaskThread "GC Thread#1" [stack: 0x000000af70300000,0x000000af70400000] [id=10436]
  0x0000022857822000 GCTaskThread "GC Thread#2" [stack: 0x000000af70400000,0x000000af70500000] [id=10444]
  0x0000022857821000 GCTaskThread "GC Thread#3" [stack: 0x000000af70500000,0x000000af70600000] [id=10440]
  0x0000022857821800 GCTaskThread "GC Thread#4" [stack: 0x000000af70600000,0x000000af70700000] [id=6108]
  0x000002285781b800 GCTaskThread "GC Thread#5" [stack: 0x000000af70700000,0x000000af70800000] [id=6104]
  0x000002285781c800 GCTaskThread "GC Thread#6" [stack: 0x000000af70800000,0x000000af70900000] [id=12084]
  0x000002285781d000 GCTaskThread "GC Thread#7" [stack: 0x000000af70900000,0x000000af70a00000] [id=11796]
  0x000002285db1a800 ConcurrentGCThread "G1 Main Marker" [stack: 0x000000af71300000,0x000000af71400000] [id=12180]
  0x000002285781c000 ConcurrentGCThread "G1 Marker#0" [stack: 0x000000af71400000,0x000000af71500000] [id=12176]
  0x0000022857820800 ConcurrentGCThread "G1 Marker#1" [stack: 0x000000af71500000,0x000000af71600000] [id=12172]
  0x0000022857826000 ConcurrentGCThread "G1 Refine#0" [stack: 0x000000af71100000,0x000000af71200000] [id=12052]
  0x000002285db46800 ConcurrentGCThread "G1 Refine#1" [stack: 0x000000af71000000,0x000000af71100000] [id=10956]
  0x000002285de69800 ConcurrentGCThread "G1 Refine#2" [stack: 0x000000af70f00000,0x000000af71000000] [id=12092]
  0x000002285dc8b000 ConcurrentGCThread "G1 Refine#3" [stack: 0x000000af70e00000,0x000000af70f00000] [id=12140]
  0x000002285dc8a800 ConcurrentGCThread "G1 Refine#4" [stack: 0x000000af70d00000,0x000000af70e00000] [id=12144]
  0x000002285778b000 ConcurrentGCThread "G1 Refine#5" [stack: 0x000000af70c00000,0x000000af70d00000] [id=6992]
  0x000002285778a800 ConcurrentGCThread "G1 Refine#6" [stack: 0x000000af70b00000,0x000000af70c00000] [id=10352]
  0x0000022857d41000 ConcurrentGCThread "G1 Refine#7" [stack: 0x000000af70a00000,0x000000af70b00000] [id=12128]
  0x000002285e24e800 ConcurrentGCThread "G1 Young RemSet Sampling" [stack: 0x000000af71200000,0x000000af71300000] [id=12184]

Threads with active compile tasks:

VM state:not at safepoint (normal execution)

VM Mutex/Monitor currently owned by a thread: None

Heap address: 0x0000000700000000, size: 3072 MB, Compressed Oops mode: Zero based, Oop shift amount: 3
Narrow klass base: 0x0000000000000000, Narrow klass shift: 3
Compressed class space size: 1073741824 Address: 0x00000007c0000000

Heap:
 garbage-first heap   total 155648K, used 104851K [0x0000000700000000, 0x00000007001004c0, 0x00000007c0000000)
  region size 1024K, 40 young (40960K), 2 survivors (2048K)
 Metaspace       used 81326K, capacity 87019K, committed 87216K, reserved 1124352K
  class space    used 11215K, capacity 12198K, committed 12208K, reserved 1048576K
Heap Regions: E=young(eden), S=young(survivor), O=old, HS=humongous(starts), HC=humongous(continues), CS=collection set, F=free, A=archive, TS=gc time stamp, AC=allocation context, TAMS=top-at-mark-start (previous, next)
|   0|0x0000000700000000, 0x00000007000f9c58, 0x0000000700100000| 97%| O|  |TS  0|AC  0|TAMS 0x0000000700000000, 0x0000000700000000|
|   1|0x0000000700100000, 0x0000000700200000, 0x0000000700200000|100%|HS|  |TS  0|AC  0|TAMS 0x0000000700100000, 0x0000000700100000|
|   2|0x0000000700200000, 0x0000000700300000, 0x0000000700300000|100%|HC|  |TS  0|AC  0|TAMS 0x0000000700200000, 0x0000000700200000|
|   3|0x0000000700300000, 0x0000000700400000, 0x0000000700400000|100%|HS|  |TS  0|AC  0|TAMS 0x0000000700300000, 0x0000000700300000|
|   4|0x0000000700400000, 0x00000007004e8620, 0x0000000700500000| 90%| O|  |TS  0|AC  0|TAMS 0x0000000700400000, 0x0000000700400000|
|   5|0x0000000700500000, 0x00000007005e6208, 0x0000000700600000| 89%| O|  |TS  0|AC  0|TAMS 0x0000000700500000, 0x0000000700500000|
|   6|0x0000000700600000, 0x0000000700700000, 0x0000000700700000|100%| O|  |TS  0|AC  0|TAMS 0x0000000700600000, 0x0000000700600000|
|   7|0x0000000700700000, 0x0000000700800000, 0x0000000700800000|100%| O|  |TS  0|AC  0|TAMS 0x0000000700700000, 0x0000000700700000|
|   8|0x0000000700800000, 0x00000007008fffc8, 0x0000000700900000| 99%| O|  |TS  0|AC  0|TAMS 0x0000000700800000, 0x0000000700800000|
|   9|0x0000000700900000, 0x00000007009ffb70, 0x0000000700a00000| 99%| O|  |TS  0|AC  0|TAMS 0x0000000700900000, 0x0000000700900000|
|  10|0x0000000700a00000, 0x0000000700afceb0, 0x0000000700b00000| 98%| O|  |TS  0|AC  0|TAMS 0x0000000700a00000, 0x0000000700a00000|
|  11|0x0000000700b00000, 0x0000000700bfffd8, 0x0000000700c00000| 99%| O|  |TS  0|AC  0|TAMS 0x0000000700b00000, 0x0000000700b00000|
|  12|0x0000000700c00000, 0x0000000700cfd640, 0x0000000700d00000| 98%| O|  |TS  0|AC  0|TAMS 0x0000000700c00000, 0x0000000700c00000|
|  13|0x0000000700d00000, 0x0000000700dfba90, 0x0000000700e00000| 98%| O|  |TS  0|AC  0|TAMS 0x0000000700d00000, 0x0000000700d00000|
|  14|0x0000000700e00000, 0x0000000700eeb420, 0x0000000700f00000| 91%| O|  |TS  0|AC  0|TAMS 0x0000000700e00000, 0x0000000700e00000|
|  15|0x0000000700f00000, 0x0000000700ff7c58, 0x0000000701000000| 96%| O|  |TS  0|AC  0|TAMS 0x0000000700f00000, 0x0000000700f00000|
|  16|0x0000000701000000, 0x00000007010ffff0, 0x0000000701100000| 99%| O|  |TS  0|AC  0|TAMS 0x0000000701000000, 0x0000000701000000|
|  17|0x0000000701100000, 0x00000007011fffe8, 0x0000000701200000| 99%| O|  |TS  0|AC  0|TAMS 0x0000000701100000, 0x0000000701100000|
|  18|0x0000000701200000, 0x000000070129d9c8, 0x0000000701300000| 61%| O|  |TS  0|AC  0|TAMS 0x0000000701200000, 0x0000000701200000|
|  19|0x0000000701300000, 0x00000007013ffa48, 0x0000000701400000| 99%| O|  |TS  0|AC  0|TAMS 0x0000000701300000, 0x0000000701300000|
|  20|0x0000000701400000, 0x00000007014fffe8, 0x0000000701500000| 99%| O|  |TS  0|AC  0|TAMS 0x0000000701400000, 0x0000000701400000|
|  21|0x0000000701500000, 0x00000007015fffd0, 0x0000000701600000| 99%| O|  |TS  0|AC  0|TAMS 0x0000000701500000, 0x0000000701500000|
|  22|0x0000000701600000, 0x0000000701700000, 0x0000000701700000|100%| O|  |TS  0|AC  0|TAMS 0x0000000701600000, 0x0000000701600000|
|  23|0x0000000701700000, 0x00000007017fffe0, 0x0000000701800000| 99%| O|  |TS  0|AC  0|TAMS 0x0000000701700000, 0x0000000701700000|
|  24|0x0000000701800000, 0x00000007018fffe0, 0x0000000701900000| 99%| O|  |TS  0|AC  0|TAMS 0x0000000701800000, 0x0000000701800000|
|  25|0x0000000701900000, 0x00000007019ffff0, 0x0000000701a00000| 99%| O|  |TS  0|AC  0|TAMS 0x0000000701900000, 0x0000000701900000|
|  26|0x0000000701a00000, 0x0000000701afffe0, 0x0000000701b00000| 99%| O|  |TS  0|AC  0|TAMS 0x0000000701a00000, 0x0000000701a00000|
|  27|0x0000000701b00000, 0x0000000701bfdbc0, 0x0000000701c00000| 99%| O|  |TS  0|AC  0|TAMS 0x0000000701b00000, 0x0000000701b00000|
|  28|0x0000000701c00000, 0x0000000701cfd968, 0x0000000701d00000| 99%| O|  |TS  0|AC  0|TAMS 0x0000000701c00000, 0x0000000701c00000|
|  29|0x0000000701d00000, 0x0000000701dffff8, 0x0000000701e00000| 99%| O|  |TS  0|AC  0|TAMS 0x0000000701d00000, 0x0000000701d00000|
|  30|0x0000000701e00000, 0x0000000701effff8, 0x0000000701f00000| 99%| O|  |TS  0|AC  0|TAMS 0x0000000701e00000, 0x0000000701e00000|
|  31|0x0000000701f00000, 0x0000000701ffffe8, 0x0000000702000000| 99%| O|  |TS  0|AC  0|TAMS 0x0000000701f00000, 0x0000000701f00000|
|  32|0x0000000702000000, 0x00000007020fffd8, 0x0000000702100000| 99%| O|  |TS  0|AC  0|TAMS 0x0000000702000000, 0x0000000702000000|
|  33|0x0000000702100000, 0x00000007021ebc08, 0x0000000702200000| 92%| O|  |TS  0|AC  0|TAMS 0x0000000702100000, 0x0000000702100000|
|  34|0x0000000702200000, 0x00000007022fff98, 0x0000000702300000| 99%| O|  |TS  0|AC  0|TAMS 0x0000000702200000, 0x0000000702200000|
|  35|0x0000000702300000, 0x00000007023ffe20, 0x0000000702400000| 99%| O|  |TS  0|AC  0|TAMS 0x0000000702300000, 0x0000000702300000|
|  36|0x0000000702400000, 0x00000007024ffff0, 0x0000000702500000| 99%| O|  |TS  0|AC  0|TAMS 0x0000000702400000, 0x0000000702400000|
|  37|0x0000000702500000, 0x00000007025fd5b0, 0x0000000702600000| 98%| O|  |TS  0|AC  0|TAMS 0x0000000702500000, 0x0000000702500000|
|  38|0x0000000702600000, 0x00000007026fffd8, 0x0000000702700000| 99%| O|  |TS  0|AC  0|TAMS 0x0000000702600000, 0x0000000702600000|
|  39|0x0000000702700000, 0x00000007027ffff8, 0x0000000702800000| 99%| O|  |TS  0|AC  0|TAMS 0x0000000702700000, 0x0000000702700000|
|  40|0x0000000702800000, 0x00000007028ffff8, 0x0000000702900000| 99%| O|  |TS  0|AC  0|TAMS 0x0000000702800000, 0x0000000702800000|
|  41|0x0000000702900000, 0x00000007029ffff0, 0x0000000702a00000| 99%| O|  |TS  0|AC  0|TAMS 0x0000000702900000, 0x0000000702900000|
|  42|0x0000000702a00000, 0x0000000702afff10, 0x0000000702b00000| 99%| O|  |TS  0|AC  0|TAMS 0x0000000702a00000, 0x0000000702a00000|
|  43|0x0000000702b00000, 0x0000000702c00000, 0x0000000702c00000|100%|HS|  |TS  0|AC  0|TAMS 0x0000000702b00000, 0x0000000702b00000|
|  44|0x0000000702c00000, 0x0000000702d00000, 0x0000000702d00000|100%|HC|  |TS  0|AC  0|TAMS 0x0000000702c00000, 0x0000000702c00000|
|  45|0x0000000702d00000, 0x0000000702e00000, 0x0000000702e00000|100%|HC|  |TS  0|AC  0|TAMS 0x0000000702d00000, 0x0000000702d00000|
|  46|0x0000000702e00000, 0x0000000702f00000, 0x0000000702f00000|100%|HC|  |TS  0|AC  0|TAMS 0x0000000702e00000, 0x0000000702e00000|
|  47|0x0000000702f00000, 0x0000000703000000, 0x0000000703000000|100%|HC|  |TS  0|AC  0|TAMS 0x0000000702f00000, 0x0000000702f00000|
|  48|0x0000000703000000, 0x0000000703100000, 0x0000000703100000|100%|HC|  |TS  0|AC  0|TAMS 0x0000000703000000, 0x0000000703000000|
|  49|0x0000000703100000, 0x0000000703200000, 0x0000000703200000|100%|HC|  |TS  0|AC  0|TAMS 0x0000000703100000, 0x0000000703100000|
|  50|0x0000000703200000, 0x0000000703300000, 0x0000000703300000|100%|HC|  |TS  0|AC  0|TAMS 0x0000000703200000, 0x0000000703200000|
|  51|0x0000000703300000, 0x00000007033ffff8, 0x0000000703400000| 99%| O|  |TS  0|AC  0|TAMS 0x0000000703300000, 0x0000000703300000|
|  52|0x0000000703400000, 0x00000007034ffff0, 0x0000000703500000| 99%| O|  |TS  0|AC  0|TAMS 0x0000000703400000, 0x0000000703400000|
|  53|0x0000000703500000, 0x0000000703600000, 0x0000000703600000|100%| O|  |TS  0|AC  0|TAMS 0x0000000703500000, 0x0000000703500000|
|  54|0x0000000703600000, 0x00000007036ffff0, 0x0000000703700000| 99%| O|  |TS  0|AC  0|TAMS 0x0000000703600000, 0x0000000703600000|
|  55|0x0000000703700000, 0x00000007037ffff0, 0x0000000703800000| 99%| O|  |TS  0|AC  0|TAMS 0x0000000703700000, 0x0000000703700000|
|  56|0x0000000703800000, 0x00000007038fffd8, 0x0000000703900000| 99%| O|  |TS  0|AC  0|TAMS 0x0000000703800000, 0x0000000703800000|
|  57|0x0000000703900000, 0x00000007039fa440, 0x0000000703a00000| 97%| O|  |TS  0|AC  0|TAMS 0x0000000703900000, 0x0000000703900000|
|  58|0x0000000703a00000, 0x0000000703afffe8, 0x0000000703b00000| 99%| O|  |TS  0|AC  0|TAMS 0x0000000703a00000, 0x0000000703a00000|
|  59|0x0000000703b00000, 0x0000000703bffff8, 0x0000000703c00000| 99%| O|  |TS  0|AC  0|TAMS 0x0000000703b00000, 0x0000000703b00000|
|  60|0x0000000703c00000, 0x0000000703cfff78, 0x0000000703d00000| 99%| O|  |TS  0|AC  0|TAMS 0x0000000703c00000, 0x0000000703c00000|
|  61|0x0000000703d00000, 0x0000000703dfffd8, 0x0000000703e00000| 99%| O|  |TS  0|AC  0|TAMS 0x0000000703d00000, 0x0000000703d00000|
|  62|0x0000000703e00000, 0x0000000703ebfe30, 0x0000000703f00000| 74%| O|  |TS  0|AC  0|TAMS 0x0000000703e00000, 0x0000000703e00000|
|  63|0x0000000703f00000, 0x0000000703f42a00, 0x0000000704000000| 26%| O|  |TS 51|AC  0|TAMS 0x0000000703f00000, 0x0000000703f00000|
|  64|0x0000000704000000, 0x0000000704100000, 0x0000000704100000|100%|HS|  |TS  0|AC  0|TAMS 0x0000000704000000, 0x0000000704000000|
|  65|0x0000000704100000, 0x0000000704200000, 0x0000000704200000|100%|HC|  |TS  0|AC  0|TAMS 0x0000000704100000, 0x0000000704100000|
|  66|0x0000000704200000, 0x0000000704200000, 0x0000000704300000|  0%| F|  |TS  0|AC  0|TAMS 0x0000000704200000, 0x0000000704200000|
|  67|0x0000000704300000, 0x0000000704300000, 0x0000000704400000|  0%| F|  |TS  0|AC  0|TAMS 0x0000000704300000, 0x0000000704300000|
|  68|0x0000000704400000, 0x0000000704400000, 0x0000000704500000|  0%| F|  |TS  0|AC  0|TAMS 0x0000000704400000, 0x0000000704400000|
|  69|0x0000000704500000, 0x0000000704500000, 0x0000000704600000|  0%| F|  |TS  0|AC  0|TAMS 0x0000000704500000, 0x0000000704500000|
|  70|0x0000000704600000, 0x0000000704600000, 0x0000000704700000|  0%| F|  |TS  0|AC  0|TAMS 0x0000000704600000, 0x0000000704600000|
|  71|0x0000000704700000, 0x0000000704700000, 0x0000000704800000|  0%| F|  |TS  0|AC  0|TAMS 0x0000000704700000, 0x0000000704700000|
|  72|0x0000000704800000, 0x0000000704800000, 0x0000000704900000|  0%| F|  |TS  0|AC  0|TAMS 0x0000000704800000, 0x0000000704800000|
|  73|0x0000000704900000, 0x0000000704900000, 0x0000000704a00000|  0%| F|  |TS  0|AC  0|TAMS 0x0000000704900000, 0x0000000704900000|
|  74|0x0000000704a00000, 0x0000000704a00000, 0x0000000704b00000|  0%| F|  |TS  0|AC  0|TAMS 0x0000000704a00000, 0x0000000704a00000|
|  75|0x0000000704b00000, 0x0000000704b00000, 0x0000000704c00000|  0%| F|  |TS  0|AC  0|TAMS 0x0000000704b00000, 0x0000000704b00000|
|  76|0x0000000704c00000, 0x0000000704c00000, 0x0000000704d00000|  0%| F|  |TS  0|AC  0|TAMS 0x0000000704c00000, 0x0000000704c00000|
|  77|0x0000000704d00000, 0x0000000704d00000, 0x0000000704e00000|  0%| F|  |TS  0|AC  0|TAMS 0x0000000704d00000, 0x0000000704d00000|
|  78|0x0000000704e00000, 0x0000000704e00000, 0x0000000704f00000|  0%| F|  |TS  0|AC  0|TAMS 0x0000000704e00000, 0x0000000704e00000|
|  79|0x0000000704f00000, 0x0000000704f00000, 0x0000000705000000|  0%| F|  |TS  0|AC  0|TAMS 0x0000000704f00000, 0x0000000704f00000|
|  80|0x0000000705000000, 0x0000000705000000, 0x0000000705100000|  0%| F|  |TS  0|AC  0|TAMS 0x0000000705000000, 0x0000000705000000|
|  81|0x0000000705100000, 0x0000000705100000, 0x0000000705200000|  0%| F|  |TS  0|AC  0|TAMS 0x0000000705100000, 0x0000000705100000|
|  82|0x0000000705200000, 0x0000000705200000, 0x0000000705300000|  0%| F|  |TS  0|AC  0|TAMS 0x0000000705200000, 0x0000000705200000|
|  83|0x0000000705300000, 0x0000000705300000, 0x0000000705400000|  0%| F|  |TS  0|AC  0|TAMS 0x0000000705300000, 0x0000000705300000|
|  84|0x0000000705400000, 0x0000000705400000, 0x0000000705500000|  0%| F|  |TS  0|AC  0|TAMS 0x0000000705400000, 0x0000000705400000|
|  85|0x0000000705500000, 0x0000000705500000, 0x0000000705600000|  0%| F|  |TS  0|AC  0|TAMS 0x0000000705500000, 0x0000000705500000|
|  86|0x0000000705600000, 0x0000000705600000, 0x0000000705700000|  0%| F|  |TS  0|AC  0|TAMS 0x0000000705600000, 0x0000000705600000|
|  87|0x0000000705700000, 0x0000000705700000, 0x0000000705800000|  0%| F|  |TS  0|AC  0|TAMS 0x0000000705700000, 0x0000000705700000|
|  88|0x0000000705800000, 0x0000000705800000, 0x0000000705900000|  0%| F|  |TS  0|AC  0|TAMS 0x0000000705800000, 0x0000000705800000|
|  89|0x0000000705900000, 0x0000000705900000, 0x0000000705a00000|  0%| F|  |TS  0|AC  0|TAMS 0x0000000705900000, 0x0000000705900000|
|  90|0x0000000705a00000, 0x0000000705a45de0, 0x0000000705b00000| 27%| S|CS|TS 51|AC  0|TAMS 0x0000000705a00000, 0x0000000705a00000|
|  91|0x0000000705b00000, 0x0000000705b00000, 0x0000000705c00000|  0%| F|  |TS 51|AC  0|TAMS 0x0000000705b00000, 0x0000000705b00000|
|  92|0x0000000705c00000, 0x0000000705d00000, 0x0000000705d00000|100%| S|CS|TS 51|AC  0|TAMS 0x0000000705c00000, 0x0000000705c00000|
|  93|0x0000000705d00000, 0x0000000705d00000, 0x0000000705e00000|  0%| F|  |TS 51|AC  0|TAMS 0x0000000705d00000, 0x0000000705d00000|
|  94|0x0000000705e00000, 0x0000000705e00000, 0x0000000705f00000|  0%| F|  |TS 51|AC  0|TAMS 0x0000000705e00000, 0x0000000705e00000|
|  95|0x0000000705f00000, 0x0000000705f00000, 0x0000000706000000|  0%| F|  |TS 51|AC  0|TAMS 0x0000000705f00000, 0x0000000705f00000|
|  96|0x0000000706000000, 0x0000000706000000, 0x0000000706100000|  0%| F|  |TS 51|AC  0|TAMS 0x0000000706000000, 0x0000000706000000|
|  97|0x0000000706100000, 0x0000000706100000, 0x0000000706200000|  0%| F|  |TS 51|AC  0|TAMS 0x0000000706100000, 0x0000000706100000|
|  98|0x0000000706200000, 0x0000000706200000, 0x0000000706300000|  0%| F|  |TS 51|AC  0|TAMS 0x0000000706200000, 0x0000000706200000|
|  99|0x0000000706300000, 0x0000000706300000, 0x0000000706400000|  0%| F|  |TS 51|AC  0|TAMS 0x0000000706300000, 0x0000000706300000|
| 100|0x0000000706400000, 0x0000000706400000, 0x0000000706500000|  0%| F|  |TS 51|AC  0|TAMS 0x0000000706400000, 0x0000000706400000|
| 101|0x0000000706500000, 0x0000000706500000, 0x0000000706600000|  0%| F|  |TS 51|AC  0|TAMS 0x0000000706500000, 0x0000000706500000|
| 102|0x0000000706600000, 0x0000000706600000, 0x0000000706700000|  0%| F|  |TS 51|AC  0|TAMS 0x0000000706600000, 0x0000000706600000|
| 103|0x0000000706700000, 0x0000000706700000, 0x0000000706800000|  0%| F|  |TS 51|AC  0|TAMS 0x0000000706700000, 0x0000000706700000|
| 104|0x0000000706800000, 0x0000000706800000, 0x0000000706900000|  0%| F|  |TS 51|AC  0|TAMS 0x0000000706800000, 0x0000000706800000|
| 105|0x0000000706900000, 0x0000000706900000, 0x0000000706a00000|  0%| F|  |TS 51|AC  0|TAMS 0x0000000706900000, 0x0000000706900000|
| 106|0x0000000706a00000, 0x0000000706a00000, 0x0000000706b00000|  0%| F|  |TS 51|AC  0|TAMS 0x0000000706a00000, 0x0000000706a00000|
| 107|0x0000000706b00000, 0x0000000706b00000, 0x0000000706c00000|  0%| F|  |TS 51|AC  0|TAMS 0x0000000706b00000, 0x0000000706b00000|
| 108|0x0000000706c00000, 0x0000000706c00000, 0x0000000706d00000|  0%| F|  |TS 51|AC  0|TAMS 0x0000000706c00000, 0x0000000706c00000|
| 109|0x0000000706d00000, 0x0000000706d00000, 0x0000000706e00000|  0%| F|  |TS 51|AC  0|TAMS 0x0000000706d00000, 0x0000000706d00000|
| 110|0x0000000706e00000, 0x0000000706e00000, 0x0000000706f00000|  0%| F|  |TS 51|AC  0|TAMS 0x0000000706e00000, 0x0000000706e00000|
| 111|0x0000000706f00000, 0x0000000706f00000, 0x0000000707000000|  0%| F|  |TS 51|AC  0|TAMS 0x0000000706f00000, 0x0000000706f00000|
| 112|0x0000000707000000, 0x0000000707000000, 0x0000000707100000|  0%| F|  |TS 51|AC  0|TAMS 0x0000000707000000, 0x0000000707000000|
| 113|0x0000000707100000, 0x0000000707100000, 0x0000000707200000|  0%| F|  |TS 51|AC  0|TAMS 0x0000000707100000, 0x0000000707100000|
| 114|0x0000000707200000, 0x0000000707215d30, 0x0000000707300000|  8%| E|  |TS 51|AC  0|TAMS 0x0000000707200000, 0x0000000707200000|
| 115|0x0000000707300000, 0x0000000707400000, 0x0000000707400000|100%| E|CS|TS 51|AC  0|TAMS 0x0000000707300000, 0x0000000707300000|
| 116|0x0000000707400000, 0x0000000707500000, 0x0000000707500000|100%| E|CS|TS 51|AC  0|TAMS 0x0000000707400000, 0x0000000707400000|
| 117|0x0000000707500000, 0x0000000707600000, 0x0000000707600000|100%| E|CS|TS 51|AC  0|TAMS 0x0000000707500000, 0x0000000707500000|
| 118|0x0000000707600000, 0x0000000707700000, 0x0000000707700000|100%| E|CS|TS 51|AC  0|TAMS 0x0000000707600000, 0x0000000707600000|
| 119|0x0000000707700000, 0x0000000707800000, 0x0000000707800000|100%| E|CS|TS 51|AC  0|TAMS 0x0000000707700000, 0x0000000707700000|
| 120|0x0000000707800000, 0x0000000707900000, 0x0000000707900000|100%| E|CS|TS 51|AC  0|TAMS 0x0000000707800000, 0x0000000707800000|
| 121|0x0000000707900000, 0x0000000707a00000, 0x0000000707a00000|100%| E|CS|TS 51|AC  0|TAMS 0x0000000707900000, 0x0000000707900000|
| 122|0x0000000707a00000, 0x0000000707b00000, 0x0000000707b00000|100%| E|CS|TS 51|AC  0|TAMS 0x0000000707a00000, 0x0000000707a00000|
| 123|0x0000000707b00000, 0x0000000707c00000, 0x0000000707c00000|100%| E|CS|TS 51|AC  0|TAMS 0x0000000707b00000, 0x0000000707b00000|
| 124|0x0000000707c00000, 0x0000000707d00000, 0x0000000707d00000|100%| E|CS|TS 51|AC  0|TAMS 0x0000000707c00000, 0x0000000707c00000|
| 125|0x0000000707d00000, 0x0000000707e00000, 0x0000000707e00000|100%| E|CS|TS 51|AC  0|TAMS 0x0000000707d00000, 0x0000000707d00000|
| 126|0x0000000707e00000, 0x0000000707f00000, 0x0000000707f00000|100%| E|CS|TS 51|AC  0|TAMS 0x0000000707e00000, 0x0000000707e00000|
| 127|0x0000000707f00000, 0x0000000708000000, 0x0000000708000000|100%| E|CS|TS 51|AC  0|TAMS 0x0000000707f00000, 0x0000000707f00000|
| 128|0x0000000708000000, 0x0000000708100000, 0x0000000708100000|100%| E|CS|TS 51|AC  0|TAMS 0x0000000708000000, 0x0000000708000000|
| 129|0x0000000708100000, 0x0000000708200000, 0x0000000708200000|100%| E|CS|TS 51|AC  0|TAMS 0x0000000708100000, 0x0000000708100000|
| 130|0x0000000708200000, 0x0000000708300000, 0x0000000708300000|100%| E|CS|TS 51|AC  0|TAMS 0x0000000708200000, 0x0000000708200000|
| 131|0x0000000708300000, 0x0000000708400000, 0x0000000708400000|100%| E|CS|TS 51|AC  0|TAMS 0x0000000708300000, 0x0000000708300000|
| 132|0x0000000708400000, 0x0000000708500000, 0x0000000708500000|100%| E|CS|TS 51|AC  0|TAMS 0x0000000708400000, 0x0000000708400000|
| 133|0x0000000708500000, 0x0000000708600000, 0x0000000708600000|100%| E|CS|TS 51|AC  0|TAMS 0x0000000708500000, 0x0000000708500000|
| 134|0x0000000708600000, 0x0000000708700000, 0x0000000708700000|100%| E|CS|TS 51|AC  0|TAMS 0x0000000708600000, 0x0000000708600000|
| 135|0x0000000708700000, 0x0000000708800000, 0x0000000708800000|100%| E|CS|TS 51|AC  0|TAMS 0x0000000708700000, 0x0000000708700000|
| 136|0x0000000708800000, 0x0000000708900000, 0x0000000708900000|100%| E|CS|TS 51|AC  0|TAMS 0x0000000708800000, 0x0000000708800000|
| 137|0x0000000708900000, 0x0000000708a00000, 0x0000000708a00000|100%| E|CS|TS 51|AC  0|TAMS 0x0000000708900000, 0x0000000708900000|
| 138|0x0000000708a00000, 0x0000000708b00000, 0x0000000708b00000|100%| E|CS|TS 51|AC  0|TAMS 0x0000000708a00000, 0x0000000708a00000|
| 139|0x0000000708b00000, 0x0000000708c00000, 0x0000000708c00000|100%| E|CS|TS 51|AC  0|TAMS 0x0000000708b00000, 0x0000000708b00000|
| 140|0x0000000708c00000, 0x0000000708d00000, 0x0000000708d00000|100%| E|CS|TS 51|AC  0|TAMS 0x0000000708c00000, 0x0000000708c00000|
| 141|0x0000000708d00000, 0x0000000708e00000, 0x0000000708e00000|100%| E|CS|TS 51|AC  0|TAMS 0x0000000708d00000, 0x0000000708d00000|
| 142|0x0000000708e00000, 0x0000000708f00000, 0x0000000708f00000|100%| E|CS|TS 51|AC  0|TAMS 0x0000000708e00000, 0x0000000708e00000|
| 143|0x0000000708f00000, 0x0000000709000000, 0x0000000709000000|100%| E|CS|TS 51|AC  0|TAMS 0x0000000708f00000, 0x0000000708f00000|
| 144|0x0000000709000000, 0x0000000709100000, 0x0000000709100000|100%| E|CS|TS 51|AC  0|TAMS 0x0000000709000000, 0x0000000709000000|
| 145|0x0000000709100000, 0x0000000709200000, 0x0000000709200000|100%| E|CS|TS 51|AC  0|TAMS 0x0000000709100000, 0x0000000709100000|
| 146|0x0000000709200000, 0x0000000709300000, 0x0000000709300000|100%| E|CS|TS 51|AC  0|TAMS 0x0000000709200000, 0x0000000709200000|
| 147|0x0000000709300000, 0x0000000709400000, 0x0000000709400000|100%| E|CS|TS 51|AC  0|TAMS 0x0000000709300000, 0x0000000709300000|
| 148|0x0000000709400000, 0x0000000709500000, 0x0000000709500000|100%| E|CS|TS 51|AC  0|TAMS 0x0000000709400000, 0x0000000709400000|
| 149|0x0000000709500000, 0x0000000709600000, 0x0000000709600000|100%| E|CS|TS 51|AC  0|TAMS 0x0000000709500000, 0x0000000709500000|
| 150|0x0000000709600000, 0x0000000709700000, 0x0000000709700000|100%| E|CS|TS 51|AC  0|TAMS 0x0000000709600000, 0x0000000709600000|
| 151|0x0000000709700000, 0x0000000709800000, 0x0000000709800000|100%| E|CS|TS 51|AC  0|TAMS 0x0000000709700000, 0x0000000709700000|

Card table byte_map: [0x0000022858570000,0x0000022858b70000] byte_map_base: 0x0000022854d70000

Marking Bits (Prev, Next): (CMBitMap*) 0x000002285db19fa0, (CMBitMap*) 0x000002285db19fd8
 Prev Bits: [0x0000022859170000, 0x000002285c170000)
 Next Bits: [0x0000022873da0000, 0x0000022876da0000)

Polling page: 0x000002284fc20000

CodeHeap 'non-profiled nmethods': size=120000Kb used=16213Kb max_used=16213Kb free=103786Kb
 bounds [0x000002286c870000, 0x000002286d850000, 0x0000022873da0000]
CodeHeap 'profiled nmethods': size=120000Kb used=38441Kb max_used=38441Kb free=81558Kb
 bounds [0x0000022865340000, 0x0000022867900000, 0x000002286c870000]
CodeHeap 'non-nmethods': size=5760Kb used=1755Kb max_used=1808Kb free=4004Kb
 bounds [0x0000022864da0000, 0x0000022865010000, 0x0000022865340000]
 total_blobs=26383 nmethods=15161 adapters=1068
 compilation: enabled

Compilation events (10 events):
Event: 430.734 Thread 0x000002285d6a5000 nmethod 18388 0x00000228678fa190 code [0x00000228678fa380, 0x00000228678fa8c0]
Event: 430.734 Thread 0x000002285d6a5000 18392       3       ui.data.aD::<init> (54 bytes)
Event: 430.735 Thread 0x000002285d6a5000 nmethod 18392 0x00000228678faa90 code [0x00000228678facc0, 0x00000228678fb7c0]
Event: 430.737 Thread 0x000002285d68e800 18393       4       java.awt.Dimension::equals (42 bytes)
Event: 430.738 Thread 0x000002285d68e000 18394       4       javax.swing.tree.VariableHeightLayoutCache::getNode (12 bytes)
Event: 430.739 Thread 0x000002285d6a5000 18395       3       javax.swing.JTree::getScrollableTracksViewportWidth (34 bytes)
Event: 430.740 Thread 0x000002285d68e800 nmethod 18393 0x000002286d842390 code [0x000002286d842520, 0x000002286d8425d8]
Event: 430.742 Thread 0x000002285d6a5000 nmethod 18395 0x00000228678fba90 code [0x00000228678fbca0, 0x00000228678fc550]
Event: 430.744 Thread 0x000002285d68e000 nmethod 18394 0x000002286d842690 code [0x000002286d842820, 0x000002286d842af8]
Event: 430.760 Thread 0x000002285d6a4800 18396   !   4       sun.java2d.pipe.AAShapePipe::renderTiles (314 bytes)

GC Heap History (10 events):
Event: 411.469 GC heap before
{Heap before GC invocations=66 (full 5):
 garbage-first heap   total 155648K, used 126867K [0x0000000700000000, 0x00000007001004c0, 0x00000007c0000000)
  region size 1024K, 60 young (61440K), 1 survivors (1024K)
 Metaspace       used 81204K, capacity 86891K, committed 86960K, reserved 1124352K
  class space    used 11207K, capacity 12198K, committed 12208K, reserved 1048576K
}
Event: 411.482 GC heap after
{Heap after GC invocations=67 (full 5):
 garbage-first heap   total 155648K, used 67097K [0x0000000700000000, 0x00000007001004c0, 0x00000007c0000000)
  region size 1024K, 2 young (2048K), 2 survivors (2048K)
 Metaspace       used 81204K, capacity 86891K, committed 86960K, reserved 1124352K
  class space    used 11207K, capacity 12198K, committed 12208K, reserved 1048576K
}
Event: 415.291 GC heap before
{Heap before GC invocations=67 (full 5):
 garbage-first heap   total 155648K, used 126489K [0x0000000700000000, 0x00000007001004c0, 0x00000007c0000000)
  region size 1024K, 60 young (61440K), 2 survivors (2048K)
 Metaspace       used 81222K, capacity 86891K, committed 86960K, reserved 1124352K
  class space    used 11207K, capacity 12198K, committed 12208K, reserved 1048576K
}
Event: 415.297 GC heap after
{Heap after GC invocations=68 (full 5):
 garbage-first heap   total 155648K, used 67030K [0x0000000700000000, 0x00000007001004c0, 0x00000007c0000000)
  region size 1024K, 2 young (2048K), 2 survivors (2048K)
 Metaspace       used 81222K, capacity 86891K, committed 86960K, reserved 1124352K
  class space    used 11207K, capacity 12198K, committed 12208K, reserved 1048576K
}
Event: 416.470 GC heap before
{Heap before GC invocations=68 (full 5):
 garbage-first heap   total 155648K, used 126422K [0x0000000700000000, 0x00000007001004c0, 0x00000007c0000000)
  region size 1024K, 60 young (61440K), 2 survivors (2048K)
 Metaspace       used 81245K, capacity 86891K, committed 86960K, reserved 1124352K
  class space    used 11207K, capacity 12198K, committed 12208K, reserved 1048576K
}
Event: 416.476 GC heap after
{Heap after GC invocations=69 (full 5):
 garbage-first heap   total 155648K, used 66848K [0x0000000700000000, 0x00000007001004c0, 0x00000007c0000000)
  region size 1024K, 2 young (2048K), 2 survivors (2048K)
 Metaspace       used 81245K, capacity 86891K, committed 86960K, reserved 1124352K
  class space    used 11207K, capacity 12198K, committed 12208K, reserved 1048576K
}
Event: 418.443 GC heap before
{Heap before GC invocations=69 (full 5):
 garbage-first heap   total 155648K, used 126240K [0x0000000700000000, 0x00000007001004c0, 0x00000007c0000000)
  region size 1024K, 60 young (61440K), 2 survivors (2048K)
 Metaspace       used 81250K, capacity 86891K, committed 86960K, reserved 1124352K
  class space    used 11207K, capacity 12198K, committed 12208K, reserved 1048576K
}
Event: 418.450 GC heap after
{Heap after GC invocations=70 (full 5):
 garbage-first heap   total 155648K, used 66765K [0x0000000700000000, 0x00000007001004c0, 0x00000007c0000000)
  region size 1024K, 2 young (2048K), 2 survivors (2048K)
 Metaspace       used 81250K, capacity 86891K, committed 86960K, reserved 1124352K
  class space    used 11207K, capacity 12198K, committed 12208K, reserved 1048576K
}
Event: 424.604 GC heap before
{Heap before GC invocations=70 (full 5):
 garbage-first heap   total 155648K, used 126157K [0x0000000700000000, 0x00000007001004c0, 0x00000007c0000000)
  region size 1024K, 60 young (61440K), 2 survivors (2048K)
 Metaspace       used 81304K, capacity 87019K, committed 87216K, reserved 1124352K
  class space    used 11215K, capacity 12198K, committed 12208K, reserved 1048576K
}
Event: 424.611 GC heap after
{Heap after GC invocations=71 (full 5):
 garbage-first heap   total 155648K, used 66963K [0x0000000700000000, 0x00000007001004c0, 0x00000007c0000000)
  region size 1024K, 2 young (2048K), 2 survivors (2048K)
 Metaspace       used 81304K, capacity 87019K, committed 87216K, reserved 1124352K
  class space    used 11215K, capacity 12198K, committed 12208K, reserved 1048576K
}

Deoptimization events (10 events):
Event: 383.890 Thread 0x00000228798a3000 Uncommon trap: reason=class_check action=maybe_recompile pc=0x000002286d72ec6c method=java.util.Collections$UnmodifiableMap$UnmodifiableEntrySet$UnmodifiableEntry.<init>(Ljava/util/Map$Entry;)V @ 9 c2
Event: 388.018 Thread 0x00000228798a3000 Uncommon trap: reason=speculate_class_check action=maybe_recompile pc=0x000002286d23e8c0 method=java.awt.DefaultKeyboardFocusManager.dispatchEvent(Ljava/awt/AWTEvent;)Z @ 1467 c2
Event: 389.545 Thread 0x00000228798a3000 Uncommon trap: reason=class_check action=maybe_recompile pc=0x000002286d52b224 method=java.awt.Component.dispatchEventImpl(Ljava/awt/AWTEvent;)V @ 195 c2
Event: 399.660 Thread 0x00000228798a3000 Uncommon trap: reason=bimorphic_or_optimized_type_check action=maybe_recompile pc=0x000002286d73f818 method=com.jidesoft.swing.JideSwingUtilities.getButtonState(Ljavax/swing/AbstractButton;)I @ 84 c2
Event: 399.661 Thread 0x00000228798a3000 Uncommon trap: reason=bimorphic_or_optimized_type_check action=maybe_recompile pc=0x000002286d730f28 method=com.jidesoft.plaf.basic.BasicJideButtonUI.getIcon(Ljavax/swing/AbstractButton;)Ljavax/swing/Icon; @ 134 c2
Event: 421.522 Thread 0x00000228798a3000 Uncommon trap: reason=bimorphic_or_optimized_type_check action=maybe_recompile pc=0x000002286cfc99d8 method=java.awt.Component.addNotify()V @ 200 c2
Event: 421.543 Thread 0x00000228798a3000 Uncommon trap: reason=bimorphic_or_optimized_type_check action=maybe_recompile pc=0x000002286d7d4410 method=javax.swing.RepaintManager$4.run()Ljava/lang/Void; @ 91 c2
Event: 421.605 Thread 0x00000228798a3000 Uncommon trap: reason=unstable_if action=reinterpret pc=0x000002286cc14c88 method=javax.swing.JTable.getSelectedRows()[I @ 22 c2
Event: 423.616 Thread 0x00000228798a3000 Uncommon trap: reason=class_check action=maybe_recompile pc=0x000002286d300db0 method=javax.swing.plaf.synth.ParsedSynthStyle$DelegatingPainter.paintPanelBackground(Ljavax/swing/plaf/synth/SynthContext;Ljava/awt/Graphics;IIII)V @ 16 c2
Event: 425.763 Thread 0x00000228798a3000 Uncommon trap: reason=unstable_if action=reinterpret pc=0x000002286d47e1f8 method=com.jidesoft.editor.SyntaxUtils.a(Lcom/jidesoft/editor/CodeEditor;Ljavax/swing/text/Segment;IILjava/awt/Graphics;Ljavax/swing/text/TabExpander;I[I)I @ 398 c2

Classes redefined (0 events):
No events

Internal exceptions (10 events):
Event: 349.019 Thread 0x00000228798a3000 Exception <a 'java/lang/NoSuchMethodError'{0x0000000706d9f8a8}: java.lang.invoke.DelegatingMethodHandle$Holder.reinvoke_L(Ljava/lang/Object;Ljava/lang/Object;Ljava/lang/Object;Ljava/lang/Object;Ljava/lang/Object;IILjava/lang/Object;Ljava/lang/Object;IILja
Event: 349.296 Thread 0x00000228798a3000 Exception <a 'java/lang/NoSuchMethodError'{0x0000000708a1f798}: method resolution failed> (0x0000000708a1f798) thrown at [t:/workspace/hotspot/src/share/vm/prims/methodHandles.cpp, line 1256]
Event: 349.296 Thread 0x00000228798a3000 Exception <a 'java/lang/NoSuchMethodError'{0x0000000708a238d0}: java.lang.invoke.DelegatingMethodHandle$Holder.reinvoke_L(Ljava/lang/Object;Ljava/lang/Object;IILjava/lang/Object;Ljava/lang/Object;ILjava/lang/Object;II)Ljava/lang/Object;> (0x0000000708a238
Event: 349.300 Thread 0x00000228798a3000 Exception <a 'java/lang/NoSuchMethodError'{0x0000000708a90338}: java.lang.invoke.DirectMethodHandle$Holder.invokeSpecial(Ljava/lang/Object;Ljava/lang/Object;IIILjava/lang/Object;Ljava/lang/Object;ILjava/lang/Object;II)Ljava/lang/Object;> (0x0000000708a903
Event: 349.300 Thread 0x00000228798a3000 Exception <a 'java/lang/NoSuchMethodError'{0x0000000708a93e60}: java.lang.invoke.DelegatingMethodHandle$Holder.reinvoke_L(Ljava/lang/Object;IIILjava/lang/Object;Ljava/lang/Object;ILjava/lang/Object;II)Ljava/lang/Object;> (0x0000000708a93e60) thrown at [t:
Event: 349.302 Thread 0x00000228798a3000 Exception <a 'java/lang/NoSuchMethodError'{0x0000000708ab2120}: method resolution failed> (0x0000000708ab2120) thrown at [t:/workspace/hotspot/src/share/vm/prims/methodHandles.cpp, line 1256]
Event: 349.498 Thread 0x00000228798a3000 Exception <a 'java/lang/NoSuchMethodError'{0x0000000708334c68}: java.lang.invoke.DirectMethodHandle$Holder.invokeSpecial(Ljava/lang/Object;Ljava/lang/Object;ILjava/lang/Object;)V> (0x0000000708334c68) thrown at [t:/workspace/hotspot/src/share/vm/interpret
Event: 349.499 Thread 0x00000228798a3000 Exception <a 'java/lang/NoSuchMethodError'{0x000000070833a660}: java.lang.invoke.DirectMethodHandle$Holder.invokeStatic(Ljava/lang/Object;Ljava/lang/Object;ILjava/lang/Object;)Ljava/lang/Object;> (0x000000070833a660) thrown at [t:/workspace/hotspot/src/sh
Event: 349.500 Thread 0x00000228798a3000 Exception <a 'java/lang/NoSuchMethodError'{0x000000070833dd20}: method resolution failed> (0x000000070833dd20) thrown at [t:/workspace/hotspot/src/share/vm/prims/methodHandles.cpp, line 1256]
Event: 353.316 Thread 0x00000228798a3000 Exception <a 'java/lang/NoSuchMethodError'{0x0000000709742d80}: method resolution failed> (0x0000000709742d80) thrown at [t:/workspace/hotspot/src/share/vm/prims/methodHandles.cpp, line 1256]

Events (10 events):
Event: 426.526 Thread 0x0000022805592800 Thread added: 0x0000022805592800
Event: 426.550 Thread 0x0000022805592800 Thread exited: 0x0000022805592800
Event: 427.527 Thread 0x0000022805592000 Thread added: 0x0000022805592000
Event: 427.547 Thread 0x0000022805592000 Thread exited: 0x0000022805592000
Event: 428.528 Thread 0x000002280558f800 Thread added: 0x000002280558f800
Event: 428.538 Thread 0x000002280558f800 Thread exited: 0x000002280558f800
Event: 429.531 Thread 0x0000022805590800 Thread added: 0x0000022805590800
Event: 429.546 Thread 0x0000022805590800 Thread exited: 0x0000022805590800
Event: 430.532 Thread 0x0000022805595800 Thread added: 0x0000022805595800
Event: 430.548 Thread 0x0000022805595800 Thread exited: 0x0000022805595800


Dynamic libraries:
0x00007ff714b00000 - 0x00007ff714b30000 	D:\software\vivado\vivado2019.1\Vivado\2019.1\bin\unwrapped\win64.o\vivado.exe
0x00007ffb1c840000 - 0x00007ffb1ca49000 	C:\WINDOWS\SYSTEM32\ntdll.dll
0x00007ffb1aa40000 - 0x00007ffb1aafd000 	C:\WINDOWS\System32\KERNEL32.DLL
0x00007ffb19d60000 - 0x00007ffb1a0d4000 	C:\WINDOWS\System32\KERNELBASE.dll
0x00007ffb1a2f0000 - 0x00007ffb1a401000 	C:\WINDOWS\System32\ucrtbase.dll
0x00007ffae4b80000 - 0x00007ffae4c0e000 	C:\WINDOWS\SYSTEM32\MSVCP140.dll
0x00007ffaf7a40000 - 0x00007ffaf7a5b000 	C:\WINDOWS\SYSTEM32\VCRUNTIME140.dll
0x00007ffadacc0000 - 0x00007ffadacd4000 	D:\software\vivado\vivado2019.1\Vivado\2019.1\lib\win64.o\libboost_signals.dll
0x00007ffadaca0000 - 0x00007ffadacb4000 	D:\software\vivado\vivado2019.1\Vivado\2019.1\lib\win64.o\librdi_commonmain.dll
0x00007ffb08740000 - 0x00007ffb0874c000 	C:\WINDOWS\SYSTEM32\VCRUNTIME140_1.dll
0x00007ffadac70000 - 0x00007ffadac96000 	D:\software\vivado\vivado2019.1\Vivado\2019.1\lib\win64.o\libboost_filesystem.dll
0x00007ffae6ab0000 - 0x00007ffae6aba000 	D:\software\vivado\vivado2019.1\Vivado\2019.1\lib\win64.o\librdi_commonversion.dll
0x00007ffb1c3e0000 - 0x00007ffb1c48e000 	C:\WINDOWS\System32\ADVAPI32.dll
0x00007ffb1b6f0000 - 0x00007ffb1b793000 	C:\WINDOWS\System32\msvcrt.dll
0x00007ffb1b950000 - 0x00007ffb1b9ee000 	C:\WINDOWS\System32\sechost.dll
0x00007ffb1ab00000 - 0x00007ffb1ac20000 	C:\WINDOWS\System32\RPCRT4.dll
0x00007ffad8440000 - 0x00007ffad9322000 	D:\software\vivado\vivado2019.1\Vivado\2019.1\lib\win64.o\librdi_common.dll
0x00007ffb1c490000 - 0x00007ffb1c63c000 	C:\WINDOWS\System32\USER32.dll
0x00007ffad95b0000 - 0x00007ffad96d1000 	D:\software\vivado\vivado2019.1\Vivado\2019.1\lib\win64.o\librdi_commonxillic.dll
0x00007ffb19d30000 - 0x00007ffb19d56000 	C:\WINDOWS\System32\win32u.dll
0x00007ffaf7a30000 - 0x00007ffaf7a3b000 	D:\software\vivado\vivado2019.1\Vivado\2019.1\lib\win64.o\libboost_system.dll
0x00007ffb1bb10000 - 0x00007ffb1bb39000 	C:\WINDOWS\System32\GDI32.dll
0x00007ffb1a410000 - 0x00007ffb1a522000 	C:\WINDOWS\System32\gdi32full.dll
0x00007ffb1a0e0000 - 0x00007ffb1a17d000 	C:\WINDOWS\System32\msvcp_win.dll
0x00007ffb1bc30000 - 0x00007ffb1c3df000 	C:\WINDOWS\System32\SHELL32.dll
0x000000005da00000 - 0x000000005db2b000 	D:\software\vivado\vivado2019.1\Vivado\2019.1\lib\win64.o\tcl85t.dll
0x00007ffadace0000 - 0x00007ffadacf4000 	D:\software\vivado\vivado2019.1\Vivado\2019.1\lib\win64.o\libboost_date_time.dll
0x00007ffb1b0f0000 - 0x00007ffb1b15f000 	C:\WINDOWS\System32\WS2_32.dll
0x00007ffad80d0000 - 0x00007ffad843e000 	D:\software\vivado\vivado2019.1\Vivado\2019.1\lib\win64.o\libCOIN-all.dll
0x00007ffad9530000 - 0x00007ffad95af000 	D:\software\vivado\vivado2019.1\Vivado\2019.1\lib\win64.o\libboost_program_options.dll
0x00007ffad9410000 - 0x00007ffad9524000 	D:\software\vivado\vivado2019.1\Vivado\2019.1\lib\win64.o\libboost_regex.dll
0x00007ffaec480000 - 0x00007ffaec48f000 	D:\software\vivado\vivado2019.1\Vivado\2019.1\lib\win64.o\libboost_xilinx.dll
0x00007ffad93e0000 - 0x00007ffad9401000 	D:\software\vivado\vivado2019.1\Vivado\2019.1\lib\win64.o\libboost_thread.dll
0x00007ffad9350000 - 0x00007ffad93d2000 	D:\software\vivado\vivado2019.1\Vivado\2019.1\lib\win64.o\libhdlpsolve.dll
0x00007ffad8020000 - 0x00007ffad80c5000 	D:\software\vivado\vivado2019.1\Vivado\2019.1\lib\win64.o\libhdxml.dll
0x00007ffad71e0000 - 0x00007ffad7245000 	D:\software\vivado\vivado2019.1\Vivado\2019.1\lib\win64.o\liblmx6.0.dll
0x00007ffad71c0000 - 0x00007ffad71da000 	D:\software\vivado\vivado2019.1\Vivado\2019.1\lib\win64.o\pthreadVC2.dll
0x00007ffad7250000 - 0x00007ffad727e000 	D:\software\vivado\vivado2019.1\Vivado\2019.1\lib\win64.o\libisl_sysinfo.dll
0x00007ffad6fc0000 - 0x00007ffad6fdc000 	D:\software\vivado\vivado2019.1\Vivado\2019.1\lib\win64.o\librdiconfig.dll
0x00007ffad6f90000 - 0x00007ffad6fb1000 	D:\software\vivado\vivado2019.1\Vivado\2019.1\lib\win64.o\librdizlib.dll
0x0000000012000000 - 0x0000000012270000 	D:\software\vivado\vivado2019.1\Vivado\2019.1\lib\win64.o\xerces-c_3_1.dll
0x00007ffad6cb0000 - 0x00007ffad6f88000 	D:\software\vivado\vivado2019.1\Vivado\2019.1\lib\win64.o\libXil_lmgr11.dll
0x00007ffb1a6e0000 - 0x00007ffb1a7cc000 	C:\WINDOWS\System32\COMDLG32.dll
0x00007ffb0e4f0000 - 0x00007ffb0e50a000 	C:\WINDOWS\SYSTEM32\NETAPI32.dll
0x00007ffb1b160000 - 0x00007ffb1b4d8000 	C:\WINDOWS\System32\combase.dll
0x00007ffb05b10000 - 0x00007ffb0600a000 	C:\WINDOWS\SYSTEM32\WININET.dll
0x00007ffb12a00000 - 0x00007ffb12b0c000 	C:\WINDOWS\SYSTEM32\WINHTTP.dll
0x00007ffb1bb40000 - 0x00007ffb1bc2a000 	C:\WINDOWS\System32\shcore.dll
0x00007ffb1ac20000 - 0x00007ffb1ac7d000 	C:\WINDOWS\System32\SHLWAPI.dll
0x00007ffb12810000 - 0x00007ffb129ff000 	C:\WINDOWS\SYSTEM32\urlmon.dll
0x00007ffb1ba30000 - 0x00007ffb1bb06000 	C:\WINDOWS\System32\OLEAUT32.dll
0x00007ffb1b7b0000 - 0x00007ffb1b94a000 	C:\WINDOWS\System32\ole32.dll
0x00007ffb1a5b0000 - 0x00007ffb1a617000 	C:\WINDOWS\System32\WINTRUST.dll
0x00007ffb1a180000 - 0x00007ffb1a2e2000 	C:\WINDOWS\System32\CRYPT32.dll
0x00007ffad5e00000 - 0x00007ffad5e09000 	C:\WINDOWS\SYSTEM32\WSOCK32.dll
0x00007ffad5dc0000 - 0x00007ffad5df1000 	C:\WINDOWS\SYSTEM32\VCOMP140.DLL
0x00007ffad5e10000 - 0x00007ffad6ca1000 	D:\software\vivado\vivado2019.1\Vivado\2019.1\lib\win64.o\gurobi65.dll
0x00007ffad7470000 - 0x00007ffad801f400 	D:\software\vivado\vivado2019.1\Vivado\2019.1\lib\win64.o\libisl_iostreams.dll
0x00007ffad5db0000 - 0x00007ffad5dbd000 	D:\software\vivado\vivado2019.1\Vivado\2019.1\lib\win64.o\libboost_chrono.dll
0x00007ffb12520000 - 0x00007ffb12548000 	C:\WINDOWS\SYSTEM32\srvcli.dll
0x00007ffb12550000 - 0x00007ffb12803000 	C:\WINDOWS\SYSTEM32\iertutil.dll
0x00007ffb188e0000 - 0x00007ffb188ec000 	C:\WINDOWS\SYSTEM32\netutils.dll
0x00007ffb13020000 - 0x00007ffb1303e000 	C:\WINDOWS\SYSTEM32\dhcpcsvc.DLL
0x00007ffb08830000 - 0x00007ffb088e2000 	C:\WINDOWS\WinSxS\amd64_microsoft.windows.common-controls_6595b64144ccf1df_5.82.22000.1_none_271a8fad6a2d1b1e\COMCTL32.dll
0x00007ffad5d80000 - 0x00007ffad5da5000 	D:\software\vivado\vivado2019.1\Vivado\2019.1\lib\win64.o\libisl_iosutils.dll
0x00007ffad5d60000 - 0x00007ffad5d7b000 	D:\software\vivado\vivado2019.1\Vivado\2019.1\lib\win64.o\libboost_iostreams.dll
0x00007ffb1b9f0000 - 0x00007ffb1ba21000 	C:\WINDOWS\System32\IMM32.DLL
0x00007ffb19530000 - 0x00007ffb19542000 	C:\WINDOWS\SYSTEM32\MSASN1.dll
0x00007ffb18df0000 - 0x00007ffb18e08000 	C:\WINDOWS\SYSTEM32\kernel.appcore.dll
0x00007ffac6640000 - 0x00007ffac6b57000 	D:\software\vivado\vivado2019.1\Vivado\2019.1\lib\win64.o\librdi_commontasks.dll
0x00007ffb122b0000 - 0x00007ffb122ba000 	C:\WINDOWS\SYSTEM32\VERSION.dll
0x000000005c5a0000 - 0x000000005cfc5000 	D:\software\vivado\vivado2019.1\Vivado\2019.1\tps\win64\jre9.0.4\bin\server\jvm.dll
0x00007ffb1b4e0000 - 0x00007ffb1b4e8000 	C:\WINDOWS\System32\PSAPI.DLL
0x00007ffb13ec0000 - 0x00007ffb13ef3000 	C:\WINDOWS\SYSTEM32\WINMM.dll
0x00007ffac63b0000 - 0x00007ffac6636000 	D:\software\vivado\vivado2019.1\Vivado\2019.1\lib\win64.o\librdi_sio.dll
0x00007ffb19210000 - 0x00007ffb19277000 	C:\WINDOWS\SYSTEM32\MSWSOCK.DLL
0x00007ffb18960000 - 0x00007ffb1898d000 	C:\WINDOWS\SYSTEM32\IPHLPAPI.DLL
0x00007ffac62c0000 - 0x00007ffac63af000 	D:\software\vivado\vivado2019.1\Vivado\2019.1\tps\win64\jre9.0.4\bin\MSVCR120.dll
0x00007ffb17e60000 - 0x00007ffb186c8000 	C:\WINDOWS\SYSTEM32\windows.storage.dll
0x00007ffb17cf0000 - 0x00007ffb17e56000 	C:\WINDOWS\SYSTEM32\wintypes.dll
0x00007ffac3ae0000 - 0x00007ffac5f9c000 	D:\software\vivado\vivado2019.1\Vivado\2019.1\lib\win64.o\librdi_tcltasks.dll
0x00007ffac3940000 - 0x00007ffac3ad1000 	D:\software\vivado\vivado2019.1\Vivado\2019.1\lib\win64.o\librdi_board.dll
0x00007ffac34b0000 - 0x00007ffac3528000 	D:\software\vivado\vivado2019.1\Vivado\2019.1\lib\win64.o\librdi_boarddep.dll
0x00007ffac3200000 - 0x00007ffac33bd000 	D:\software\vivado\vivado2019.1\Vivado\2019.1\lib\win64.o\librdi_chipscopeimpl.dll
0x00007ffac33c0000 - 0x00007ffac34ab000 	D:\software\vivado\vivado2019.1\Vivado\2019.1\lib\win64.o\librdi_chipscope.dll
0x00007ffac16b0000 - 0x00007ffac1806000 	D:\software\vivado\vivado2019.1\Vivado\2019.1\lib\win64.o\librdi_containers.dll
0x00007ffac1810000 - 0x00007ffac31fa000 	D:\software\vivado\vivado2019.1\Vivado\2019.1\lib\win64.o\librdi_constraints.dll
0x00007ffabf7f0000 - 0x00007ffac16a1000 	D:\software\vivado\vivado2019.1\Vivado\2019.1\lib\win64.o\librdi_coregen.dll
0x00007ffabf110000 - 0x00007ffabf7ea000 	D:\software\vivado\vivado2019.1\Vivado\2019.1\lib\win64.o\librdi_coregenipxact.dll
0x00007ffaa8970000 - 0x00007ffaa8c8e000 	D:\software\vivado\vivado2019.1\Vivado\2019.1\lib\win64.o\librdi_dlyest.dll
0x00007ffabb0c0000 - 0x00007ffabf103000 	D:\software\vivado\vivado2019.1\Vivado\2019.1\lib\win64.o\librdi_designutils.dll
0x00007ffaa83d0000 - 0x00007ffaa896a000 	D:\software\vivado\vivado2019.1\Vivado\2019.1\lib\win64.o\librdi_drc.dll
0x00007ffac3530000 - 0x00007ffac3938000 	D:\software\vivado\vivado2019.1\Vivado\2019.1\lib\win64.o\librdi_bitstream.dll
0x00007ffaa8c90000 - 0x00007ffabb0bc000 	D:\software\vivado\vivado2019.1\Vivado\2019.1\lib\win64.o\librdi_device.dll
0x00007ffaa7cb0000 - 0x00007ffaa82fd000 	D:\software\vivado\vivado2019.1\Vivado\2019.1\lib\win64.o\librdi_filemgmt.dll
0x00007ffaa79c0000 - 0x00007ffaa7ca3000 	D:\software\vivado\vivado2019.1\Vivado\2019.1\lib\win64.o\librdi_guitools.dll
0x00007ffaa8300000 - 0x00007ffaa83c4000 	D:\software\vivado\vivado2019.1\Vivado\2019.1\lib\win64.o\librdi_dsp.dll
0x00007ffaa6390000 - 0x00007ffaa7950000 	D:\software\vivado\vivado2019.1\Vivado\2019.1\lib\win64.o\librdi_implflow.dll
0x00007ffaa7950000 - 0x00007ffaa79b5000 	D:\software\vivado\vivado2019.1\Vivado\2019.1\lib\win64.o\librdi_hdf.dll
0x00007ffaa5d70000 - 0x00007ffaa6385000 	D:\software\vivado\vivado2019.1\Vivado\2019.1\lib\win64.o\librdi_memdata.dll
0x00007ffaa5cf0000 - 0x00007ffaa5d63000 	D:\software\vivado\vivado2019.1\Vivado\2019.1\lib\win64.o\librdi_memoryarray.dll
0x00007ffaa0280000 - 0x00007ffaa02cb000 	D:\software\vivado\vivado2019.1\Vivado\2019.1\lib\win64.o\librdi_pfi.dll
0x00007ffaa2950000 - 0x00007ffaa2ff2000 	D:\software\vivado\vivado2019.1\Vivado\2019.1\lib\win64.o\librdi_netlist.dll
0x00007ffaa02d0000 - 0x00007ffaa2946000 	D:\software\vivado\vivado2019.1\Vivado\2019.1\lib\win64.o\librdi_place.dll
0x00007ffaa3000000 - 0x00007ffaa5ce6000 	D:\software\vivado\vivado2019.1\Vivado\2019.1\lib\win64.o\librdi_mig.dll
0x00007ffa9f2a0000 - 0x00007ffa9f81f000 	D:\software\vivado\vivado2019.1\Vivado\2019.1\lib\win64.o\librdi_project.dll
0x00007ffa9f820000 - 0x00007ffa9ff6a000 	D:\software\vivado\vivado2019.1\Vivado\2019.1\lib\win64.o\librdi_power.dll
0x00007ffa9e480000 - 0x00007ffa9eb86000 	D:\software\vivado\vivado2019.1\Vivado\2019.1\lib\win64.o\librdi_rsb.dll
0x00007ffa9eb90000 - 0x00007ffa9f299000 	D:\software\vivado\vivado2019.1\Vivado\2019.1\lib\win64.o\librdi_psta.dll
0x00007ffa9ff70000 - 0x00007ffaa027f000 	D:\software\vivado\vivado2019.1\Vivado\2019.1\lib\win64.o\librdi_platform.dll
0x00007ffa9df80000 - 0x00007ffa9e07a000 	D:\software\vivado\vivado2019.1\Vivado\2019.1\lib\win64.o\librdi_runsbase.dll
0x00007ffa9dd20000 - 0x00007ffa9df76000 	D:\software\vivado\vivado2019.1\Vivado\2019.1\lib\win64.o\librdi_simdata.dll
0x00007ffa9cf00000 - 0x00007ffa9dd11000 	D:\software\vivado\vivado2019.1\Vivado\2019.1\lib\win64.o\librdi_timing.dll
0x00007ffa9e080000 - 0x00007ffa9e471000 	D:\software\vivado\vivado2019.1\Vivado\2019.1\lib\win64.o\librdi_runs.dll
0x00007ffa9cd80000 - 0x00007ffa9cef2000 	D:\software\vivado\vivado2019.1\Vivado\2019.1\lib\win64.o\librdi_advchipscopeimpl.dll
0x00007ffa9cd30000 - 0x00007ffa9cd7c000 	D:\software\vivado\vivado2019.1\Vivado\2019.1\lib\win64.o\libboost_serialization.dll
0x00007ffa9cb90000 - 0x00007ffa9cd2f000 	D:\software\vivado\vivado2019.1\Vivado\2019.1\lib\win64.o\librdi_hip_devdesign.dll
0x00007ffa9cac0000 - 0x00007ffa9cb82000 	D:\software\vivado\vivado2019.1\Vivado\2019.1\lib\win64.o\librdi_ipconfig_readwrite.dll
0x00007ffa9ca70000 - 0x00007ffa9cab3000 	D:\software\vivado\vivado2019.1\Vivado\2019.1\lib\win64.o\librdi_noc_frameworks.dll
0x00007ffa9be80000 - 0x00007ffa9bf1e000 	D:\software\vivado\vivado2019.1\Vivado\2019.1\lib\win64.o\libise.dll
0x00007ffa9bf20000 - 0x00007ffa9ca67000 	D:\software\vivado\vivado2019.1\Vivado\2019.1\lib\win64.o\libverific.dll
0x00007ffa9ba90000 - 0x00007ffa9be75000 	D:\software\vivado\vivado2019.1\Vivado\2019.1\lib\win64.o\librdi_hip_config.dll
0x00007ffa9b540000 - 0x00007ffa9ba8e000 	D:\software\vivado\vivado2019.1\Vivado\2019.1\lib\win64.o\librdi_xdm.dll
0x00007ffa9af00000 - 0x00007ffa9af40000 	D:\software\vivado\vivado2019.1\Vivado\2019.1\lib\win64.o\librdi_wavedata_SimpleApi.dll
0x00007ffa9af40000 - 0x00007ffa9b53c000 	D:\software\vivado\vivado2019.1\Vivado\2019.1\lib\win64.o\librdi_wavedata.dll
0x00007ffa99d30000 - 0x00007ffa99d6f000 	D:\software\vivado\vivado2019.1\Vivado\2019.1\lib\win64.o\librdi_schedmon.dll
0x00007ffa99d70000 - 0x00007ffa9aefd000 	D:\software\vivado\vivado2019.1\Vivado\2019.1\lib\win64.o\librdi_route.dll
0x00007ffa97a70000 - 0x00007ffa97af8000 	D:\software\vivado\vivado2019.1\Vivado\2019.1\lib\win64.o\librdi_meir_core.dll

VM Arguments:
jvm_args: -Dsun.java2d.pmoffscreen=false -Dsun.java2d.xrender=false -Dsun.java2d.d3d=false -Dsun.awt.nopixfmt=true -Dsun.java2d.dpiaware=true -Dsun.java2d.uiScale.enabled=false -Xverify:none -Dswing.aatext=true -XX:-UsePerfData -Djdk.map.althashing.threshold=512 -XX:StringTableSize=4072 --add-opens=java.base/java.nio=ALL-UNNAMED --add-opens=java.desktop/sun.swing=ALL-UNNAMED --add-opens=java.desktop/javax.swing=ALL-UNNAMED --add-opens=java.desktop/javax.swing.tree=ALL-UNNAMED --add-opens=java.desktop/javax.swing.plaf.basic=ALL-UNNAMED --add-opens=java.desktop/javax.swing.plaf.synth=ALL-UNNAMED --add-opens=java.desktop/com.sun.awt=ALL-UNNAMED -XX:NewSize=60m -XX:MaxNewSize=60m -Xms128m -Xmx3072m -Xss5m 
java_command: <unknown>
java_class_path (initial): D:/software/vivado/vivado2019.1/Vivado/2019.1\lib\classes\alloy.jar;D:/software/vivado/vivado2019.1/Vivado/2019.1\lib\classes\autopilot.scelaborator.jar;D:/software/vivado/vivado2019.1/Vivado/2019.1\lib\classes\autopilot.sourceprocessor.jar;D:/software/vivado/vivado2019.1/Vivado/2019.1\lib\classes\autopilot.tbprocessor.jar;D:/software/vivado/vivado2019.1/Vivado/2019.1\lib\classes\batik-anim.jar;D:/software/vivado/vivado2019.1/Vivado/2019.1\lib\classes\batik-awt-util.jar;D:/software/vivado/vivado2019.1/Vivado/2019.1\lib\classes\batik-bridge.jar;D:/software/vivado/vivado2019.1/Vivado/2019.1\lib\classes\batik-codec.jar;D:/software/vivado/vivado2019.1/Vivado/2019.1\lib\classes\batik-css.jar;D:/software/vivado/vivado2019.1/Vivado/2019.1\lib\classes\batik-dom.jar;D:/software/vivado/vivado2019.1/Vivado/2019.1\lib\classes\batik-ext.jar;D:/software/vivado/vivado2019.1/Vivado/2019.1\lib\classes\batik-gui-util.jar;D:/software/vivado/vivado2019.1/Vivado/2019.1\lib\classes\batik-gvt.jar;D:/software/vivado/vivado2019.1/Vivado/2019.1\lib\classes\batik-parser.jar;D:/software/vivado/vivado2019.1/Vivado/2019.1\lib\classes\batik-script.jar;D:/software/vivado/vivado2019.1/Vivado/2019.1\lib\classes\batik-svg-dom.jar;D:/software/vivado/vivado2019.1/Vivado/2019.1\lib\classes\batik-swing.jar;D:/software/vivado/vivado2019.1/Vivado/2019.1\lib\classes\batik-transcoder.jar;D:/software/vivado/vivado2019.1/Vivado/2019.1\lib\classes\batik-util.jar;D:/software/vivado/vivado2019.1/Vivado/2019.1\lib\classes\batik-xml.jar;D:/software/vivado/vivado2019.1/Vivado/2019.1\lib\classes\com.google.gson_2.7.0.v20170129-0911.jar;D:/software/vivado/vivado2019.1/Vivado/2019.1\lib\classes\com.google.guava_21.0.0.v20170206-1425.jar;D:/software/vivado/vivado2019.1/Vivado/2019.1\lib\classes\com.google.inject_3.0.0.v201605172100.jar;D:/software/vivado/vivado2019.1/Vivado/2019.1\lib\classes\com.ibm.icu_4.4.2.v20110208.jar;D:/software/vivado/vivado2019.1/Vivado/2019.1\lib\classes\com.sigasi
Launcher Type: generic

Logging:
Log output configuration:
#0: stdout all=warning uptime,level,tags
#1: stderr all=off uptime,level,tags

Environment Variables:
PATH=D:/software/vivado/vivado2019.1/Vivado/2019.1/bin;D:/software/vivado/vivado2019.1/Vivado/2019.1/lib/win64.o;D:/software/vivado/vivado2019.1/Vivado/2019.1/tps/win64/jre9.0.4/bin/server;D:/software/vivado/vivado2019.1/Vivado/2019.1/tps/win64/jre9.0.4/bin;D:/software/vivado/vivado2019.1/Vivado/2019.1/ids_lite/ISE/bin/nt64;D:/software/vivado/vivado2019.1/Vivado/2019.1/ids_lite/ISE/lib/nt64;C:\Program Files\Common Files\Oracle\Java\javapath;C:\WINDOWS\system32;C:\WINDOWS;C:\WINDOWS\System32\Wbem;C:\WINDOWS\System32\WindowsPowerShell\v1.0\;C:\WINDOWS\System32\OpenSSH\;D:\software\matlab\bin;E:\Git\cmd;C:\Users\ÁªÏë\AppData\Local\Microsoft\WindowsApps;;D:/software/vivado/vivado2019.1/Vivado/2019.1\tps\mingw\6.2.0\win64.o\nt\bin;D:/software/vivado/vivado2019.1/Vivado/2019.1\tps\mingw\6.2.0\win64.o\nt\libexec\gcc\x86_64-w64-mingw32\6.2.0;D:/software/vivado/vivado2019.1/Vivado/2019.1\tps\win64\python-2.7.5;D:/software/vivado/vivado2019.1/Vivado/2019.1\tps\win64\python-2.7.5\lib;D:/software/vivado/vivado2019.1/Vivado/2019.1\tps\win64\python-2.7.5\Lib\lib-tk;D:/software/vivado/vivado2019.1/Vivado/2019.1\tps\win64\python-2.7.5\lib\site-packages
USERNAME=ÁªÏë
OS=Windows_NT
PROCESSOR_IDENTIFIER=AMD64 Family 23 Model 24 Stepping 1, AuthenticAMD



---------------  S Y S T E M  ---------------

OS: Windows 10 , 64 bit Build 22000 (10.0.22000.613)

CPU:total 8 (initial active 8) (8 cores per cpu, 1 threads per core) family 23 model 24 stepping 1, cmov, cx8, fxsr, mmx, sse, sse2, sse3, ssse3, sse4.1, sse4.2, popcnt, avx, avx2, aes, clmul, mmxext, 3dnowpref, lzcnt, sse4a, tsc, tscinvbit, tscinv, bmi1

Memory: 4k page, physical 10359048k(6290696k free), swap 11931912k(5939288k free)

vm_info: Java HotSpot(TM) 64-Bit Server VM (9.0.4+11) for windows-amd64 JRE (9.0.4+11), built on Dec 20 2017 02:18:54 by "mach5one" with MS VC++ 12.0 (VS2013)

END.
