#-----------------------------------------------------------
# Vivado v2019.1 (64-bit)
# SW Build 2552052 on Fri May 24 14:49:42 MDT 2019
# IP Build 2548770 on Fri May 24 18:01:18 MDT 2019
# Start of session at: Tue May 10 15:58:43 2022
# Process ID: 11472
# Current directory: E:/lab5_pipeline/pipeline_cpu_no_hazard
# Command line: vivado.exe -gui_launcher_event rodinguilauncherevent11848 E:\lab5_pipeline\pipeline_cpu_no_hazard\pipeline_cpu.xpr
# Log file: E:/lab5_pipeline/pipeline_cpu_no_hazard/vivado.log
# Journal file: E:/lab5_pipeline/pipeline_cpu_no_hazard\vivado.jou
#-----------------------------------------------------------
start_gui
open_project E:/lab5_pipeline/pipeline_cpu_no_hazard/pipeline_cpu.xpr
Scanning sources...
Finished scanning sources
INFO: [IP_Flow 19-234] Refreshing IP repositories
INFO: [IP_Flow 19-1704] No user IP repositories specified
INFO: [IP_Flow 19-2313] Loaded Vivado IP repository 'D:/software/vivado/vivado2019.1/Vivado/2019.1/data/ip'.
open_project: Time (s): cpu = 00:00:31 ; elapsed = 00:00:11 . Memory (MB): peak = 655.652 ; gain = 49.832
update_compile_order -fileset sources_1
