#
# A fatal error has been detected by the Java Runtime Environment:
#
#  EXCEPTION_ACCESS_VIOLATION (0xc0000005) at pc=0x00007ff8e3981439, pid=14052, tid=13332
#
# JRE version: Java(TM) SE Runtime Environment (9.0+11) (build 9.0.4+11)
# Java VM: Java HotSpot(TM) 64-Bit Server VM (9.0.4+11, mixed mode, tiered, compressed oops, g1 gc, windows-amd64)
# Problematic frame:
# C  0x00007ff8e3981439
#
# No core dump will be written. Minidumps are not enabled by default on client versions of Windows
#
# If you would like to submit a bug report, please visit:
#   http://bugreport.java.com/bugreport/crash.jsp
# The crash happened outside the Java Virtual Machine in native code.
# See problematic frame for where to report the bug.
#

---------------  S U M M A R Y ------------

Command Line: -Dsun.java2d.pmoffscreen=false -Dsun.java2d.xrender=false -Dsun.java2d.d3d=false -Dsun.awt.nopixfmt=true -Dsun.java2d.dpiaware=true -Dsun.java2d.uiScale.enabled=false -Xverify:none -Dswing.aatext=true -XX:-UsePerfData -Djdk.map.althashing.threshold=512 -XX:StringTableSize=4072 --add-opens=java.base/java.nio=ALL-UNNAMED --add-opens=java.desktop/sun.swing=ALL-UNNAMED --add-opens=java.desktop/javax.swing=ALL-UNNAMED --add-opens=java.desktop/javax.swing.tree=ALL-UNNAMED --add-opens=java.desktop/javax.swing.plaf.basic=ALL-UNNAMED --add-opens=java.desktop/javax.swing.plaf.synth=ALL-UNNAMED --add-opens=java.desktop/com.sun.awt=ALL-UNNAMED -XX:NewSize=60m -XX:MaxNewSize=60m -Xms128m -Xmx3072m -Xss5m 

Host: AMD Ryzen 5 3500U with Radeon Vega Mobile Gfx  , 8 cores, 9G,  Windows 10 , 64 bit Build 22000 (10.0.22000.613)
Time: Tue May 10 19:47:51 2022 ?D1¨²¡À¨º¡Á?¨º¡À?? elapsed time: 2465 seconds (0d 0h 41m 5s)

---------------  T H R E A D  ---------------

Current thread (0x000001e2a36b3800):  JavaThread "AWT-EventQueue-1" [_thread_in_native, id=13332, stack(0x000000d52c400000,0x000000d52c900000)]

Stack: [0x000000d52c400000,0x000000d52c900000],  sp=0x000000d52c8f4bd0,  free space=5074k
Native frames: (J=compiled Java code, j=interpreted, Vv=VM code, C=native code)
C  0x00007ff8e3981439
C  0x00007ff8e3995107
C  0x00007ff8e3994e12
C  0x00007ff8e397ac06
C  [librdi_wavedata.dll+0x125e90]
C  [librdi_wavedata.dll+0x148744]
C  [librdi_wavedata.dll+0x1e1cce]
C  [librdi_wavedata.dll+0x1e1bef]
C  [librdi_wavedata.dll+0x20b1f0]
C  [librdi_wavedata.dll+0x20aed0]
C  [librdi_wavedata.dll+0x26873b]
C  [librdi_wavedata.dll+0x26a153]
C  [librdi_wavedata.dll+0x242ea0]
C  [librdi_wavedata.dll+0x242f1d]
C  [librdi_wavedata.dll+0x242fc1]
C  [librdi_wavedata.dll+0x2695c4]
C  [librdi_wavedata.dll+0x239546]
C  [librdi_wavedata.dll+0x239315]
C  [librdi_wavedata.dll+0x275c1f]
C  0x000001e291492c3a

Java frames: (J=compiled Java code, j=interpreted, Vv=VM code)
J 22299  ui.views.waveform.waveformi.WVExecutive_getGraphicsDataSize(J)J (0 bytes) @ 0x000001e291492ba1 [0x000001e291492b60+0x0000000000000041]
J 22298 c1 ui.views.waveform.executive.a.gEt()Ljava/io/ByteArrayInputStream; (93 bytes) @ 0x000001e28b4efaac [0x000001e28b4ef9c0+0x00000000000000ec]
J 23192 c1 ui.views.waveform.b.a.gEf()V (142 bytes) @ 0x000001e28a4b8134 [0x000001e28a4b8020+0x0000000000000114]
J 22278 c1 ui.views.waveform.w.cRi()V (38 bytes) @ 0x000001e28b4e086c [0x000001e28b4e0100+0x000000000000076c]
J 19665 c1 ui.views.waveform.c.b.j(Lui/frmwork/b/i;)V (603 bytes) @ 0x000001e28a9f184c [0x000001e28a9e81a0+0x00000000000096ac]
J 19664 c1 ui.views.waveform.w.a(Lui/frmwork/b/i;)V (17 bytes) @ 0x000001e28a0ae014 [0x000001e28a0adf40+0x00000000000000d4]
J 12272 c1 ui.frmwork.b.l.d(Lui/frmwork/b/i;)V (61 bytes) @ 0x000001e28a79cd9c [0x000001e28a79c540+0x000000000000085c]
J 23667 c2 ui.frmwork.HTclEventBroker.i(JZ)V (471 bytes) @ 0x000001e29163e5c4 [0x000001e29163d0c0+0x0000000000001504]
J 12267 c1 ui.frmwork.HTclEventBroker.fireTclEvent(J)I (113 bytes) @ 0x000001e28a793d4c [0x000001e28a793540+0x000000000000080c]
v  ~StubRoutines::call_stub
j  ui.views.waveform.waveformi.WVExecutive_processModelEvent(JJ)V+0
j  ui.views.waveform.executive.a.eE(J)V+5
j  ui.views.waveform.c.b.eD(J)V+8
J 19665 c1 ui.views.waveform.c.b.j(Lui/frmwork/b/i;)V (603 bytes) @ 0x000001e28a9f2584 [0x000001e28a9e81a0+0x000000000000a3e4]
J 19664 c1 ui.views.waveform.w.a(Lui/frmwork/b/i;)V (17 bytes) @ 0x000001e28a0ae014 [0x000001e28a0adf40+0x00000000000000d4]
J 12272 c1 ui.frmwork.b.l.d(Lui/frmwork/b/i;)V (61 bytes) @ 0x000001e28a79cd9c [0x000001e28a79c540+0x000000000000085c]
J 23667 c2 ui.frmwork.HTclEventBroker.i(JZ)V (471 bytes) @ 0x000001e29163e5c4 [0x000001e29163d0c0+0x0000000000001504]
J 21520 c1 ui.frmwork.HTclEventBroker$$Lambda$206.run()V (12 bytes) @ 0x000001e28a43755c [0x000001e28a437480+0x00000000000000dc]
J 15344 c2 java.awt.EventQueue$3.run()Ljava/lang/Object; java.desktop@9.0.4 (5 bytes) @ 0x000001e290d287f4 [0x000001e290d28500+0x00000000000002f4]
v  ~StubRoutines::call_stub
J 4235  java.security.AccessController.doPrivileged(Ljava/security/PrivilegedAction;Ljava/security/AccessControlContext;)Ljava/lang/Object; java.base@9.0.4 (0 bytes) @ 0x000001e2902991c6 [0x000001e290299160+0x0000000000000066]
J 15323 c2 ui.frmwork.b.d.dispatchEvent(Ljava/awt/AWTEvent;)V (34 bytes) @ 0x000001e290d1d514 [0x000001e290d1cee0+0x0000000000000634]
J 15358 c2 java.awt.EventDispatchThread.pumpOneEventForFilters(I)V java.desktop@9.0.4 (218 bytes) @ 0x000001e290d395a8 [0x000001e290d39280+0x0000000000000328]
J 22471 c2 java.awt.EventDispatchThread.pumpEventsForFilter(ILjava/awt/Conditional;Ljava/awt/EventFilter;)V java.desktop@9.0.4 (47 bytes) @ 0x000001e2914c56ac [0x000001e2914c54e0+0x00000000000001cc]
j  java.awt.EventDispatchThread.pumpEventsForFilter(Ljava/awt/Conditional;Ljava/awt/EventFilter;)V+4 java.desktop@9.0.4
j  java.awt.WaitDispatchSupport$2.run()V+59 java.desktop@9.0.4
j  java.awt.WaitDispatchSupport$4.run()Ljava/lang/Void;+4 java.desktop@9.0.4
j  java.awt.WaitDispatchSupport$4.run()Ljava/lang/Object;+1 java.desktop@9.0.4
v  ~StubRoutines::call_stub
J 1021  java.security.AccessController.doPrivileged(Ljava/security/PrivilegedAction;)Ljava/lang/Object; java.base@9.0.4 (0 bytes) @ 0x000001e2900aefb2 [0x000001e2900aef60+0x0000000000000052]
j  java.awt.WaitDispatchSupport.enter()Z+260 java.desktop@9.0.4
j  java.awt.Dialog.show()V+225 java.desktop@9.0.4
J 12901 c1 java.awt.Component.setVisible(Z)V java.desktop@9.0.4 (6 bytes) @ 0x000001e28a9cc94c [0x000001e28a9cc760+0x00000000000001ec]
j  java.awt.Window.setVisible(Z)V+2 java.desktop@9.0.4
j  java.awt.Dialog.setVisible(Z)V+2 java.desktop@9.0.4
j  ui.b.c.g.setVisible(Z)V+2
j  ui.b.c.by.showDialog()V+64
j  ui.b.c.bF.actionPerformed(Ljava/awt/event/ActionEvent;)V+8
j  ui.b.c.by.cJI()V+396
j  ui.views.c.t.b.a.run()V+60
j  ui.frmwork.a.dWF()Z+66
j  ui.utils.aN.actionPerformed(Ljava/awt/event/ActionEvent;)V+4
j  javax.swing.AbstractButton.fireActionPerformed(Ljava/awt/event/ActionEvent;)V+84 java.desktop@9.0.4
j  javax.swing.AbstractButton$Handler.actionPerformed(Ljava/awt/event/ActionEvent;)V+5 java.desktop@9.0.4
j  javax.swing.DefaultButtonModel.fireActionPerformed(Ljava/awt/event/ActionEvent;)V+34 java.desktop@9.0.4
j  javax.swing.DefaultButtonModel.setPressed(Z)V+117 java.desktop@9.0.4
j  javax.swing.AbstractButton.doClick(I)V+60 java.desktop@9.0.4
j  javax.swing.plaf.basic.BasicMenuItemUI.doClick(Ljavax/swing/MenuSelectionManager;)V+47 java.desktop@9.0.4
j  javax.swing.plaf.basic.BasicMenuItemUI$Handler.mouseReleased(Ljava/awt/event/MouseEvent;)V+76 java.desktop@9.0.4
J 19846 c1 java.awt.AWTEventMulticaster.mouseReleased(Ljava/awt/event/MouseEvent;)V java.desktop@9.0.4 (27 bytes) @ 0x000001e28a4f898c [0x000001e28a4f8780+0x000000000000020c]
J 19846 c1 java.awt.AWTEventMulticaster.mouseReleased(Ljava/awt/event/MouseEvent;)V java.desktop@9.0.4 (27 bytes) @ 0x000001e28a4f898c [0x000001e28a4f8780+0x000000000000020c]
J 16283 c1 java.awt.Component.processMouseEvent(Ljava/awt/event/MouseEvent;)V java.desktop@9.0.4 (100 bytes) @ 0x000001e28973cdb4 [0x000001e28973ca20+0x0000000000000394]
J 16301 c1 javax.swing.JComponent.processMouseEvent(Ljava/awt/event/MouseEvent;)V java.desktop@9.0.4 (27 bytes) @ 0x000001e28976a9ec [0x000001e28976a7e0+0x000000000000020c]
J 20819 c2 java.awt.Container.processEvent(Ljava/awt/AWTEvent;)V java.desktop@9.0.4 (22 bytes) @ 0x000001e2909aaaa0 [0x000001e2909aa940+0x0000000000000160]
J 20502 c2 java.awt.Component.dispatchEventImpl(Ljava/awt/AWTEvent;)V java.desktop@9.0.4 (739 bytes) @ 0x000001e2908aaf20 [0x000001e2908aa360+0x0000000000000bc0]
J 20351 c2 java.awt.Container.dispatchEventImpl(Ljava/awt/AWTEvent;)V java.desktop@9.0.4 (129 bytes) @ 0x000001e2901ad4b8 [0x000001e2901ad460+0x0000000000000058]
J 14838 c2 java.awt.LightweightDispatcher.retargetMouseEvent(Ljava/awt/Component;ILjava/awt/event/MouseEvent;)V java.desktop@9.0.4 (350 bytes) @ 0x000001e2903ff3a0 [0x000001e2903fee20+0x0000000000000580]
J 19577 c2 java.awt.LightweightDispatcher.processMouseEvent(Ljava/awt/event/MouseEvent;)Z java.desktop@9.0.4 (265 bytes) @ 0x000001e29124ec7c [0x000001e29124e540+0x000000000000073c]
J 18959 c2 java.awt.Window.dispatchEventImpl(Ljava/awt/AWTEvent;)V java.desktop@9.0.4 (23 bytes) @ 0x000001e290404104 [0x000001e290403e60+0x00000000000002a4]
J 15344 c2 java.awt.EventQueue$3.run()Ljava/lang/Object; java.desktop@9.0.4 (5 bytes) @ 0x000001e290d286bc [0x000001e290d28500+0x00000000000001bc]
v  ~StubRoutines::call_stub
J 4235  java.security.AccessController.doPrivileged(Ljava/security/PrivilegedAction;Ljava/security/AccessControlContext;)Ljava/lang/Object; java.base@9.0.4 (0 bytes) @ 0x000001e2902991c6 [0x000001e290299160+0x0000000000000066]
J 18020 c2 java.awt.EventQueue$4.run()Ljava/lang/Object; java.desktop@9.0.4 (5 bytes) @ 0x000001e290945330 [0x000001e2909450e0+0x0000000000000250]
v  ~StubRoutines::call_stub
J 4235  java.security.AccessController.doPrivileged(Ljava/security/PrivilegedAction;Ljava/security/AccessControlContext;)Ljava/lang/Object; java.base@9.0.4 (0 bytes) @ 0x000001e2902991c6 [0x000001e290299160+0x0000000000000066]
J 15323 c2 ui.frmwork.b.d.dispatchEvent(Ljava/awt/AWTEvent;)V (34 bytes) @ 0x000001e290d1d328 [0x000001e290d1cee0+0x0000000000000448]
J 15358 c2 java.awt.EventDispatchThread.pumpOneEventForFilters(I)V java.desktop@9.0.4 (218 bytes) @ 0x000001e290d395a8 [0x000001e290d39280+0x0000000000000328]
J 22082% c2 java.awt.EventDispatchThread.pumpEventsForFilter(ILjava/awt/Conditional;Ljava/awt/EventFilter;)V java.desktop@9.0.4 (47 bytes) @ 0x000001e2914338d8 [0x000001e2914337c0+0x0000000000000118]
j  java.awt.EventDispatchThread.pumpEventsForHierarchy(ILjava/awt/Conditional;Ljava/awt/Component;)V+11 java.desktop@9.0.4
j  java.awt.EventDispatchThread.pumpEvents(ILjava/awt/Conditional;)V+4 java.desktop@9.0.4
j  java.awt.EventDispatchThread.pumpEvents(Ljava/awt/Conditional;)V+3 java.desktop@9.0.4
j  java.awt.EventDispatchThread.run()V+9 java.desktop@9.0.4
v  ~StubRoutines::call_stub

siginfo: EXCEPTION_ACCESS_VIOLATION (0xc0000005), reading address 0x0000000000000044


Register to memory mapping:

RIP=0x00007ff8e3981439 is an unknown value
RAX=0x000001e2ab1673f0 is an unknown value
RBX=0x000001e2a38c7c20 is an unknown value
RCX=0x0000000000000000 is an unknown value
RDX=0x000001e2f8e481b0 is an unknown value
RSP=0x000000d52c8f4bd0 is pointing into the stack for thread: 0x000001e2a36b3800
RBP=0x000000d52c8f4d70 is pointing into the stack for thread: 0x000001e2a36b3800
RSI=0x0000000000000000 is an unknown value
RDI=0x000000d52c8f4d30 is pointing into the stack for thread: 0x000001e2a36b3800
R8 =0x000000d52c8f4c70 is pointing into the stack for thread: 0x000001e2a36b3800
R9 =0x0000000000000018 is an unknown value
R10=0x0000000000000000 is an unknown value
R11=0x0000000000fffd01 is an unknown value
R12=0x000001e2acc47b90 is an unknown value
R13=0x0000000000000001 is an unknown value
R14=0x000001e2f8e481b0 is an unknown value
R15=0x000000d52c8f4c70 is pointing into the stack for thread: 0x000001e2a36b3800


Registers:
RAX=0x000001e2ab1673f0, RBX=0x000001e2a38c7c20, RCX=0x0000000000000000, RDX=0x000001e2f8e481b0
RSP=0x000000d52c8f4bd0, RBP=0x000000d52c8f4d70, RSI=0x0000000000000000, RDI=0x000000d52c8f4d30
R8 =0x000000d52c8f4c70, R9 =0x0000000000000018, R10=0x0000000000000000, R11=0x0000000000fffd01
R12=0x000001e2acc47b90, R13=0x0000000000000001, R14=0x000001e2f8e481b0, R15=0x000000d52c8f4c70
RIP=0x00007ff8e3981439, EFLAGS=0x0000000000010202

Top of Stack: (sp=0x000000d52c8f4bd0)
0x000000d52c8f4bd0:   000000d52c8f5300 0000000000000000
0x000000d52c8f4be0:   0000000000000000 000001e2acc47b90
0x000000d52c8f4bf0:   000001e2a38c7c20 000000000000000a
0x000000d52c8f4c00:   fffffffffffffffe 00007ff96a8b00a6
0x000000d52c8f4c10:   0000000000000000 00000000000004f8
0x000000d52c8f4c20:   000000d52c8f5300 0000000000007000
0x000000d52c8f4c30:   000000d52c8f4d30 00007ff8e3995107
0x000000d52c8f4c40:   00000000000004f8 000001e2a38c7c20
0x000000d52c8f4c50:   000001e2ab1673f0 000001e2aa0a1158
0x000000d52c8f4c60:   000001e2a38c7c20 00007ff8e3994e12
0x000000d52c8f4c70:   000001e2a38c7c20 000001e2aa0a1130
0x000000d52c8f4c80:   000000000000000a 000001e2aa0a1130
0x000000d52c8f4c90:   000001e2aa0a1130 000001e2a36b3800
0x000000d52c8f4ca0:   0000000000000001 000001e2acc47b90
0x000000d52c8f4cb0:   000000070a5547b8 000001e2aa0a16d0
0x000000d52c8f4cc0:   0000000000000001 0000000000000000 

Instructions: (pc=0x00007ff8e3981439)
0x00007ff8e3981419:   50 48 c7 44 24 30 fe ff ff ff 48 89 5c 24 78 48
0x00007ff8e3981429:   89 b4 24 80 00 00 00 4d 8b f8 4c 8b f2 48 8b f1
0x00007ff8e3981439:   83 79 44 00 75 07 33 c0 e9 da 00 00 00 33 db 39
0x00007ff8e3981449:   59 44 75 04 8b c3 eb 06 48 8b 41 48 8b 00 8b d0 



---------------  P R O C E S S  ---------------

Java Threads: ( => current thread )
  0x000001e2aa26b800 JavaThread "Relaunch Simulation" [_thread_blocked, id=12396, stack(0x000000d52ea00000,0x000000d52ef00000)]
  0x000001e2aa267000 JavaThread "Thread-2546" [_thread_in_native, id=8172, stack(0x000000d524b00000,0x000000d524c00000)]
  0x000001e2aa26e000 JavaThread "Thread-2545" [_thread_in_native, id=16228, stack(0x000000d52d900000,0x000000d52da00000)]
  0x000001e2aa270000 JavaThread "SyntheticaAnimation 50" daemon [_thread_blocked, id=14216, stack(0x000000d531c00000,0x000000d532100000)]
  0x000001e2aa265000 JavaThread "SwingWorker-pool-1-thread-1" daemon [_thread_blocked, id=8448, stack(0x000000d530800000,0x000000d530d00000)]
  0x000001e2aa265800 JavaThread "Image Animator 0" daemon [_thread_blocked, id=11876, stack(0x000000d531200000,0x000000d531700000)]
  0x000001e2aa26c800 JavaThread "Monitor File Timestamp Swing Worker" [_thread_blocked, id=16008, stack(0x000000d530300000,0x000000d530800000)]
  0x000001e2aa269800 JavaThread "Timer-0" [_thread_blocked, id=4156, stack(0x000000d52f900000,0x000000d52fe00000)]
  0x000001e2aa266800 JavaThread "SyntheticaAnimation 50" daemon [_thread_blocked, id=14332, stack(0x000000d52d300000,0x000000d52d800000)]
  0x000001e2aa26b000 JavaThread "Update Runs Swing Worker" [_thread_blocked, id=15752, stack(0x000000d52fe00000,0x000000d530300000)]
  0x000001e2aa264000 JavaThread "hw_ila_monitor" [_thread_blocked, id=1920, stack(0x000000d52f400000,0x000000d52f900000)]
  0x000001e2aa268000 JavaThread "Refresh Filesets Swing Worker" [_thread_blocked, id=8716, stack(0x000000d52c900000,0x000000d52ce00000)]
  0x000001e2aa263800 JavaThread "SyntheticaAnimation 70" daemon [_thread_blocked, id=14792, stack(0x000000d52ef00000,0x000000d52f400000)]
  0x000001e2fa681800 JavaThread "SyntheticaAnimation 25" daemon [_thread_blocked, id=13836, stack(0x000000d52e500000,0x000000d52ea00000)]
  0x000001e2fa686800 JavaThread "SyntheticaAnimation 50" daemon [_thread_blocked, id=15252, stack(0x000000d52e000000,0x000000d52e500000)]
  0x000001e2fa684800 JavaThread "Monitor HEventQueue" [_thread_blocked, id=10608, stack(0x000000d52db00000,0x000000d52e000000)]
  0x000001e2fa682000 JavaThread "SyntheticaCleanerThread" daemon [_thread_blocked, id=15996, stack(0x000000d52ce00000,0x000000d52d300000)]
  0x000001e2fa680000 JavaThread "Batik CleanerThread" daemon [_thread_blocked, id=14472, stack(0x000000d52ba00000,0x000000d52bf00000)]
=>0x000001e2a36b3800 JavaThread "AWT-EventQueue-1" [_thread_in_native, id=13332, stack(0x000000d52c400000,0x000000d52c900000)]
  0x000001e2a330e000 JavaThread "Process Messages" [_thread_blocked, id=16108, stack(0x000000d52bf00000,0x000000d52c400000)]
  0x000001e2a36c5000 JavaThread "Thread-1" [_thread_in_native, id=11340, stack(0x000000d524d00000,0x000000d526100000)]
  0x000001e2a31f5000 JavaThread "TimerQueue" daemon [_thread_blocked, id=5044, stack(0x000000d52b000000,0x000000d52b500000)]
  0x000001e2a314d800 JavaThread "AWT-Windows" daemon [_thread_in_native, id=15236, stack(0x000000d52ab00000,0x000000d52b000000)]
  0x000001e2a314d000 JavaThread "AWT-Shutdown" [_thread_blocked, id=7220, stack(0x000000d52a600000,0x000000d52ab00000)]
  0x000001e2fa9bf000 JavaThread "Java2D Disposer" daemon [_thread_blocked, id=7744, stack(0x000000d52a100000,0x000000d52a600000)]
  0x000001e280e56800 JavaThread "Service Thread" daemon [_thread_blocked, id=16328, stack(0x000000d529b00000,0x000000d52a000000)]
  0x000001e2f7a34800 JavaThread "Common-Cleaner" daemon [_thread_blocked, id=13396, stack(0x000000d529600000,0x000000d529b00000)]
  0x000001e2fa686000 JavaThread "Sweeper thread" daemon [_thread_blocked, id=13728, stack(0x000000d529100000,0x000000d529600000)]
  0x000001e2f888b000 JavaThread "C1 CompilerThread3" daemon [_thread_blocked, id=5980, stack(0x000000d529000000,0x000000d529100000)]
  0x000001e2f888a800 JavaThread "C2 CompilerThread2" daemon [_thread_blocked, id=15476, stack(0x000000d528f00000,0x000000d529000000)]
  0x000001e2f8160000 JavaThread "C2 CompilerThread1" daemon [_thread_blocked, id=6852, stack(0x000000d528e00000,0x000000d528f00000)]
  0x000001e2f815f800 JavaThread "C2 CompilerThread0" daemon [_thread_blocked, id=10620, stack(0x000000d528d00000,0x000000d528e00000)]
  0x000001e2f85b4000 JavaThread "Attach Listener" daemon [_thread_blocked, id=6040, stack(0x000000d528800000,0x000000d528d00000)]
  0x000001e2f85b3800 JavaThread "Signal Dispatcher" daemon [_thread_blocked, id=12892, stack(0x000000d528300000,0x000000d528800000)]
  0x000001e280c35800 JavaThread "Finalizer" daemon [_thread_blocked, id=6300, stack(0x000000d527e00000,0x000000d528300000)]
  0x000001e2f849c800 JavaThread "Reference Handler" daemon [_thread_blocked, id=7828, stack(0x000000d527900000,0x000000d527e00000)]
  0x000001e2f9094800 JavaThread "main" [_thread_blocked, id=11180, stack(0x000000d524c00000,0x000000d524d00000)]

Other Threads:
  0x000001e2fa69c000 VMThread "VM Thread" [stack: 0x000000d527800000,0x000000d527900000] [id=13360]
  0x000001e2f8e4e800 WatcherThread [stack: 0x000000d52a000000,0x000000d52a100000] [id=7184]
  0x000001e2f921d800 GCTaskThread "GC Thread#0" [stack: 0x000000d526400000,0x000000d526500000] [id=11240]
  0x000001e2f8e93000 GCTaskThread "GC Thread#1" [stack: 0x000000d526500000,0x000000d526600000] [id=14708]
  0x000001e2f8e92000 GCTaskThread "GC Thread#2" [stack: 0x000000d526600000,0x000000d526700000] [id=15364]
  0x000001e2f8e8e000 GCTaskThread "GC Thread#3" [stack: 0x000000d526700000,0x000000d526800000] [id=13504]
  0x000001e2f8e8d000 GCTaskThread "GC Thread#4" [stack: 0x000000d526800000,0x000000d526900000] [id=15728]
  0x000001e2f8e8f800 GCTaskThread "GC Thread#5" [stack: 0x000000d526900000,0x000000d526a00000] [id=15684]
  0x000001e2f8e90800 GCTaskThread "GC Thread#6" [stack: 0x000000d526a00000,0x000000d526b00000] [id=14172]
  0x000001e2f8e8f000 GCTaskThread "GC Thread#7" [stack: 0x000000d526b00000,0x000000d526c00000] [id=14932]
  0x000001e2f67c2800 ConcurrentGCThread "G1 Main Marker" [stack: 0x000000d527500000,0x000000d527600000] [id=13852]
  0x000001e2f8e8d800 ConcurrentGCThread "G1 Marker#0" [stack: 0x000000d527600000,0x000000d527700000] [id=14592]
  0x000001e2f8e92800 ConcurrentGCThread "G1 Marker#1" [stack: 0x000000d527700000,0x000000d527800000] [id=14352]
  0x000001e2f9475000 ConcurrentGCThread "G1 Refine#0" [stack: 0x000000d527300000,0x000000d527400000] [id=13716]
  0x000001e2f9474800 ConcurrentGCThread "G1 Refine#1" [stack: 0x000000d527200000,0x000000d527300000] [id=6336]
  0x000001e2f8d9e000 ConcurrentGCThread "G1 Refine#2" [stack: 0x000000d527100000,0x000000d527200000] [id=15336]
  0x000001e2f84b6800 ConcurrentGCThread "G1 Refine#3" [stack: 0x000000d527000000,0x000000d527100000] [id=6376]
  0x000001e2f84b6000 ConcurrentGCThread "G1 Refine#4" [stack: 0x000000d526f00000,0x000000d527000000] [id=6932]
  0x000001e2f8fb9000 ConcurrentGCThread "G1 Refine#5" [stack: 0x000000d526e00000,0x000000d526f00000] [id=15712]
  0x000001e2f8c00000 ConcurrentGCThread "G1 Refine#6" [stack: 0x000000d526d00000,0x000000d526e00000] [id=8152]
  0x000001e2f9274800 ConcurrentGCThread "G1 Refine#7" [stack: 0x000000d526c00000,0x000000d526d00000] [id=16316]
  0x000001e2f67c1800 ConcurrentGCThread "G1 Young RemSet Sampling" [stack: 0x000000d527400000,0x000000d527500000] [id=2164]

Threads with active compile tasks:

VM state:not at safepoint (normal execution)

VM Mutex/Monitor currently owned by a thread: None

Heap address: 0x0000000700000000, size: 3072 MB, Compressed Oops mode: Zero based, Oop shift amount: 3
Narrow klass base: 0x0000000000000000, Narrow klass shift: 3
Compressed class space size: 1073741824 Address: 0x00000007c0000000

Heap:
 garbage-first heap   total 190464K, used 93713K [0x0000000700000000, 0x00000007001005d0, 0x00000007c0000000)
  region size 1024K, 22 young (22528K), 1 survivors (1024K)
 Metaspace       used 86915K, capacity 93211K, committed 93468K, reserved 1130496K
  class space    used 11708K, capacity 12798K, committed 12828K, reserved 1048576K
Heap Regions: E=young(eden), S=young(survivor), O=old, HS=humongous(starts), HC=humongous(continues), CS=collection set, F=free, A=archive, TS=gc time stamp, AC=allocation context, TAMS=top-at-mark-start (previous, next)
|   0|0x0000000700000000, 0x00000007000f1e90, 0x0000000700100000| 94%| O|  |TS  0|AC  0|TAMS 0x0000000700000000, 0x0000000700000000|
|   1|0x0000000700100000, 0x0000000700200000, 0x0000000700200000|100%|HS|  |TS  0|AC  0|TAMS 0x0000000700100000, 0x0000000700100000|
|   2|0x0000000700200000, 0x0000000700300000, 0x0000000700300000|100%|HC|  |TS  0|AC  0|TAMS 0x0000000700200000, 0x0000000700200000|
|   3|0x0000000700300000, 0x0000000700400000, 0x0000000700400000|100%|HS|  |TS  0|AC  0|TAMS 0x0000000700300000, 0x0000000700300000|
|   4|0x0000000700400000, 0x00000007004ed0e0, 0x0000000700500000| 92%| O|  |TS  0|AC  0|TAMS 0x0000000700400000, 0x0000000700400000|
|   5|0x0000000700500000, 0x00000007005fffd8, 0x0000000700600000| 99%| O|  |TS  0|AC  0|TAMS 0x0000000700500000, 0x0000000700500000|
|   6|0x0000000700600000, 0x00000007006fffe8, 0x0000000700700000| 99%| O|  |TS  0|AC  0|TAMS 0x0000000700600000, 0x0000000700600000|
|   7|0x0000000700700000, 0x00000007007ffff0, 0x0000000700800000| 99%| O|  |TS  0|AC  0|TAMS 0x0000000700700000, 0x0000000700700000|
|   8|0x0000000700800000, 0x00000007008fffe8, 0x0000000700900000| 99%| O|  |TS  0|AC  0|TAMS 0x0000000700800000, 0x0000000700800000|
|   9|0x0000000700900000, 0x00000007009fffd8, 0x0000000700a00000| 99%| O|  |TS  0|AC  0|TAMS 0x0000000700900000, 0x0000000700900000|
|  10|0x0000000700a00000, 0x0000000700afb468, 0x0000000700b00000| 98%| O|  |TS  0|AC  0|TAMS 0x0000000700a00000, 0x0000000700a00000|
|  11|0x0000000700b00000, 0x0000000700bffff0, 0x0000000700c00000| 99%| O|  |TS  0|AC  0|TAMS 0x0000000700b00000, 0x0000000700b00000|
|  12|0x0000000700c00000, 0x0000000700ce0068, 0x0000000700d00000| 87%| O|  |TS  0|AC  0|TAMS 0x0000000700c00000, 0x0000000700c00000|
|  13|0x0000000700d00000, 0x0000000700de7ee0, 0x0000000700e00000| 90%| O|  |TS  0|AC  0|TAMS 0x0000000700d00000, 0x0000000700d00000|
|  14|0x0000000700e00000, 0x0000000700efd820, 0x0000000700f00000| 99%| O|  |TS  0|AC  0|TAMS 0x0000000700e00000, 0x0000000700e00000|
|  15|0x0000000700f00000, 0x0000000700ffdd90, 0x0000000701000000| 99%| O|  |TS  0|AC  0|TAMS 0x0000000700f00000, 0x0000000700f00000|
|  16|0x0000000701000000, 0x00000007010fd5d0, 0x0000000701100000| 98%| O|  |TS  0|AC  0|TAMS 0x0000000701000000, 0x0000000701000000|
|  17|0x0000000701100000, 0x00000007011fffb8, 0x0000000701200000| 99%| O|  |TS  0|AC  0|TAMS 0x0000000701100000, 0x0000000701100000|
|  18|0x0000000701200000, 0x00000007012ffe88, 0x0000000701300000| 99%| O|  |TS  0|AC  0|TAMS 0x0000000701200000, 0x0000000701200000|
|  19|0x0000000701300000, 0x0000000701400000, 0x0000000701400000|100%| O|  |TS  0|AC  0|TAMS 0x0000000701300000, 0x0000000701300000|
|  20|0x0000000701400000, 0x00000007014ffff0, 0x0000000701500000| 99%| O|  |TS  0|AC  0|TAMS 0x0000000701400000, 0x0000000701400000|
|  21|0x0000000701500000, 0x00000007015ccc10, 0x0000000701600000| 79%| O|  |TS  0|AC  0|TAMS 0x0000000701500000, 0x0000000701500000|
|  22|0x0000000701600000, 0x00000007016f24a8, 0x0000000701700000| 94%| O|  |TS  0|AC  0|TAMS 0x0000000701600000, 0x0000000701600000|
|  23|0x0000000701700000, 0x00000007017ffff0, 0x0000000701800000| 99%| O|  |TS  0|AC  0|TAMS 0x0000000701700000, 0x0000000701700000|
|  24|0x0000000701800000, 0x0000000701900000, 0x0000000701900000|100%| O|  |TS  0|AC  0|TAMS 0x0000000701800000, 0x0000000701800000|
|  25|0x0000000701900000, 0x00000007019fff28, 0x0000000701a00000| 99%| O|  |TS  0|AC  0|TAMS 0x0000000701900000, 0x0000000701900000|
|  26|0x0000000701a00000, 0x0000000701affff0, 0x0000000701b00000| 99%| O|  |TS  0|AC  0|TAMS 0x0000000701a00000, 0x0000000701a00000|
|  27|0x0000000701b00000, 0x0000000701bffff8, 0x0000000701c00000| 99%| O|  |TS  0|AC  0|TAMS 0x0000000701b00000, 0x0000000701b00000|
|  28|0x0000000701c00000, 0x0000000701cfffe8, 0x0000000701d00000| 99%| O|  |TS  0|AC  0|TAMS 0x0000000701c00000, 0x0000000701c00000|
|  29|0x0000000701d00000, 0x0000000701e00000, 0x0000000701e00000|100%| O|  |TS  0|AC  0|TAMS 0x0000000701d00000, 0x0000000701d00000|
|  30|0x0000000701e00000, 0x0000000701efffd0, 0x0000000701f00000| 99%| O|  |TS  0|AC  0|TAMS 0x0000000701e00000, 0x0000000701e00000|
|  31|0x0000000701f00000, 0x0000000701ffffb0, 0x0000000702000000| 99%| O|  |TS  0|AC  0|TAMS 0x0000000701f00000, 0x0000000701f00000|
|  32|0x0000000702000000, 0x00000007020fff30, 0x0000000702100000| 99%| O|  |TS  0|AC  0|TAMS 0x0000000702000000, 0x0000000702000000|
|  33|0x0000000702100000, 0x00000007021ffff0, 0x0000000702200000| 99%| O|  |TS  0|AC  0|TAMS 0x0000000702100000, 0x0000000702100000|
|  34|0x0000000702200000, 0x00000007022fffe8, 0x0000000702300000| 99%| O|  |TS  0|AC  0|TAMS 0x0000000702200000, 0x0000000702200000|
|  35|0x0000000702300000, 0x00000007023fffd8, 0x0000000702400000| 99%| O|  |TS  0|AC  0|TAMS 0x0000000702300000, 0x0000000702300000|
|  36|0x0000000702400000, 0x00000007024ffff0, 0x0000000702500000| 99%| O|  |TS  0|AC  0|TAMS 0x0000000702400000, 0x0000000702400000|
|  37|0x0000000702500000, 0x00000007025ffff0, 0x0000000702600000| 99%| O|  |TS  0|AC  0|TAMS 0x0000000702500000, 0x0000000702500000|
|  38|0x0000000702600000, 0x00000007026fffe0, 0x0000000702700000| 99%| O|  |TS  0|AC  0|TAMS 0x0000000702600000, 0x0000000702600000|
|  39|0x0000000702700000, 0x00000007027fffa0, 0x0000000702800000| 99%| O|  |TS  0|AC  0|TAMS 0x0000000702700000, 0x0000000702700000|
|  40|0x0000000702800000, 0x00000007028fffe0, 0x0000000702900000| 99%| O|  |TS  0|AC  0|TAMS 0x0000000702800000, 0x0000000702800000|
|  41|0x0000000702900000, 0x00000007029ffff8, 0x0000000702a00000| 99%| O|  |TS  0|AC  0|TAMS 0x0000000702900000, 0x0000000702900000|
|  42|0x0000000702a00000, 0x0000000702affff8, 0x0000000702b00000| 99%| O|  |TS  0|AC  0|TAMS 0x0000000702a00000, 0x0000000702a00000|
|  43|0x0000000702b00000, 0x0000000702bfe300, 0x0000000702c00000| 99%| O|  |TS  0|AC  0|TAMS 0x0000000702b00000, 0x0000000702b00000|
|  44|0x0000000702c00000, 0x0000000702cffd70, 0x0000000702d00000| 99%| O|  |TS  0|AC  0|TAMS 0x0000000702c00000, 0x0000000702c00000|
|  45|0x0000000702d00000, 0x0000000702e00000, 0x0000000702e00000|100%| O|  |TS  0|AC  0|TAMS 0x0000000702d00000, 0x0000000702d00000|
|  46|0x0000000702e00000, 0x0000000702f00000, 0x0000000702f00000|100%| O|  |TS  0|AC  0|TAMS 0x0000000702e00000, 0x0000000702e00000|
|  47|0x0000000702f00000, 0x0000000702fffae8, 0x0000000703000000| 99%| O|  |TS  0|AC  0|TAMS 0x0000000702f00000, 0x0000000702f00000|
|  48|0x0000000703000000, 0x00000007030fffc8, 0x0000000703100000| 99%| O|  |TS  0|AC  0|TAMS 0x0000000703000000, 0x0000000703000000|
|  49|0x0000000703100000, 0x00000007031fffe8, 0x0000000703200000| 99%| O|  |TS  0|AC  0|TAMS 0x0000000703100000, 0x0000000703100000|
|  50|0x0000000703200000, 0x00000007032ffff0, 0x0000000703300000| 99%| O|  |TS  0|AC  0|TAMS 0x0000000703200000, 0x0000000703200000|
|  51|0x0000000703300000, 0x00000007033ffff0, 0x0000000703400000| 99%| O|  |TS  0|AC  0|TAMS 0x0000000703300000, 0x0000000703300000|
|  52|0x0000000703400000, 0x00000007034ffff0, 0x0000000703500000| 99%| O|  |TS  0|AC  0|TAMS 0x0000000703400000, 0x0000000703400000|
|  53|0x0000000703500000, 0x00000007035a5740, 0x0000000703600000| 64%| O|  |TS  0|AC  0|TAMS 0x0000000703500000, 0x0000000703500000|
|  54|0x0000000703600000, 0x00000007036ffe50, 0x0000000703700000| 99%| O|  |TS  0|AC  0|TAMS 0x0000000703600000, 0x0000000703600000|
|  55|0x0000000703700000, 0x00000007037ff288, 0x0000000703800000| 99%| O|  |TS  0|AC  0|TAMS 0x0000000703700000, 0x0000000703700000|
|  56|0x0000000703800000, 0x00000007038ffee8, 0x0000000703900000| 99%| O|  |TS  0|AC  0|TAMS 0x0000000703800000, 0x0000000703800000|
|  57|0x0000000703900000, 0x00000007039ffff0, 0x0000000703a00000| 99%| O|  |TS  0|AC  0|TAMS 0x0000000703900000, 0x0000000703900000|
|  58|0x0000000703a00000, 0x0000000703afff00, 0x0000000703b00000| 99%| O|  |TS  0|AC  0|TAMS 0x0000000703a00000, 0x0000000703a00000|
|  59|0x0000000703b00000, 0x0000000703c00000, 0x0000000703c00000|100%|HS|  |TS  0|AC  0|TAMS 0x0000000703b00000, 0x0000000703b00000|
|  60|0x0000000703c00000, 0x0000000703d00000, 0x0000000703d00000|100%|HC|  |TS  0|AC  0|TAMS 0x0000000703c00000, 0x0000000703c00000|
|  61|0x0000000703d00000, 0x0000000703e00000, 0x0000000703e00000|100%|HC|  |TS  0|AC  0|TAMS 0x0000000703d00000, 0x0000000703d00000|
|  62|0x0000000703e00000, 0x0000000703f00000, 0x0000000703f00000|100%|HC|  |TS  0|AC  0|TAMS 0x0000000703e00000, 0x0000000703e00000|
|  63|0x0000000703f00000, 0x0000000704000000, 0x0000000704000000|100%|HC|  |TS  0|AC  0|TAMS 0x0000000703f00000, 0x0000000703f00000|
|  64|0x0000000704000000, 0x0000000704100000, 0x0000000704100000|100%|HC|  |TS  0|AC  0|TAMS 0x0000000704000000, 0x0000000704000000|
|  65|0x0000000704100000, 0x0000000704200000, 0x0000000704200000|100%|HC|  |TS  0|AC  0|TAMS 0x0000000704100000, 0x0000000704100000|
|  66|0x0000000704200000, 0x0000000704300000, 0x0000000704300000|100%|HC|  |TS  0|AC  0|TAMS 0x0000000704200000, 0x0000000704200000|
|  67|0x0000000704300000, 0x0000000704392660, 0x0000000704400000| 57%| O|  |TS  0|AC  0|TAMS 0x0000000704300000, 0x0000000704300000|
|  68|0x0000000704400000, 0x0000000704500000, 0x0000000704500000|100%|HS|  |TS  0|AC  0|TAMS 0x0000000704400000, 0x0000000704400000|
|  69|0x0000000704500000, 0x00000007045fffe8, 0x0000000704600000| 99%| O|  |TS  0|AC  0|TAMS 0x0000000704500000, 0x0000000704500000|
|  70|0x0000000704600000, 0x00000007046206b0, 0x0000000704700000| 12%| O|  |TS  0|AC  0|TAMS 0x0000000704600000, 0x0000000704600000|
|  71|0x0000000704700000, 0x0000000704700000, 0x0000000704800000|  0%| F|  |TS  0|AC  0|TAMS 0x0000000704700000, 0x0000000704700000|
|  72|0x0000000704800000, 0x0000000704900000, 0x0000000704900000|100%|HS|  |TS  0|AC  0|TAMS 0x0000000704800000, 0x0000000704800000|
|  73|0x0000000704900000, 0x0000000704a00000, 0x0000000704a00000|100%|HC|  |TS  0|AC  0|TAMS 0x0000000704900000, 0x0000000704900000|
|  74|0x0000000704a00000, 0x0000000704a00000, 0x0000000704b00000|  0%| F|  |TS  0|AC  0|TAMS 0x0000000704a00000, 0x0000000704a00000|
|  75|0x0000000704b00000, 0x0000000704b00000, 0x0000000704c00000|  0%| F|  |TS  0|AC  0|TAMS 0x0000000704b00000, 0x0000000704b00000|
|  76|0x0000000704c00000, 0x0000000704c00000, 0x0000000704d00000|  0%| F|  |TS  0|AC  0|TAMS 0x0000000704c00000, 0x0000000704c00000|
|  77|0x0000000704d00000, 0x0000000704d00000, 0x0000000704e00000|  0%| F|  |TS  0|AC  0|TAMS 0x0000000704d00000, 0x0000000704d00000|
|  78|0x0000000704e00000, 0x0000000704e00000, 0x0000000704f00000|  0%| F|  |TS  0|AC  0|TAMS 0x0000000704e00000, 0x0000000704e00000|
|  79|0x0000000704f00000, 0x0000000704f00000, 0x0000000705000000|  0%| F|  |TS  0|AC  0|TAMS 0x0000000704f00000, 0x0000000704f00000|
|  80|0x0000000705000000, 0x0000000705000000, 0x0000000705100000|  0%| F|  |TS  0|AC  0|TAMS 0x0000000705000000, 0x0000000705000000|
|  81|0x0000000705100000, 0x0000000705100000, 0x0000000705200000|  0%| F|  |TS  0|AC  0|TAMS 0x0000000705100000, 0x0000000705100000|
|  82|0x0000000705200000, 0x0000000705200000, 0x0000000705300000|  0%| F|  |TS  0|AC  0|TAMS 0x0000000705200000, 0x0000000705200000|
|  83|0x0000000705300000, 0x0000000705300000, 0x0000000705400000|  0%| F|  |TS  0|AC  0|TAMS 0x0000000705300000, 0x0000000705300000|
|  84|0x0000000705400000, 0x0000000705400000, 0x0000000705500000|  0%| F|  |TS  0|AC  0|TAMS 0x0000000705400000, 0x0000000705400000|
|  85|0x0000000705500000, 0x0000000705500000, 0x0000000705600000|  0%| F|  |TS  0|AC  0|TAMS 0x0000000705500000, 0x0000000705500000|
|  86|0x0000000705600000, 0x0000000705600000, 0x0000000705700000|  0%| F|  |TS  0|AC  0|TAMS 0x0000000705600000, 0x0000000705600000|
|  87|0x0000000705700000, 0x0000000705700000, 0x0000000705800000|  0%| F|  |TS  0|AC  0|TAMS 0x0000000705700000, 0x0000000705700000|
|  88|0x0000000705800000, 0x0000000705800000, 0x0000000705900000|  0%| F|  |TS  0|AC  0|TAMS 0x0000000705800000, 0x0000000705800000|
|  89|0x0000000705900000, 0x0000000705900000, 0x0000000705a00000|  0%| F|  |TS  0|AC  0|TAMS 0x0000000705900000, 0x0000000705900000|
|  90|0x0000000705a00000, 0x0000000705a00000, 0x0000000705b00000|  0%| F|  |TS  0|AC  0|TAMS 0x0000000705a00000, 0x0000000705a00000|
|  91|0x0000000705b00000, 0x0000000705b00000, 0x0000000705c00000|  0%| F|  |TS  0|AC  0|TAMS 0x0000000705b00000, 0x0000000705b00000|
|  92|0x0000000705c00000, 0x0000000705c00000, 0x0000000705d00000|  0%| F|  |TS  0|AC  0|TAMS 0x0000000705c00000, 0x0000000705c00000|
|  93|0x0000000705d00000, 0x0000000705d00000, 0x0000000705e00000|  0%| F|  |TS  0|AC  0|TAMS 0x0000000705d00000, 0x0000000705d00000|
|  94|0x0000000705e00000, 0x0000000705e00000, 0x0000000705f00000|  0%| F|  |TS  0|AC  0|TAMS 0x0000000705e00000, 0x0000000705e00000|
|  95|0x0000000705f00000, 0x0000000705f00000, 0x0000000706000000|  0%| F|  |TS  0|AC  0|TAMS 0x0000000705f00000, 0x0000000705f00000|
|  96|0x0000000706000000, 0x0000000706000000, 0x0000000706100000|  0%| F|  |TS  0|AC  0|TAMS 0x0000000706000000, 0x0000000706000000|
|  97|0x0000000706100000, 0x0000000706100000, 0x0000000706200000|  0%| F|  |TS  0|AC  0|TAMS 0x0000000706100000, 0x0000000706100000|
|  98|0x0000000706200000, 0x0000000706200000, 0x0000000706300000|  0%| F|  |TS  0|AC  0|TAMS 0x0000000706200000, 0x0000000706200000|
|  99|0x0000000706300000, 0x0000000706300000, 0x0000000706400000|  0%| F|  |TS  0|AC  0|TAMS 0x0000000706300000, 0x0000000706300000|
| 100|0x0000000706400000, 0x0000000706400000, 0x0000000706500000|  0%| F|  |TS  0|AC  0|TAMS 0x0000000706400000, 0x0000000706400000|
| 101|0x0000000706500000, 0x0000000706500000, 0x0000000706600000|  0%| F|  |TS  0|AC  0|TAMS 0x0000000706500000, 0x0000000706500000|
| 102|0x0000000706600000, 0x0000000706600000, 0x0000000706700000|  0%| F|  |TS  0|AC  0|TAMS 0x0000000706600000, 0x0000000706600000|
| 103|0x0000000706700000, 0x0000000706700000, 0x0000000706800000|  0%| F|  |TS  0|AC  0|TAMS 0x0000000706700000, 0x0000000706700000|
| 104|0x0000000706800000, 0x0000000706800000, 0x0000000706900000|  0%| F|  |TS  0|AC  0|TAMS 0x0000000706800000, 0x0000000706800000|
| 105|0x0000000706900000, 0x0000000706900000, 0x0000000706a00000|  0%| F|  |TS  0|AC  0|TAMS 0x0000000706900000, 0x0000000706900000|
| 106|0x0000000706a00000, 0x0000000706a00000, 0x0000000706b00000|  0%| F|  |TS  0|AC  0|TAMS 0x0000000706a00000, 0x0000000706a00000|
| 107|0x0000000706b00000, 0x0000000706b00000, 0x0000000706c00000|  0%| F|  |TS  0|AC  0|TAMS 0x0000000706b00000, 0x0000000706b00000|
| 108|0x0000000706c00000, 0x0000000706c00000, 0x0000000706d00000|  0%| F|  |TS  0|AC  0|TAMS 0x0000000706c00000, 0x0000000706c00000|
| 109|0x0000000706d00000, 0x0000000706d00000, 0x0000000706e00000|  0%| F|  |TS  0|AC  0|TAMS 0x0000000706d00000, 0x0000000706d00000|
| 110|0x0000000706e00000, 0x0000000706e00000, 0x0000000706f00000|  0%| F|  |TS  0|AC  0|TAMS 0x0000000706e00000, 0x0000000706e00000|
| 111|0x0000000706f00000, 0x0000000706f00000, 0x0000000707000000|  0%| F|  |TS  0|AC  0|TAMS 0x0000000706f00000, 0x0000000706f00000|
| 112|0x0000000707000000, 0x0000000707000000, 0x0000000707100000|  0%| F|  |TS  0|AC  0|TAMS 0x0000000707000000, 0x0000000707000000|
| 113|0x0000000707100000, 0x0000000707100000, 0x0000000707200000|  0%| F|  |TS  0|AC  0|TAMS 0x0000000707100000, 0x0000000707100000|
| 114|0x0000000707200000, 0x0000000707200000, 0x0000000707300000|  0%| F|  |TS  0|AC  0|TAMS 0x0000000707200000, 0x0000000707200000|
| 115|0x0000000707300000, 0x0000000707300000, 0x0000000707400000|  0%| F|  |TS  0|AC  0|TAMS 0x0000000707300000, 0x0000000707300000|
| 116|0x0000000707400000, 0x0000000707400000, 0x0000000707500000|  0%| F|  |TS  0|AC  0|TAMS 0x0000000707400000, 0x0000000707400000|
| 117|0x0000000707500000, 0x0000000707500000, 0x0000000707600000|  0%| F|  |TS  0|AC  0|TAMS 0x0000000707500000, 0x0000000707500000|
| 118|0x0000000707600000, 0x0000000707600000, 0x0000000707700000|  0%| F|  |TS  0|AC  0|TAMS 0x0000000707600000, 0x0000000707600000|
| 119|0x0000000707700000, 0x0000000707700000, 0x0000000707800000|  0%| F|  |TS  0|AC  0|TAMS 0x0000000707700000, 0x0000000707700000|
| 120|0x0000000707800000, 0x0000000707800000, 0x0000000707900000|  0%| F|  |TS  0|AC  0|TAMS 0x0000000707800000, 0x0000000707800000|
| 121|0x0000000707900000, 0x0000000707900000, 0x0000000707a00000|  0%| F|  |TS  0|AC  0|TAMS 0x0000000707900000, 0x0000000707900000|
| 122|0x0000000707a00000, 0x0000000707a00000, 0x0000000707b00000|  0%| F|  |TS  0|AC  0|TAMS 0x0000000707a00000, 0x0000000707a00000|
| 123|0x0000000707b00000, 0x0000000707b00000, 0x0000000707c00000|  0%| F|  |TS  0|AC  0|TAMS 0x0000000707b00000, 0x0000000707b00000|
| 124|0x0000000707c00000, 0x0000000707c00000, 0x0000000707d00000|  0%| F|  |TS 19|AC  0|TAMS 0x0000000707c00000, 0x0000000707c00000|
| 125|0x0000000707d00000, 0x0000000707dd5d70, 0x0000000707e00000| 83%| S|CS|TS 25|AC  0|TAMS 0x0000000707d00000, 0x0000000707d00000|
| 126|0x0000000707e00000, 0x0000000707e00000, 0x0000000707f00000|  0%| F|  |TS 25|AC  0|TAMS 0x0000000707e00000, 0x0000000707e00000|
| 127|0x0000000707f00000, 0x0000000707f00000, 0x0000000708000000|  0%| F|  |TS 25|AC  0|TAMS 0x0000000707f00000, 0x0000000707f00000|
| 128|0x0000000708000000, 0x0000000708000000, 0x0000000708100000|  0%| F|  |TS 25|AC  0|TAMS 0x0000000708000000, 0x0000000708000000|
| 129|0x0000000708100000, 0x0000000708100000, 0x0000000708200000|  0%| F|  |TS 25|AC  0|TAMS 0x0000000708100000, 0x0000000708100000|
| 130|0x0000000708200000, 0x0000000708200000, 0x0000000708300000|  0%| F|  |TS 25|AC  0|TAMS 0x0000000708200000, 0x0000000708200000|
| 131|0x0000000708300000, 0x0000000708300000, 0x0000000708400000|  0%| F|  |TS 25|AC  0|TAMS 0x0000000708300000, 0x0000000708300000|
| 132|0x0000000708400000, 0x0000000708400000, 0x0000000708500000|  0%| F|  |TS 25|AC  0|TAMS 0x0000000708400000, 0x0000000708400000|
| 133|0x0000000708500000, 0x0000000708500000, 0x0000000708600000|  0%| F|  |TS 25|AC  0|TAMS 0x0000000708500000, 0x0000000708500000|
| 134|0x0000000708600000, 0x0000000708600000, 0x0000000708700000|  0%| F|  |TS 25|AC  0|TAMS 0x0000000708600000, 0x0000000708600000|
| 135|0x0000000708700000, 0x0000000708700000, 0x0000000708800000|  0%| F|  |TS 25|AC  0|TAMS 0x0000000708700000, 0x0000000708700000|
| 136|0x0000000708800000, 0x0000000708800000, 0x0000000708900000|  0%| F|  |TS 25|AC  0|TAMS 0x0000000708800000, 0x0000000708800000|
| 137|0x0000000708900000, 0x0000000708900000, 0x0000000708a00000|  0%| F|  |TS 25|AC  0|TAMS 0x0000000708900000, 0x0000000708900000|
| 138|0x0000000708a00000, 0x0000000708a00000, 0x0000000708b00000|  0%| F|  |TS 25|AC  0|TAMS 0x0000000708a00000, 0x0000000708a00000|
| 139|0x0000000708b00000, 0x0000000708b00000, 0x0000000708c00000|  0%| F|  |TS 25|AC  0|TAMS 0x0000000708b00000, 0x0000000708b00000|
| 140|0x0000000708c00000, 0x0000000708c00000, 0x0000000708d00000|  0%| F|  |TS 25|AC  0|TAMS 0x0000000708c00000, 0x0000000708c00000|
| 141|0x0000000708d00000, 0x0000000708d00000, 0x0000000708e00000|  0%| F|  |TS 25|AC  0|TAMS 0x0000000708d00000, 0x0000000708d00000|
| 142|0x0000000708e00000, 0x0000000708e00000, 0x0000000708f00000|  0%| F|  |TS 25|AC  0|TAMS 0x0000000708e00000, 0x0000000708e00000|
| 143|0x0000000708f00000, 0x0000000708f00000, 0x0000000709000000|  0%| F|  |TS 25|AC  0|TAMS 0x0000000708f00000, 0x0000000708f00000|
| 144|0x0000000709000000, 0x0000000709000000, 0x0000000709100000|  0%| F|  |TS 25|AC  0|TAMS 0x0000000709000000, 0x0000000709000000|
| 145|0x0000000709100000, 0x0000000709100000, 0x0000000709200000|  0%| F|  |TS 25|AC  0|TAMS 0x0000000709100000, 0x0000000709100000|
| 146|0x0000000709200000, 0x0000000709200000, 0x0000000709300000|  0%| F|  |TS 25|AC  0|TAMS 0x0000000709200000, 0x0000000709200000|
| 147|0x0000000709300000, 0x0000000709300000, 0x0000000709400000|  0%| F|  |TS 25|AC  0|TAMS 0x0000000709300000, 0x0000000709300000|
| 148|0x0000000709400000, 0x0000000709400000, 0x0000000709500000|  0%| F|  |TS 25|AC  0|TAMS 0x0000000709400000, 0x0000000709400000|
| 149|0x0000000709500000, 0x0000000709500000, 0x0000000709600000|  0%| F|  |TS 25|AC  0|TAMS 0x0000000709500000, 0x0000000709500000|
| 150|0x0000000709600000, 0x0000000709600000, 0x0000000709700000|  0%| F|  |TS 25|AC  0|TAMS 0x0000000709600000, 0x0000000709600000|
| 151|0x0000000709700000, 0x0000000709700000, 0x0000000709800000|  0%| F|  |TS 25|AC  0|TAMS 0x0000000709700000, 0x0000000709700000|
| 152|0x0000000709800000, 0x0000000709800000, 0x0000000709900000|  0%| F|  |TS 25|AC  0|TAMS 0x0000000709800000, 0x0000000709800000|
| 153|0x0000000709900000, 0x0000000709900000, 0x0000000709a00000|  0%| F|  |TS 25|AC  0|TAMS 0x0000000709900000, 0x0000000709900000|
| 154|0x0000000709a00000, 0x0000000709a00000, 0x0000000709b00000|  0%| F|  |TS 25|AC  0|TAMS 0x0000000709a00000, 0x0000000709a00000|
| 155|0x0000000709b00000, 0x0000000709b00000, 0x0000000709c00000|  0%| F|  |TS 25|AC  0|TAMS 0x0000000709b00000, 0x0000000709b00000|
| 156|0x0000000709c00000, 0x0000000709c00000, 0x0000000709d00000|  0%| F|  |TS 25|AC  0|TAMS 0x0000000709c00000, 0x0000000709c00000|
| 157|0x0000000709d00000, 0x0000000709d00000, 0x0000000709e00000|  0%| F|  |TS 25|AC  0|TAMS 0x0000000709d00000, 0x0000000709d00000|
| 158|0x0000000709e00000, 0x0000000709e00000, 0x0000000709f00000|  0%| F|  |TS 25|AC  0|TAMS 0x0000000709e00000, 0x0000000709e00000|
| 159|0x0000000709f00000, 0x0000000709f00000, 0x000000070a000000|  0%| F|  |TS 25|AC  0|TAMS 0x0000000709f00000, 0x0000000709f00000|
| 160|0x000000070a000000, 0x000000070a000000, 0x000000070a100000|  0%| F|  |TS 25|AC  0|TAMS 0x000000070a000000, 0x000000070a000000|
| 161|0x000000070a100000, 0x000000070a100000, 0x000000070a200000|  0%| F|  |TS 25|AC  0|TAMS 0x000000070a100000, 0x000000070a100000|
| 162|0x000000070a200000, 0x000000070a200000, 0x000000070a300000|  0%| F|  |TS 25|AC  0|TAMS 0x000000070a200000, 0x000000070a200000|
| 163|0x000000070a300000, 0x000000070a300000, 0x000000070a400000|  0%| F|  |TS 25|AC  0|TAMS 0x000000070a300000, 0x000000070a300000|
| 164|0x000000070a400000, 0x000000070a400000, 0x000000070a500000|  0%| F|  |TS 25|AC  0|TAMS 0x000000070a400000, 0x000000070a400000|
| 165|0x000000070a500000, 0x000000070a5929c0, 0x000000070a600000| 57%| E|  |TS 25|AC  0|TAMS 0x000000070a500000, 0x000000070a500000|
| 166|0x000000070a600000, 0x000000070a700000, 0x000000070a700000|100%| E|CS|TS 25|AC  0|TAMS 0x000000070a600000, 0x000000070a600000|
| 167|0x000000070a700000, 0x000000070a800000, 0x000000070a800000|100%| E|CS|TS 25|AC  0|TAMS 0x000000070a700000, 0x000000070a700000|
| 168|0x000000070a800000, 0x000000070a900000, 0x000000070a900000|100%| E|CS|TS 25|AC  0|TAMS 0x000000070a800000, 0x000000070a800000|
| 169|0x000000070a900000, 0x000000070aa00000, 0x000000070aa00000|100%| E|CS|TS 25|AC  0|TAMS 0x000000070a900000, 0x000000070a900000|
| 170|0x000000070aa00000, 0x000000070ab00000, 0x000000070ab00000|100%| E|CS|TS 25|AC  0|TAMS 0x000000070aa00000, 0x000000070aa00000|
| 171|0x000000070ab00000, 0x000000070ac00000, 0x000000070ac00000|100%| E|CS|TS 25|AC  0|TAMS 0x000000070ab00000, 0x000000070ab00000|
| 172|0x000000070ac00000, 0x000000070ad00000, 0x000000070ad00000|100%| E|CS|TS 25|AC  0|TAMS 0x000000070ac00000, 0x000000070ac00000|
| 173|0x000000070ad00000, 0x000000070ae00000, 0x000000070ae00000|100%| E|CS|TS 25|AC  0|TAMS 0x000000070ad00000, 0x000000070ad00000|
| 174|0x000000070ae00000, 0x000000070af00000, 0x000000070af00000|100%| E|CS|TS 25|AC  0|TAMS 0x000000070ae00000, 0x000000070ae00000|
| 175|0x000000070af00000, 0x000000070b000000, 0x000000070b000000|100%| E|CS|TS 25|AC  0|TAMS 0x000000070af00000, 0x000000070af00000|
| 176|0x000000070b000000, 0x000000070b100000, 0x000000070b100000|100%| E|CS|TS 25|AC  0|TAMS 0x000000070b000000, 0x000000070b000000|
| 177|0x000000070b100000, 0x000000070b200000, 0x000000070b200000|100%| E|CS|TS 25|AC  0|TAMS 0x000000070b100000, 0x000000070b100000|
| 178|0x000000070b200000, 0x000000070b300000, 0x000000070b300000|100%| E|CS|TS 25|AC  0|TAMS 0x000000070b200000, 0x000000070b200000|
| 179|0x000000070b300000, 0x000000070b400000, 0x000000070b400000|100%| E|CS|TS 25|AC  0|TAMS 0x000000070b300000, 0x000000070b300000|
| 180|0x000000070b400000, 0x000000070b500000, 0x000000070b500000|100%| E|CS|TS 25|AC  0|TAMS 0x000000070b400000, 0x000000070b400000|
| 181|0x000000070b500000, 0x000000070b600000, 0x000000070b600000|100%| E|CS|TS 25|AC  0|TAMS 0x000000070b500000, 0x000000070b500000|
| 182|0x000000070b600000, 0x000000070b700000, 0x000000070b700000|100%| E|CS|TS 25|AC  0|TAMS 0x000000070b600000, 0x000000070b600000|
| 183|0x000000070b700000, 0x000000070b800000, 0x000000070b800000|100%| E|CS|TS 25|AC  0|TAMS 0x000000070b700000, 0x000000070b700000|
| 184|0x000000070b800000, 0x000000070b900000, 0x000000070b900000|100%| E|CS|TS 25|AC  0|TAMS 0x000000070b800000, 0x000000070b800000|
| 185|0x000000070b900000, 0x000000070ba00000, 0x000000070ba00000|100%| E|CS|TS 25|AC  0|TAMS 0x000000070b900000, 0x000000070b900000|

Card table byte_map: [0x000001e298be0000,0x000001e2991e0000] byte_map_base: 0x000001e2953e0000

Marking Bits (Prev, Next): (CMBitMap*) 0x000001e2f94755a8, (CMBitMap*) 0x000001e2f9475570
 Prev Bits: [0x000001e29c7e0000, 0x000001e29f7e0000)
 Next Bits: [0x000001e2997e0000, 0x000001e29c7e0000)

Polling page: 0x000001e281020000

CodeHeap 'non-profiled nmethods': size=120000Kb used=22973Kb max_used=22973Kb free=97026Kb
 bounds [0x000001e290050000, 0x000001e2916d0000, 0x000001e297580000]
CodeHeap 'profiled nmethods': size=120000Kb used=41727Kb max_used=43800Kb free=78272Kb
 bounds [0x000001e288b20000, 0x000001e28b640000, 0x000001e290050000]
CodeHeap 'non-nmethods': size=5760Kb used=1812Kb max_used=1869Kb free=3947Kb
 bounds [0x000001e288580000, 0x000001e2887f0000, 0x000001e288b20000]
 total_blobs=35432 nmethods=18069 adapters=1158
 compilation: enabled

Compilation events (10 events):
Event: 2465.281 Thread 0x000001e2f888b000 23950       3       com.jidesoft.grid.JideTable::columnSelectionChanged (328 bytes)
Event: 2465.284 Thread 0x000001e2f888b000 nmethod 23950 0x000001e28ac31b10 code [0x000001e28ac31f20, 0x000001e28ac34e10]
Event: 2465.284 Thread 0x000001e2f888b000 23951       3       ui.utils.i.j.U::columnSelectionChanged (1 bytes)
Event: 2465.284 Thread 0x000001e2f888b000 nmethod 23951 0x000001e288d82410 code [0x000001e288d825c0, 0x000001e288d82718]
Event: 2465.284 Thread 0x000001e2f888b000 23952       3       javax.swing.table.JTableHeader::columnSelectionChanged (1 bytes)
Event: 2465.284 Thread 0x000001e2f888b000 nmethod 23952 0x000001e288d94190 code [0x000001e288d94340, 0x000001e288d94498]
Event: 2465.284 Thread 0x000001e2f888b000 23953       3       com.jidesoft.plaf.basic.BasicCellStyleTableHeaderUIDelegate::columnSelectionChanged (1 bytes)
Event: 2465.285 Thread 0x000001e2f888b000 nmethod 23953 0x000001e288ddfb10 code [0x000001e288ddfcc0, 0x000001e288ddfe18]
Event: 2465.285 Thread 0x000001e2f888b000 23954       3       ui.views.O.i.g::columnSelectionChanged (1 bytes)
Event: 2465.285 Thread 0x000001e2f888b000 nmethod 23954 0x000001e288e08810 code [0x000001e288e089c0, 0x000001e288e08b18]

GC Heap History (10 events):
Event: 2432.023 GC heap before
{Heap before GC invocations=379 (full 117):
 garbage-first heap   total 190464K, used 133519K [0x0000000700000000, 0x00000007001005d0, 0x00000007c0000000)
  region size 1024K, 60 young (61440K), 1 survivors (1024K)
 Metaspace       used 86855K, capacity 93083K, committed 93212K, reserved 1130496K
  class space    used 11708K, capacity 12798K, committed 12828K, reserved 1048576K
}
Event: 2432.026 GC heap after
{Heap after GC invocations=380 (full 117):
 garbage-first heap   total 190464K, used 73701K [0x0000000700000000, 0x00000007001005d0, 0x00000007c0000000)
  region size 1024K, 2 young (2048K), 2 survivors (2048K)
 Metaspace       used 86855K, capacity 93083K, committed 93212K, reserved 1130496K
  class space    used 11708K, capacity 12798K, committed 12828K, reserved 1048576K
}
Event: 2447.704 GC heap before
{Heap before GC invocations=380 (full 117):
 garbage-first heap   total 190464K, used 133093K [0x0000000700000000, 0x00000007001005d0, 0x00000007c0000000)
  region size 1024K, 60 young (61440K), 2 survivors (2048K)
 Metaspace       used 86881K, capacity 93147K, committed 93212K, reserved 1130496K
  class space    used 11708K, capacity 12798K, committed 12828K, reserved 1048576K
}
Event: 2447.709 GC heap after
{Heap after GC invocations=381 (full 117):
 garbage-first heap   total 190464K, used 73085K [0x0000000700000000, 0x00000007001005d0, 0x00000007c0000000)
  region size 1024K, 1 young (1024K), 1 survivors (1024K)
 Metaspace       used 86881K, capacity 93147K, committed 93212K, reserved 1130496K
  class space    used 11708K, capacity 12798K, committed 12828K, reserved 1048576K
}
Event: 2455.166 GC heap before
{Heap before GC invocations=381 (full 117):
 garbage-first heap   total 190464K, used 133501K [0x0000000700000000, 0x00000007001005d0, 0x00000007c0000000)
  region size 1024K, 60 young (61440K), 1 survivors (1024K)
 Metaspace       used 86892K, capacity 93211K, committed 93468K, reserved 1130496K
  class space    used 11708K, capacity 12798K, committed 12828K, reserved 1048576K
}
Event: 2455.170 GC heap after
{Heap after GC invocations=382 (full 117):
 garbage-first heap   total 190464K, used 72965K [0x0000000700000000, 0x00000007001005d0, 0x00000007c0000000)
  region size 1024K, 1 young (1024K), 1 survivors (1024K)
 Metaspace       used 86892K, capacity 93211K, committed 93468K, reserved 1130496K
  class space    used 11708K, capacity 12798K, committed 12828K, reserved 1048576K
}
Event: 2455.635 GC heap before
{Heap before GC invocations=382 (full 117):
 garbage-first heap   total 190464K, used 133381K [0x0000000700000000, 0x00000007001005d0, 0x00000007c0000000)
  region size 1024K, 60 young (61440K), 1 survivors (1024K)
 Metaspace       used 86892K, capacity 93211K, committed 93468K, reserved 1130496K
  class space    used 11708K, capacity 12798K, committed 12828K, reserved 1048576K
}
Event: 2455.637 GC heap after
{Heap after GC invocations=383 (full 117):
 garbage-first heap   total 190464K, used 73033K [0x0000000700000000, 0x00000007001005d0, 0x00000007c0000000)
  region size 1024K, 1 young (1024K), 1 survivors (1024K)
 Metaspace       used 86892K, capacity 93211K, committed 93468K, reserved 1130496K
  class space    used 11708K, capacity 12798K, committed 12828K, reserved 1048576K
}
Event: 2461.867 GC heap before
{Heap before GC invocations=383 (full 117):
 garbage-first heap   total 190464K, used 133449K [0x0000000700000000, 0x00000007001005d0, 0x00000007c0000000)
  region size 1024K, 60 young (61440K), 1 survivors (1024K)
 Metaspace       used 86898K, capacity 93211K, committed 93468K, reserved 1130496K
  class space    used 11708K, capacity 12798K, committed 12828K, reserved 1048576K
}
Event: 2461.871 GC heap after
{Heap after GC invocations=384 (full 117):
 garbage-first heap   total 190464K, used 73233K [0x0000000700000000, 0x00000007001005d0, 0x00000007c0000000)
  region size 1024K, 1 young (1024K), 1 survivors (1024K)
 Metaspace       used 86898K, capacity 93211K, committed 93468K, reserved 1130496K
  class space    used 11708K, capacity 12798K, committed 12828K, reserved 1048576K
}

Deoptimization events (10 events):
Event: 2112.793 Thread 0x000001e2a36b3800 Uncommon trap: reason=unstable_if action=reinterpret pc=0x000001e291409d38 method=ui.views.V.a.aw.a(Ljava/awt/Graphics;II)V @ 219 c2
Event: 2136.488 Thread 0x000001e2a36b3800 Uncommon trap: reason=unstable_if action=reinterpret pc=0x000001e291172fa4 method=java.awt.EventQueue.setCurrentEventAndMostRecentTimeImpl(Ljava/awt/AWTEvent;)V @ 87 c2
Event: 2152.363 Thread 0x000001e2aa26e000 Uncommon trap: reason=unstable_if action=reinterpret pc=0x000001e291289968 method=java.security.AccessControlContext.optimize()Ljava/security/AccessControlContext; @ 49 c2
Event: 2182.624 Thread 0x000001e2a31f5000 Uncommon trap: reason=unstable_if action=reinterpret pc=0x000001e291061c68 method=java.util.concurrent.locks.AbstractQueuedSynchronizer.acquireInterruptibly(I)V @ 19 c2
Event: 2205.124 Thread 0x000001e2a36b3800 Uncommon trap: reason=unstable_if action=reinterpret pc=0x000001e291412b5c method=com.jidesoft.editor.highlight.DefaultHighlighter.paint(Ljava/awt/Graphics;)V @ 17 c2
Event: 2205.124 Thread 0x000001e2a36b3800 Uncommon trap: reason=unstable_if action=reinterpret pc=0x000001e2909601b8 method=com.jidesoft.editor.highlight.DefaultHighlighter.paintLayeredHighlights(Ljava/awt/Graphics;IILjava/awt/Shape;Lcom/jidesoft/editor/CodeEditor;)V @ 18 c2
Event: 2205.128 Thread 0x000001e2a36b3800 Uncommon trap: reason=unstable_if action=reinterpret pc=0x000001e291381ef4 method=com.jidesoft.editor.highlight.DefaultHighlighter.paintLayeredHighlights(Ljava/awt/Graphics;IILjava/awt/Shape;Lcom/jidesoft/editor/CodeEditor;)V @ 18 c2
Event: 2428.453 Thread 0x000001e2aa265800 Uncommon trap: reason=unstable_if action=reinterpret pc=0x000001e290d77e84 method=java.util.concurrent.locks.ReentrantLock$Sync.nonfairTryAcquire(I)Z @ 19 c2
Event: 2430.602 Thread 0x000001e2a36b3800 Uncommon trap: reason=range_check action=make_not_entrant pc=0x000001e291365968 method=ui.views.V.a.ck.markTokensImpl(BLjavax/swing/text/Segment;I)B @ 712 c2
Event: 2449.077 Thread 0x000001e2a36b3800 Uncommon trap: reason=unstable_if action=reinterpret pc=0x000001e2905c9670 method=java.lang.String.indexOf(Ljava/lang/String;)I @ 48 c2

Classes redefined (0 events):
No events

Internal exceptions (10 events):
Event: 2040.079 Thread 0x000001e2a36b3800 Exception <a 'java/lang/NoSuchMethodError'{0x00000007086ba220}: java.lang.invoke.DelegatingMethodHandle$Holder.reinvoke_L(Ljava/lang/Object;IILjava/lang/Object;Ljava/lang/Object;Ljava/lang/Object;Ljava/lang/Object;Ljava/lang/Object;Ljava/lang/Object;Ljava
Event: 2040.081 Thread 0x000001e2a36b3800 Exception <a 'java/lang/NoSuchMethodError'{0x000000070850bdc0}: java.lang.invoke.DirectMethodHandle$Holder.invokeSpecial(Ljava/lang/Object;Ljava/lang/Object;Ljava/lang/Object;Ljava/lang/Object;Ljava/lang/Object;Ljava/lang/Object;Ljava/lang/Object;Ljava/la
Event: 2040.085 Thread 0x000001e2a36b3800 Exception <a 'java/lang/NoSuchMethodError'{0x00000007085944a8}: java.lang.invoke.DirectMethodHandle$Holder.invokeSpecial(Ljava/lang/Object;Ljava/lang/Object;IILjava/lang/Object;IILjava/lang/Object;Ljava/lang/Object;)Ljava/lang/Object;> (0x00000007085944a8
Event: 2040.085 Thread 0x000001e2a36b3800 Exception <a 'java/lang/NoSuchMethodError'{0x0000000708597de0}: java.lang.invoke.DelegatingMethodHandle$Holder.reinvoke_L(Ljava/lang/Object;IILjava/lang/Object;IILjava/lang/Object;Ljava/lang/Object;)Ljava/lang/Object;> (0x0000000708597de0) thrown at [t:/w
Event: 2040.086 Thread 0x000001e2a36b3800 Exception <a 'java/lang/NoSuchMethodError'{0x00000007085eeb58}: java.lang.invoke.DirectMethodHandle$Holder.invokeSpecial(Ljava/lang/Object;Ljava/lang/Object;Ljava/lang/Object;IILjava/lang/Object;Ljava/lang/Object;)Ljava/lang/Object;> (0x00000007085eeb58) 
Event: 2076.798 Thread 0x000001e2a36b3800 Exception <a 'java/lang/NoSuchMethodError'{0x0000000708633e50}: java.lang.invoke.DirectMethodHandle$Holder.invokeSpecial(Ljava/lang/Object;Ljava/lang/Object;IILjava/lang/Object;ILjava/lang/Object;I)Ljava/lang/Object;> (0x0000000708633e50) thrown at [t:/wo
Event: 2076.798 Thread 0x000001e2a36b3800 Exception <a 'java/lang/NoSuchMethodError'{0x00000007086375c0}: java.lang.invoke.DelegatingMethodHandle$Holder.reinvoke_L(Ljava/lang/Object;IILjava/lang/Object;ILjava/lang/Object;I)Ljava/lang/Object;> (0x00000007086375c0) thrown at [t:/workspace/hotspot/s
Event: 2101.144 Thread 0x000001e2aa26e000 Exception <a 'java/lang/InterruptedException'{0x0000000709c6e460}: sleep interrupted> (0x0000000709c6e460) thrown at [t:/workspace/hotspot/src/share/vm/prims/jvm.cpp, line 3023]
Event: 2152.363 Thread 0x000001e2aa26e000 Implicit null exception at 0x000001e291289369 to 0x000001e291289951
Event: 2338.510 Thread 0x000001e2aa26b800 Exception <a 'java/lang/InterruptedException'{0x000000070ac135f0}: sleep interrupted> (0x000000070ac135f0) thrown at [t:/workspace/hotspot/src/share/vm/prims/jvm.cpp, line 3023]

Events (10 events):
Event: 2461.849 Thread 0x000001e2aa26e800 Thread added: 0x000001e2aa26e800
Event: 2461.855 Thread 0x000001e2aa26e800 Thread exited: 0x000001e2aa26e800
Event: 2461.867 Executing VM operation: G1IncCollectionPause
Event: 2461.871 Executing VM operation: G1IncCollectionPause done
Event: 2462.849 Thread 0x000001e2aa26e800 Thread added: 0x000001e2aa26e800
Event: 2462.859 Thread 0x000001e2aa26e800 Thread exited: 0x000001e2aa26e800
Event: 2463.853 Thread 0x000001e2aa26e800 Thread added: 0x000001e2aa26e800
Event: 2463.860 Thread 0x000001e2aa26e800 Thread exited: 0x000001e2aa26e800
Event: 2464.853 Thread 0x000001e2aa26a000 Thread added: 0x000001e2aa26a000
Event: 2464.861 Thread 0x000001e2aa26a000 Thread exited: 0x000001e2aa26a000


Dynamic libraries:
0x00007ff6c45a0000 - 0x00007ff6c45d0000 	D:\software\vivado\vivado2019.1\Vivado\2019.1\bin\unwrapped\win64.o\vivado.exe
0x00007ff96cd60000 - 0x00007ff96cf69000 	C:\WINDOWS\SYSTEM32\ntdll.dll
0x00007ff96ca70000 - 0x00007ff96cb2d000 	C:\WINDOWS\System32\KERNEL32.DLL
0x00007ff96a460000 - 0x00007ff96a7d4000 	C:\WINDOWS\System32\KERNELBASE.dll
0x00007ff96a8a0000 - 0x00007ff96a9b1000 	C:\WINDOWS\System32\ucrtbase.dll
0x00007ff918ec0000 - 0x00007ff918f4e000 	C:\WINDOWS\SYSTEM32\MSVCP140.dll
0x00007ff91a9d0000 - 0x00007ff91a9e4000 	D:\software\vivado\vivado2019.1\Vivado\2019.1\lib\win64.o\librdi_commonmain.dll
0x00007ff917fa0000 - 0x00007ff918e82000 	D:\software\vivado\vivado2019.1\Vivado\2019.1\lib\win64.o\librdi_common.dll
0x00007ff91a9b0000 - 0x00007ff91a9c4000 	D:\software\vivado\vivado2019.1\Vivado\2019.1\lib\win64.o\libboost_signals.dll
0x00007ff918ea0000 - 0x00007ff918ebb000 	C:\WINDOWS\SYSTEM32\VCRUNTIME140.dll
0x00007ff96b540000 - 0x00007ff96b6ec000 	C:\WINDOWS\System32\USER32.dll
0x00007ff96a250000 - 0x00007ff96a276000 	C:\WINDOWS\System32\win32u.dll
0x00007ff918e90000 - 0x00007ff918e9c000 	C:\WINDOWS\SYSTEM32\VCRUNTIME140_1.dll
0x00007ff917b00000 - 0x00007ff917e6e000 	D:\software\vivado\vivado2019.1\Vivado\2019.1\lib\win64.o\libCOIN-all.dll
0x00007ff91a980000 - 0x00007ff91a9a6000 	D:\software\vivado\vivado2019.1\Vivado\2019.1\lib\win64.o\libboost_filesystem.dll
0x00007ff96c0c0000 - 0x00007ff96c0e9000 	C:\WINDOWS\System32\GDI32.dll
0x00007ff96bec0000 - 0x00007ff96bf6e000 	C:\WINDOWS\System32\ADVAPI32.dll
0x00007ff96a9c0000 - 0x00007ff96aad2000 	C:\WINDOWS\System32\gdi32full.dll
0x00007ff917a60000 - 0x00007ff917a74000 	D:\software\vivado\vivado2019.1\Vivado\2019.1\lib\win64.o\libboost_date_time.dll
0x00007ff96af60000 - 0x00007ff96b003000 	C:\WINDOWS\System32\msvcrt.dll
0x00007ff96ab60000 - 0x00007ff96abfd000 	C:\WINDOWS\System32\msvcp_win.dll
0x00007ff91a970000 - 0x00007ff91a97a000 	D:\software\vivado\vivado2019.1\Vivado\2019.1\lib\win64.o\librdi_commonversion.dll
0x00007ff96cc20000 - 0x00007ff96ccbe000 	C:\WINDOWS\System32\sechost.dll
0x00007ff917e70000 - 0x00007ff917f91000 	D:\software\vivado\vivado2019.1\Vivado\2019.1\lib\win64.o\librdi_commonxillic.dll
0x00007ff96b710000 - 0x00007ff96bebf000 	C:\WINDOWS\System32\SHELL32.dll
0x00007ff96bfa0000 - 0x00007ff96c0c0000 	C:\WINDOWS\System32\RPCRT4.dll
0x00007ff917a80000 - 0x00007ff917aff000 	D:\software\vivado\vivado2019.1\Vivado\2019.1\lib\win64.o\libboost_program_options.dll
0x00007ff917940000 - 0x00007ff917a54000 	D:\software\vivado\vivado2019.1\Vivado\2019.1\lib\win64.o\libboost_regex.dll
0x00007ff91a960000 - 0x00007ff91a96b000 	D:\software\vivado\vivado2019.1\Vivado\2019.1\lib\win64.o\libboost_system.dll
0x00007ff917910000 - 0x00007ff917931000 	D:\software\vivado\vivado2019.1\Vivado\2019.1\lib\win64.o\libboost_thread.dll
0x00007ff917900000 - 0x00007ff91790f000 	D:\software\vivado\vivado2019.1\Vivado\2019.1\lib\win64.o\libboost_xilinx.dll
0x0000000058980000 - 0x0000000058aab000 	D:\software\vivado\vivado2019.1\Vivado\2019.1\lib\win64.o\tcl85t.dll
0x00007ff917870000 - 0x00007ff9178f2000 	D:\software\vivado\vivado2019.1\Vivado\2019.1\lib\win64.o\libhdlpsolve.dll
0x00007ff96c590000 - 0x00007ff96c5ff000 	C:\WINDOWS\System32\WS2_32.dll
0x00007ff9177c0000 - 0x00007ff917865000 	D:\software\vivado\vivado2019.1\Vivado\2019.1\lib\win64.o\libhdxml.dll
0x00007ff916be0000 - 0x00007ff91778f400 	D:\software\vivado\vivado2019.1\Vivado\2019.1\lib\win64.o\libisl_iostreams.dll
0x00007ff917790000 - 0x00007ff9177be000 	D:\software\vivado\vivado2019.1\Vivado\2019.1\lib\win64.o\libisl_sysinfo.dll
0x00007ff916b50000 - 0x00007ff916b6a000 	D:\software\vivado\vivado2019.1\Vivado\2019.1\lib\win64.o\pthreadVC2.dll
0x00007ff916b70000 - 0x00007ff916bd5000 	D:\software\vivado\vivado2019.1\Vivado\2019.1\lib\win64.o\liblmx6.0.dll
0x00007ff916b30000 - 0x00007ff916b4c000 	D:\software\vivado\vivado2019.1\Vivado\2019.1\lib\win64.o\librdiconfig.dll
0x00007ff916b00000 - 0x00007ff916b21000 	D:\software\vivado\vivado2019.1\Vivado\2019.1\lib\win64.o\librdizlib.dll
0x0000000012000000 - 0x0000000012270000 	D:\software\vivado\vivado2019.1\Vivado\2019.1\lib\win64.o\xerces-c_3_1.dll
0x00007ff956880000 - 0x00007ff956d7a000 	C:\WINDOWS\SYSTEM32\WININET.dll
0x00007ff95e9f0000 - 0x00007ff95ea0a000 	C:\WINDOWS\SYSTEM32\NETAPI32.dll
0x00007ff916820000 - 0x00007ff916af8000 	D:\software\vivado\vivado2019.1\Vivado\2019.1\lib\win64.o\libXil_lmgr11.dll
0x00007ff963650000 - 0x00007ff96383f000 	C:\WINDOWS\SYSTEM32\urlmon.dll
0x00007ff96cb30000 - 0x00007ff96cc1c000 	C:\WINDOWS\System32\COMDLG32.dll
0x00007ff96b0c0000 - 0x00007ff96b438000 	C:\WINDOWS\System32\combase.dll
0x00007ff96b450000 - 0x00007ff96b53a000 	C:\WINDOWS\System32\shcore.dll
0x00007ff915980000 - 0x00007ff916811000 	D:\software\vivado\vivado2019.1\Vivado\2019.1\lib\win64.o\gurobi65.dll
0x00007ff962a70000 - 0x00007ff962b7c000 	C:\WINDOWS\SYSTEM32\WINHTTP.dll
0x00007ff96ccc0000 - 0x00007ff96cd1d000 	C:\WINDOWS\System32\SHLWAPI.dll
0x00007ff965840000 - 0x00007ff965849000 	C:\WINDOWS\SYSTEM32\WSOCK32.dll
0x00007ff915940000 - 0x00007ff915971000 	C:\WINDOWS\SYSTEM32\VCOMP140.DLL
0x00007ff915930000 - 0x00007ff91593d000 	D:\software\vivado\vivado2019.1\Vivado\2019.1\lib\win64.o\libboost_chrono.dll
0x00007ff96c2a0000 - 0x00007ff96c376000 	C:\WINDOWS\System32\OLEAUT32.dll
0x00007ff96ac00000 - 0x00007ff96ad9a000 	C:\WINDOWS\System32\ole32.dll
0x00007ff915910000 - 0x00007ff91592b000 	D:\software\vivado\vivado2019.1\Vivado\2019.1\lib\win64.o\libboost_iostreams.dll
0x00007ff9158e0000 - 0x00007ff915905000 	D:\software\vivado\vivado2019.1\Vivado\2019.1\lib\win64.o\libisl_iosutils.dll
0x00007ff96a3f0000 - 0x00007ff96a457000 	C:\WINDOWS\System32\WINTRUST.dll
0x00007ff96a280000 - 0x00007ff96a3e2000 	C:\WINDOWS\System32\CRYPT32.dll
0x00007ff962b80000 - 0x00007ff962ba8000 	C:\WINDOWS\SYSTEM32\srvcli.dll
0x00007ff962bb0000 - 0x00007ff962e63000 	C:\WINDOWS\SYSTEM32\iertutil.dll
0x00007ff968e30000 - 0x00007ff968e3c000 	C:\WINDOWS\SYSTEM32\netutils.dll
0x00007ff93d310000 - 0x00007ff93d3c2000 	C:\WINDOWS\WinSxS\amd64_microsoft.windows.common-controls_6595b64144ccf1df_5.82.22000.1_none_271a8fad6a2d1b1e\COMCTL32.dll
0x00007ff963580000 - 0x00007ff96359e000 	C:\WINDOWS\SYSTEM32\dhcpcsvc.DLL
0x00007ff96c3e0000 - 0x00007ff96c411000 	C:\WINDOWS\System32\IMM32.DLL
0x00007ff969a50000 - 0x00007ff969a62000 	C:\WINDOWS\SYSTEM32\MSASN1.dll
0x00007ff969310000 - 0x00007ff969328000 	C:\WINDOWS\SYSTEM32\kernel.appcore.dll
0x00007ff9150a0000 - 0x00007ff9155b7000 	D:\software\vivado\vivado2019.1\Vivado\2019.1\lib\win64.o\librdi_commontasks.dll
0x00007ff962670000 - 0x00007ff96267a000 	C:\WINDOWS\SYSTEM32\VERSION.dll
0x0000000057f50000 - 0x0000000058975000 	D:\software\vivado\vivado2019.1\Vivado\2019.1\tps\win64\jre9.0.4\bin\server\jvm.dll
0x00007ff914e10000 - 0x00007ff915096000 	D:\software\vivado\vivado2019.1\Vivado\2019.1\lib\win64.o\librdi_sio.dll
0x00007ff96b440000 - 0x00007ff96b448000 	C:\WINDOWS\System32\PSAPI.DLL
0x00007ff964c10000 - 0x00007ff964c43000 	C:\WINDOWS\SYSTEM32\WINMM.dll
0x00007ff968e40000 - 0x00007ff968e6d000 	C:\WINDOWS\SYSTEM32\IPHLPAPI.DLL
0x00007ff914d20000 - 0x00007ff914e0f000 	D:\software\vivado\vivado2019.1\Vivado\2019.1\tps\win64\jre9.0.4\bin\MSVCR120.dll
0x00007ff969730000 - 0x00007ff969797000 	C:\WINDOWS\SYSTEM32\MSWSOCK.DLL
0x00007ff968380000 - 0x00007ff968be8000 	C:\WINDOWS\SYSTEM32\windows.storage.dll
0x00007ff968210000 - 0x00007ff968376000 	C:\WINDOWS\SYSTEM32\wintypes.dll
0x00007ff912860000 - 0x00007ff914d1c000 	D:\software\vivado\vivado2019.1\Vivado\2019.1\lib\win64.o\librdi_tcltasks.dll
0x00007ff912230000 - 0x00007ff912638000 	D:\software\vivado\vivado2019.1\Vivado\2019.1\lib\win64.o\librdi_bitstream.dll
0x00007ff9126c0000 - 0x00007ff912851000 	D:\software\vivado\vivado2019.1\Vivado\2019.1\lib\win64.o\librdi_board.dll
0x00007ff912640000 - 0x00007ff9126b8000 	D:\software\vivado\vivado2019.1\Vivado\2019.1\lib\win64.o\librdi_boarddep.dll
0x00007ff912140000 - 0x00007ff91222b000 	D:\software\vivado\vivado2019.1\Vivado\2019.1\lib\win64.o\librdi_chipscope.dll
0x00007ff911f80000 - 0x00007ff91213d000 	D:\software\vivado\vivado2019.1\Vivado\2019.1\lib\win64.o\librdi_chipscopeimpl.dll
0x00007ff910430000 - 0x00007ff910586000 	D:\software\vivado\vivado2019.1\Vivado\2019.1\lib\win64.o\librdi_containers.dll
0x00007ff910590000 - 0x00007ff911f7a000 	D:\software\vivado\vivado2019.1\Vivado\2019.1\lib\win64.o\librdi_constraints.dll
0x00007ff90e570000 - 0x00007ff910421000 	D:\software\vivado\vivado2019.1\Vivado\2019.1\lib\win64.o\librdi_coregen.dll
0x00007ff90de90000 - 0x00007ff90e56a000 	D:\software\vivado\vivado2019.1\Vivado\2019.1\lib\win64.o\librdi_coregenipxact.dll
0x00007ff909e40000 - 0x00007ff90de83000 	D:\software\vivado\vivado2019.1\Vivado\2019.1\lib\win64.o\librdi_designutils.dll
0x00007ff8f7a10000 - 0x00007ff909e3c000 	D:\software\vivado\vivado2019.1\Vivado\2019.1\lib\win64.o\librdi_device.dll
0x00007ff8f76f0000 - 0x00007ff8f7a0e000 	D:\software\vivado\vivado2019.1\Vivado\2019.1\lib\win64.o\librdi_dlyest.dll
0x00007ff8f7150000 - 0x00007ff8f76ea000 	D:\software\vivado\vivado2019.1\Vivado\2019.1\lib\win64.o\librdi_drc.dll
0x00007ff8f6a30000 - 0x00007ff8f6af4000 	D:\software\vivado\vivado2019.1\Vivado\2019.1\lib\win64.o\librdi_dsp.dll
0x00007ff8f6b00000 - 0x00007ff8f714d000 	D:\software\vivado\vivado2019.1\Vivado\2019.1\lib\win64.o\librdi_filemgmt.dll
0x00007ff8f6740000 - 0x00007ff8f6a23000 	D:\software\vivado\vivado2019.1\Vivado\2019.1\lib\win64.o\librdi_guitools.dll
0x00007ff8f5110000 - 0x00007ff8f66d0000 	D:\software\vivado\vivado2019.1\Vivado\2019.1\lib\win64.o\librdi_implflow.dll
0x00007ff8f4af0000 - 0x00007ff8f5105000 	D:\software\vivado\vivado2019.1\Vivado\2019.1\lib\win64.o\librdi_memdata.dll
0x00007ff8f66d0000 - 0x00007ff8f6735000 	D:\software\vivado\vivado2019.1\Vivado\2019.1\lib\win64.o\librdi_hdf.dll
0x00007ff8f4a70000 - 0x00007ff8f4ae3000 	D:\software\vivado\vivado2019.1\Vivado\2019.1\lib\win64.o\librdi_memoryarray.dll
0x00007ff8f1d80000 - 0x00007ff8f4a66000 	D:\software\vivado\vivado2019.1\Vivado\2019.1\lib\win64.o\librdi_mig.dll
0x00007ff8f16d0000 - 0x00007ff8f1d72000 	D:\software\vivado\vivado2019.1\Vivado\2019.1\lib\win64.o\librdi_netlist.dll
0x00007ff8f1680000 - 0x00007ff8f16cb000 	D:\software\vivado\vivado2019.1\Vivado\2019.1\lib\win64.o\librdi_pfi.dll
0x00007ff8ee5a0000 - 0x00007ff8eecea000 	D:\software\vivado\vivado2019.1\Vivado\2019.1\lib\win64.o\librdi_power.dll
0x00007ff8ef000000 - 0x00007ff8f1676000 	D:\software\vivado\vivado2019.1\Vivado\2019.1\lib\win64.o\librdi_place.dll
0x00007ff8eecf0000 - 0x00007ff8eefff000 	D:\software\vivado\vivado2019.1\Vivado\2019.1\lib\win64.o\librdi_platform.dll
0x00007ff8ee020000 - 0x00007ff8ee59f000 	D:\software\vivado\vivado2019.1\Vivado\2019.1\lib\win64.o\librdi_project.dll
0x00007ff8ed910000 - 0x00007ff8ee019000 	D:\software\vivado\vivado2019.1\Vivado\2019.1\lib\win64.o\librdi_psta.dll
0x00007ff8ed200000 - 0x00007ff8ed906000 	D:\software\vivado\vivado2019.1\Vivado\2019.1\lib\win64.o\librdi_rsb.dll
0x00007ff8ece00000 - 0x00007ff8ed1f1000 	D:\software\vivado\vivado2019.1\Vivado\2019.1\lib\win64.o\librdi_runs.dll
0x00007ff8ecba0000 - 0x00007ff8ecdf6000 	D:\software\vivado\vivado2019.1\Vivado\2019.1\lib\win64.o\librdi_simdata.dll
0x00007ff8ecaa0000 - 0x00007ff8ecb9a000 	D:\software\vivado\vivado2019.1\Vivado\2019.1\lib\win64.o\librdi_runsbase.dll
0x00007ff8ebc80000 - 0x00007ff8eca91000 	D:\software\vivado\vivado2019.1\Vivado\2019.1\lib\win64.o\librdi_timing.dll
0x00007ff8ebb00000 - 0x00007ff8ebc72000 	D:\software\vivado\vivado2019.1\Vivado\2019.1\lib\win64.o\librdi_advchipscopeimpl.dll
0x00007ff8ebab0000 - 0x00007ff8ebafc000 	D:\software\vivado\vivado2019.1\Vivado\2019.1\lib\win64.o\libboost_serialization.dll
0x00007ff8eb910000 - 0x00007ff8ebaaf000 	D:\software\vivado\vivado2019.1\Vivado\2019.1\lib\win64.o\librdi_hip_devdesign.dll
0x00007ff8eb840000 - 0x00007ff8eb902000 	D:\software\vivado\vivado2019.1\Vivado\2019.1\lib\win64.o\librdi_ipconfig_readwrite.dll
0x00007ff8eb7f0000 - 0x00007ff8eb833000 	D:\software\vivado\vivado2019.1\Vivado\2019.1\lib\win64.o\librdi_noc_frameworks.dll
0x00007ff8ea810000 - 0x00007ff8eb357000 	D:\software\vivado\vivado2019.1\Vivado\2019.1\lib\win64.o\libverific.dll
0x00007ff8eb360000 - 0x00007ff8eb745000 	D:\software\vivado\vivado2019.1\Vivado\2019.1\lib\win64.o\librdi_hip_config.dll
0x00007ff8ea2c0000 - 0x00007ff8ea80e000 	D:\software\vivado\vivado2019.1\Vivado\2019.1\lib\win64.o\librdi_xdm.dll
0x00007ff8eb750000 - 0x00007ff8eb7ee000 	D:\software\vivado\vivado2019.1\Vivado\2019.1\lib\win64.o\libise.dll
0x00007ff8e9cc0000 - 0x00007ff8ea2bc000 	D:\software\vivado\vivado2019.1\Vivado\2019.1\lib\win64.o\librdi_wavedata.dll
0x00007ff8e9c80000 - 0x00007ff8e9cc0000 	D:\software\vivado\vivado2019.1\Vivado\2019.1\lib\win64.o\librdi_wavedata_SimpleApi.dll
0x00007ff8e8ab0000 - 0x00007ff8e8aef000 	D:\software\vivado\vivado2019.1\Vivado\2019.1\lib\win64.o\librdi_schedmon.dll
0x00007ff8e6ae0000 - 0x00007ff8e8aad000 	D:\software\vivado\vivado2019.1\Vivado\2019.1\lib\win64.o\librdi_synth.dll
0x00007ff8e8af0000 - 0x00007ff8e9c7d000 	D:\software\vivado\vivado2019.1\Vivado\2019.1\lib\win64.o\librdi_route.dll

VM Arguments:
jvm_args: -Dsun.java2d.pmoffscreen=false -Dsun.java2d.xrender=false -Dsun.java2d.d3d=false -Dsun.awt.nopixfmt=true -Dsun.java2d.dpiaware=true -Dsun.java2d.uiScale.enabled=false -Xverify:none -Dswing.aatext=true -XX:-UsePerfData -Djdk.map.althashing.threshold=512 -XX:StringTableSize=4072 --add-opens=java.base/java.nio=ALL-UNNAMED --add-opens=java.desktop/sun.swing=ALL-UNNAMED --add-opens=java.desktop/javax.swing=ALL-UNNAMED --add-opens=java.desktop/javax.swing.tree=ALL-UNNAMED --add-opens=java.desktop/javax.swing.plaf.basic=ALL-UNNAMED --add-opens=java.desktop/javax.swing.plaf.synth=ALL-UNNAMED --add-opens=java.desktop/com.sun.awt=ALL-UNNAMED -XX:NewSize=60m -XX:MaxNewSize=60m -Xms128m -Xmx3072m -Xss5m 
java_command: <unknown>
java_class_path (initial): D:/software/vivado/vivado2019.1/Vivado/2019.1\lib\classes\alloy.jar;D:/software/vivado/vivado2019.1/Vivado/2019.1\lib\classes\autopilot.scelaborator.jar;D:/software/vivado/vivado2019.1/Vivado/2019.1\lib\classes\autopilot.sourceprocessor.jar;D:/software/vivado/vivado2019.1/Vivado/2019.1\lib\classes\autopilot.tbprocessor.jar;D:/software/vivado/vivado2019.1/Vivado/2019.1\lib\classes\batik-anim.jar;D:/software/vivado/vivado2019.1/Vivado/2019.1\lib\classes\batik-awt-util.jar;D:/software/vivado/vivado2019.1/Vivado/2019.1\lib\classes\batik-bridge.jar;D:/software/vivado/vivado2019.1/Vivado/2019.1\lib\classes\batik-codec.jar;D:/software/vivado/vivado2019.1/Vivado/2019.1\lib\classes\batik-css.jar;D:/software/vivado/vivado2019.1/Vivado/2019.1\lib\classes\batik-dom.jar;D:/software/vivado/vivado2019.1/Vivado/2019.1\lib\classes\batik-ext.jar;D:/software/vivado/vivado2019.1/Vivado/2019.1\lib\classes\batik-gui-util.jar;D:/software/vivado/vivado2019.1/Vivado/2019.1\lib\classes\batik-gvt.jar;D:/software/vivado/vivado2019.1/Vivado/2019.1\lib\classes\batik-parser.jar;D:/software/vivado/vivado2019.1/Vivado/2019.1\lib\classes\batik-script.jar;D:/software/vivado/vivado2019.1/Vivado/2019.1\lib\classes\batik-svg-dom.jar;D:/software/vivado/vivado2019.1/Vivado/2019.1\lib\classes\batik-swing.jar;D:/software/vivado/vivado2019.1/Vivado/2019.1\lib\classes\batik-transcoder.jar;D:/software/vivado/vivado2019.1/Vivado/2019.1\lib\classes\batik-util.jar;D:/software/vivado/vivado2019.1/Vivado/2019.1\lib\classes\batik-xml.jar;D:/software/vivado/vivado2019.1/Vivado/2019.1\lib\classes\com.google.gson_2.7.0.v20170129-0911.jar;D:/software/vivado/vivado2019.1/Vivado/2019.1\lib\classes\com.google.guava_21.0.0.v20170206-1425.jar;D:/software/vivado/vivado2019.1/Vivado/2019.1\lib\classes\com.google.inject_3.0.0.v201605172100.jar;D:/software/vivado/vivado2019.1/Vivado/2019.1\lib\classes\com.ibm.icu_4.4.2.v20110208.jar;D:/software/vivado/vivado2019.1/Vivado/2019.1\lib\classes\com.sigasi
Launcher Type: generic

Logging:
Log output configuration:
#0: stdout all=warning uptime,level,tags
#1: stderr all=off uptime,level,tags

Environment Variables:
PATH=D:/software/vivado/vivado2019.1/Vivado/2019.1/bin;D:/software/vivado/vivado2019.1/Vivado/2019.1/lib/win64.o;D:/software/vivado/vivado2019.1/Vivado/2019.1/tps/win64/jre9.0.4/bin/server;D:/software/vivado/vivado2019.1/Vivado/2019.1/tps/win64/jre9.0.4/bin;D:/software/vivado/vivado2019.1/Vivado/2019.1/ids_lite/ISE/bin/nt64;D:/software/vivado/vivado2019.1/Vivado/2019.1/ids_lite/ISE/lib/nt64;C:\Program Files\Common Files\Oracle\Java\javapath;C:\WINDOWS\system32;C:\WINDOWS;C:\WINDOWS\System32\Wbem;C:\WINDOWS\System32\WindowsPowerShell\v1.0\;C:\WINDOWS\System32\OpenSSH\;D:\software\matlab\bin;E:\Git\cmd;C:\Users\ÁªÏë\AppData\Local\Microsoft\WindowsApps;;D:/software/vivado/vivado2019.1/Vivado/2019.1\tps\mingw\6.2.0\win64.o\nt\bin;D:/software/vivado/vivado2019.1/Vivado/2019.1\tps\mingw\6.2.0\win64.o\nt\libexec\gcc\x86_64-w64-mingw32\6.2.0;D:/software/vivado/vivado2019.1/Vivado/2019.1\tps\win64\python-2.7.5;D:/software/vivado/vivado2019.1/Vivado/2019.1\tps\win64\python-2.7.5\lib;D:/software/vivado/vivado2019.1/Vivado/2019.1\tps\win64\python-2.7.5\Lib\lib-tk;D:/software/vivado/vivado2019.1/Vivado/2019.1\tps\win64\python-2.7.5\lib\site-packages
USERNAME=ÁªÏë
OS=Windows_NT
PROCESSOR_IDENTIFIER=AMD64 Family 23 Model 24 Stepping 1, AuthenticAMD



---------------  S Y S T E M  ---------------

OS: Windows 10 , 64 bit Build 22000 (10.0.22000.613)

CPU:total 8 (initial active 8) (8 cores per cpu, 1 threads per core) family 23 model 24 stepping 1, cmov, cx8, fxsr, mmx, sse, sse2, sse3, ssse3, sse4.1, sse4.2, popcnt, avx, avx2, aes, clmul, mmxext, 3dnowpref, lzcnt, sse4a, tsc, tscinvbit, tscinv, bmi1

Memory: 4k page, physical 10359048k(5445668k free), swap 11931912k(3792580k free)

vm_info: Java HotSpot(TM) 64-Bit Server VM (9.0.4+11) for windows-amd64 JRE (9.0.4+11), built on Dec 20 2017 02:18:54 by "mach5one" with MS VC++ 12.0 (VS2013)

END.
