#-----------------------------------------------------------
# Vivado v2019.1 (64-bit)
# SW Build 2552052 on Fri May 24 14:49:42 MDT 2019
# IP Build 2548770 on Fri May 24 18:01:18 MDT 2019
# Start of session at: Wed May 11 11:27:32 2022
# Process ID: 4744
# Current directory: E:/lab5_pipeline/pipeline_cpu_no_hazard - 数据冒险成功版 -最佳
# Command line: vivado.exe -gui_launcher_event rodinguilauncherevent2356 E:\lab5_pipeline\pipeline_cpu_no_hazard - 数据冒险成功版 -最佳\pipeline_cpu.xpr
# Log file: E:/lab5_pipeline/pipeline_cpu_no_hazard - 数据冒险成功版 -最佳/vivado.log
# Journal file: E:/lab5_pipeline/pipeline_cpu_no_hazard - 数据冒险成功版 -最佳\vivado.jou
#-----------------------------------------------------------
start_gui
open_project {E:/lab5_pipeline/pipeline_cpu_no_hazard - 数据冒险成功版 -最佳/pipeline_cpu.xpr}
Scanning sources...
Finished scanning sources
INFO: [IP_Flow 19-234] Refreshing IP repositories
INFO: [IP_Flow 19-1704] No user IP repositories specified
INFO: [IP_Flow 19-2313] Loaded Vivado IP repository 'D:/software/vivado/vivado2019.1/Vivado/2019.1/data/ip'.
open_project: Time (s): cpu = 00:00:17 ; elapsed = 00:00:06 . Memory (MB): peak = 687.254 ; gain = 48.211
update_compile_order -fileset sources_1
exit
INFO: [Common 17-206] Exiting Vivado at Wed May 11 11:28:10 2022...
