#
# A fatal error has been detected by the Java Runtime Environment:
#
#  EXCEPTION_ACCESS_VIOLATION (0xc0000005) at pc=0x00007ffaa71a1439, pid=3468, tid=10592
#
# JRE version: Java(TM) SE Runtime Environment (9.0+11) (build 9.0.4+11)
# Java VM: Java HotSpot(TM) 64-Bit Server VM (9.0.4+11, mixed mode, tiered, compressed oops, g1 gc, windows-amd64)
# Problematic frame:
# C  0x00007ffaa71a1439
#
# No core dump will be written. Minidumps are not enabled by default on client versions of Windows
#
# If you would like to submit a bug report, please visit:
#   http://bugreport.java.com/bugreport/crash.jsp
# The crash happened outside the Java Virtual Machine in native code.
# See problematic frame for where to report the bug.
#

---------------  S U M M A R Y ------------

Command Line: -Dsun.java2d.pmoffscreen=false -Dsun.java2d.xrender=false -Dsun.java2d.d3d=false -Dsun.awt.nopixfmt=true -Dsun.java2d.dpiaware=true -Dsun.java2d.uiScale.enabled=false -Xverify:none -Dswing.aatext=true -XX:-UsePerfData -Djdk.map.althashing.threshold=512 -XX:StringTableSize=4072 --add-opens=java.base/java.nio=ALL-UNNAMED --add-opens=java.desktop/sun.swing=ALL-UNNAMED --add-opens=java.desktop/javax.swing=ALL-UNNAMED --add-opens=java.desktop/javax.swing.tree=ALL-UNNAMED --add-opens=java.desktop/javax.swing.plaf.basic=ALL-UNNAMED --add-opens=java.desktop/javax.swing.plaf.synth=ALL-UNNAMED --add-opens=java.desktop/com.sun.awt=ALL-UNNAMED -XX:NewSize=60m -XX:MaxNewSize=60m -Xms128m -Xmx3072m -Xss5m 

Host: AMD Ryzen 5 3500U with Radeon Vega Mobile Gfx  , 8 cores, 9G,  Windows 10 , 64 bit Build 22000 (10.0.22000.675)
Time: Wed May 25 10:38:51 2022 ?D1¨²¡À¨º¡Á?¨º¡À?? elapsed time: 49242 seconds (0d 13h 40m 42s)

---------------  T H R E A D  ---------------

Current thread (0x0000021e7e36e000):  JavaThread "AWT-EventQueue-1" [_thread_in_native, id=10592, stack(0x0000003955200000,0x0000003955700000)]

Stack: [0x0000003955200000,0x0000003955700000],  sp=0x00000039556f4af0,  free space=5074k
Native frames: (J=compiled Java code, j=interpreted, Vv=VM code, C=native code)
C  0x00007ffaa71a1439
C  0x00007ffaa71b5107
C  0x00007ffaa71b4e12
C  0x00007ffaa719ac06
C  [librdi_wavedata.dll+0x125e90]
C  [librdi_wavedata.dll+0x148744]
C  [librdi_wavedata.dll+0x1e1cce]
C  [librdi_wavedata.dll+0x1e1bef]
C  [librdi_wavedata.dll+0x20b1f0]
C  [librdi_wavedata.dll+0x20aed0]
C  [librdi_wavedata.dll+0x26873b]
C  [librdi_wavedata.dll+0x26a153]
C  [librdi_wavedata.dll+0x242ea0]
C  [librdi_wavedata.dll+0x242f1d]
C  [librdi_wavedata.dll+0x242fc1]
C  [librdi_wavedata.dll+0x2695c4]
C  [librdi_wavedata.dll+0x239546]
C  [librdi_wavedata.dll+0x239315]
C  [librdi_wavedata.dll+0x275c1f]
C  0x0000021e6ffc29ba

Java frames: (J=compiled Java code, j=interpreted, Vv=VM code)
J 22427  ui.views.waveform.waveformi.WVExecutive_getGraphicsDataSize(J)J (0 bytes) @ 0x0000021e6ffc2921 [0x0000021e6ffc28e0+0x0000000000000041]
J 22426 c1 ui.views.waveform.executive.a.gEt()Ljava/io/ByteArrayInputStream; (93 bytes) @ 0x0000021e68c5612c [0x0000021e68c56040+0x00000000000000ec]
J 25562 c1 ui.views.waveform.b.a.gEf()V (142 bytes) @ 0x0000021e6aa73034 [0x0000021e6aa72f20+0x0000000000000114]
J 22418 c1 ui.views.waveform.w.cRi()V (38 bytes) @ 0x0000021e6b933bec [0x0000021e6b933480+0x000000000000076c]
J 20980 c1 ui.views.waveform.c.b.j(Lui/frmwork/b/i;)V (603 bytes) @ 0x0000021e6b681b3c [0x0000021e6b678420+0x000000000000971c]
J 28575 c2 ui.views.waveform.w.a(Lui/frmwork/b/i;)V (17 bytes) @ 0x0000021e71c4d264 [0x0000021e71c4d220+0x0000000000000044]
J 22017 c2 ui.frmwork.HTclEventBroker.i(JZ)V (471 bytes) @ 0x0000021e71469994 [0x0000021e71468aa0+0x0000000000000ef4]
J 24645 c2 ui.frmwork.HTclEventBroker.fireTclEvent(J)I (113 bytes) @ 0x0000021e71493ff4 [0x0000021e71493940+0x00000000000006b4]
v  ~StubRoutines::call_stub
J 26554  ui.views.waveform.waveformi.WVExecutive_processModelEvent(JJ)V (0 bytes) @ 0x0000021e719c63a4 [0x0000021e719c6360+0x0000000000000044]
J 25133 c1 ui.views.waveform.c.b.eD(J)V (109 bytes) @ 0x0000021e6a4430c4 [0x0000021e6a442f80+0x0000000000000144]
J 20980 c1 ui.views.waveform.c.b.j(Lui/frmwork/b/i;)V (603 bytes) @ 0x0000021e6b682874 [0x0000021e6b678420+0x000000000000a454]
J 28575 c2 ui.views.waveform.w.a(Lui/frmwork/b/i;)V (17 bytes) @ 0x0000021e71c4d264 [0x0000021e71c4d220+0x0000000000000044]
J 22017 c2 ui.frmwork.HTclEventBroker.i(JZ)V (471 bytes) @ 0x0000021e71469994 [0x0000021e71468aa0+0x0000000000000ef4]
J 21623 c1 ui.frmwork.HTclEventBroker$$Lambda$206.run()V (12 bytes) @ 0x0000021e6ae9bd5c [0x0000021e6ae9bc80+0x00000000000000dc]
J 28634 c2 java.awt.EventQueue.dispatchEventImpl(Ljava/awt/AWTEvent;Ljava/lang/Object;)V java.desktop@9.0.4 (136 bytes) @ 0x0000021e71ca2cb0 [0x0000021e71ca2a00+0x00000000000002b0]
J 13428 c2 java.awt.EventQueue$3.run()Ljava/lang/Object; java.desktop@9.0.4 (5 bytes) @ 0x0000021e709a912c [0x0000021e709a90c0+0x000000000000006c]
v  ~StubRoutines::call_stub
J 4257  java.security.AccessController.doPrivileged(Ljava/security/PrivilegedAction;Ljava/security/AccessControlContext;)Ljava/lang/Object; java.base@9.0.4 (0 bytes) @ 0x0000021e701a83c6 [0x0000021e701a8360+0x0000000000000066]
J 25801 c2 java.awt.EventQueue.dispatchEvent(Ljava/awt/AWTEvent;)V java.desktop@9.0.4 (80 bytes) @ 0x0000021e70dc7098 [0x0000021e70dc6b40+0x0000000000000558]
J 25834 c2 ui.frmwork.b.d.dispatchEvent(Ljava/awt/AWTEvent;)V (34 bytes) @ 0x0000021e7127a5a0 [0x0000021e7127a480+0x0000000000000120]
J 20822 c2 java.awt.EventDispatchThread.pumpOneEventForFilters(I)V java.desktop@9.0.4 (218 bytes) @ 0x0000021e71294ea8 [0x0000021e71294920+0x0000000000000588]
J 23716 c2 java.awt.EventDispatchThread.pumpEventsForFilter(ILjava/awt/Conditional;Ljava/awt/EventFilter;)V java.desktop@9.0.4 (47 bytes) @ 0x0000021e705269c8 [0x0000021e705267e0+0x00000000000001e8]
j  java.awt.EventDispatchThread.pumpEventsForFilter(Ljava/awt/Conditional;Ljava/awt/EventFilter;)V+4 java.desktop@9.0.4
j  java.awt.WaitDispatchSupport$2.run()V+59 java.desktop@9.0.4
j  java.awt.WaitDispatchSupport$4.run()Ljava/lang/Void;+4 java.desktop@9.0.4
j  java.awt.WaitDispatchSupport$4.run()Ljava/lang/Object;+1 java.desktop@9.0.4
v  ~StubRoutines::call_stub
J 1035  java.security.AccessController.doPrivileged(Ljava/security/PrivilegedAction;)Ljava/lang/Object; java.base@9.0.4 (0 bytes) @ 0x0000021e6ffc8132 [0x0000021e6ffc80e0+0x0000000000000052]
j  java.awt.WaitDispatchSupport.enter()Z+260 java.desktop@9.0.4
j  java.awt.Dialog.show()V+225 java.desktop@9.0.4
J 26007 c1 java.awt.Window.setVisible(Z)V java.desktop@9.0.4 (6 bytes) @ 0x0000021e68f8de84 [0x0000021e68f8dc60+0x0000000000000224]
j  java.awt.Dialog.setVisible(Z)V+2 java.desktop@9.0.4
j  ui.b.c.g.setVisible(Z)V+2
j  ui.b.c.by.showDialog()V+64
j  ui.b.c.bF.actionPerformed(Ljava/awt/event/ActionEvent;)V+8
j  ui.b.c.by.cJI()V+396
j  ui.views.c.t.b.a.run()V+60
j  ui.frmwork.a.dWF()Z+66
j  ui.utils.aN.actionPerformed(Ljava/awt/event/ActionEvent;)V+4
J 27775 c1 javax.swing.AbstractButton.fireActionPerformed(Ljava/awt/event/ActionEvent;)V java.desktop@9.0.4 (96 bytes) @ 0x0000021e6a76e32c [0x0000021e6a76dac0+0x000000000000086c]
J 27774 c1 javax.swing.AbstractButton$Handler.actionPerformed(Ljava/awt/event/ActionEvent;)V java.desktop@9.0.4 (9 bytes) @ 0x0000021e6a0da444 [0x0000021e6a0da340+0x0000000000000104]
J 27375 c1 javax.swing.DefaultButtonModel.fireActionPerformed(Ljava/awt/event/ActionEvent;)V java.desktop@9.0.4 (46 bytes) @ 0x0000021e68f39414 [0x0000021e68f39160+0x00000000000002b4]
J 24853 c1 javax.swing.DefaultButtonModel.setPressed(Z)V java.desktop@9.0.4 (125 bytes) @ 0x0000021e69fbe444 [0x0000021e69fbd580+0x0000000000000ec4]
j  javax.swing.AbstractButton.doClick(I)V+60 java.desktop@9.0.4
j  javax.swing.plaf.basic.BasicMenuItemUI.doClick(Ljavax/swing/MenuSelectionManager;)V+47 java.desktop@9.0.4
j  javax.swing.plaf.basic.BasicMenuItemUI$Handler.mouseReleased(Ljava/awt/event/MouseEvent;)V+76 java.desktop@9.0.4
J 28021 c2 java.awt.AWTEventMulticaster.mouseReleased(Ljava/awt/event/MouseEvent;)V java.desktop@9.0.4 (27 bytes) @ 0x0000021e7150c5b4 [0x0000021e7150c540+0x0000000000000074]
J 27663 c2 javax.swing.JComponent.processMouseEvent(Ljava/awt/event/MouseEvent;)V java.desktop@9.0.4 (27 bytes) @ 0x0000021e715402ac [0x0000021e71540180+0x000000000000012c]
J 28636 c2 java.awt.Container.processEvent(Ljava/awt/AWTEvent;)V java.desktop@9.0.4 (22 bytes) @ 0x0000021e71ca5480 [0x0000021e71ca5320+0x0000000000000160]
J 28640 c2 java.awt.Component.dispatchEventImpl(Ljava/awt/AWTEvent;)V java.desktop@9.0.4 (739 bytes) @ 0x0000021e71cb2d20 [0x0000021e71cb2200+0x0000000000000b20]
J 21015 c2 java.awt.Container.dispatchEventImpl(Ljava/awt/AWTEvent;)V java.desktop@9.0.4 (129 bytes) @ 0x0000021e712ed108 [0x0000021e712ed020+0x00000000000000e8]
J 20557 c2 java.awt.LightweightDispatcher.retargetMouseEvent(Ljava/awt/Component;ILjava/awt/event/MouseEvent;)V java.desktop@9.0.4 (350 bytes) @ 0x0000021e71219654 [0x0000021e712190a0+0x00000000000005b4]
J 21015 c2 java.awt.Container.dispatchEventImpl(Ljava/awt/AWTEvent;)V java.desktop@9.0.4 (129 bytes) @ 0x0000021e712ed750 [0x0000021e712ed020+0x0000000000000730]
J 19453 c2 java.awt.Window.dispatchEventImpl(Ljava/awt/AWTEvent;)V java.desktop@9.0.4 (23 bytes) @ 0x0000021e710bb30c [0x0000021e710bb2c0+0x000000000000004c]
J 28634 c2 java.awt.EventQueue.dispatchEventImpl(Ljava/awt/AWTEvent;Ljava/lang/Object;)V java.desktop@9.0.4 (136 bytes) @ 0x0000021e71ca2b78 [0x0000021e71ca2a00+0x0000000000000178]
J 13428 c2 java.awt.EventQueue$3.run()Ljava/lang/Object; java.desktop@9.0.4 (5 bytes) @ 0x0000021e709a912c [0x0000021e709a90c0+0x000000000000006c]
v  ~StubRoutines::call_stub
J 4257  java.security.AccessController.doPrivileged(Ljava/security/PrivilegedAction;Ljava/security/AccessControlContext;)Ljava/lang/Object; java.base@9.0.4 (0 bytes) @ 0x0000021e701a83c6 [0x0000021e701a8360+0x0000000000000066]
J 17556 c2 java.awt.EventQueue$4.run()Ljava/lang/Object; java.desktop@9.0.4 (5 bytes) @ 0x0000021e70e379c0 [0x0000021e70e37760+0x0000000000000260]
v  ~StubRoutines::call_stub
J 4257  java.security.AccessController.doPrivileged(Ljava/security/PrivilegedAction;Ljava/security/AccessControlContext;)Ljava/lang/Object; java.base@9.0.4 (0 bytes) @ 0x0000021e701a83c6 [0x0000021e701a8360+0x0000000000000066]
J 25801 c2 java.awt.EventQueue.dispatchEvent(Ljava/awt/AWTEvent;)V java.desktop@9.0.4 (80 bytes) @ 0x0000021e70dc6ec0 [0x0000021e70dc6b40+0x0000000000000380]
J 25834 c2 ui.frmwork.b.d.dispatchEvent(Ljava/awt/AWTEvent;)V (34 bytes) @ 0x0000021e7127a5a0 [0x0000021e7127a480+0x0000000000000120]
J 20822 c2 java.awt.EventDispatchThread.pumpOneEventForFilters(I)V java.desktop@9.0.4 (218 bytes) @ 0x0000021e71294ea8 [0x0000021e71294920+0x0000000000000588]
J 23566% c2 java.awt.EventDispatchThread.pumpEventsForFilter(ILjava/awt/Conditional;Ljava/awt/EventFilter;)V java.desktop@9.0.4 (47 bytes) @ 0x0000021e716333f8 [0x0000021e716332e0+0x0000000000000118]
j  java.awt.EventDispatchThread.pumpEventsForHierarchy(ILjava/awt/Conditional;Ljava/awt/Component;)V+11 java.desktop@9.0.4
j  java.awt.EventDispatchThread.pumpEvents(ILjava/awt/Conditional;)V+4 java.desktop@9.0.4
j  java.awt.EventDispatchThread.pumpEvents(Ljava/awt/Conditional;)V+3 java.desktop@9.0.4
j  java.awt.EventDispatchThread.run()V+9 java.desktop@9.0.4
v  ~StubRoutines::call_stub

siginfo: EXCEPTION_ACCESS_VIOLATION (0xc0000005), reading address 0x0000000000000044


Register to memory mapping:

RIP=0x00007ffaa71a1439 is an unknown value
RAX=0x0000021e02a522d0 is an unknown value
RBX=0x0000021e0a7f1010 is an unknown value
RCX=0x0000000000000000 is an unknown value
RDX=0x0000021e0ad4a350 is an unknown value
RSP=0x00000039556f4af0 is pointing into the stack for thread: 0x0000021e7e36e000
RBP=0x00000039556f4c90 is pointing into the stack for thread: 0x0000021e7e36e000
RSI=0x0000000000000000 is an unknown value
RDI=0x00000039556f4c50 is pointing into the stack for thread: 0x0000021e7e36e000
R8 =0x00000039556f4b90 is pointing into the stack for thread: 0x0000021e7e36e000
R9 =0x0000000000000018 is an unknown value
R10=0x0000000000000000 is an unknown value
R11=0x8400000000020000 is an unknown value
R12=0x0000021e0469f530 is an unknown value
R13=0x0000000000000001 is an unknown value
R14=0x0000021e0ad4a350 is an unknown value
R15=0x00000039556f4b90 is pointing into the stack for thread: 0x0000021e7e36e000


Registers:
RAX=0x0000021e02a522d0, RBX=0x0000021e0a7f1010, RCX=0x0000000000000000, RDX=0x0000021e0ad4a350
RSP=0x00000039556f4af0, RBP=0x00000039556f4c90, RSI=0x0000000000000000, RDI=0x00000039556f4c50
R8 =0x00000039556f4b90, R9 =0x0000000000000018, R10=0x0000000000000000, R11=0x8400000000020000
R12=0x0000021e0469f530, R13=0x0000000000000001, R14=0x0000021e0ad4a350, R15=0x00000039556f4b90
RIP=0x00007ffaa71a1439, EFLAGS=0x0000000000010206

Top of Stack: (sp=0x00000039556f4af0)
0x00000039556f4af0:   00000039556f5220 0000000000000000
0x00000039556f4b00:   0000000000000000 0000021e0469f530
0x00000039556f4b10:   0000021e0a7f1010 0000000000000040
0x00000039556f4b20:   fffffffffffffffe 00007ffb023100a6
0x00000039556f4b30:   0000000000000000 00000000000004f8
0x00000039556f4b40:   00000039556f5220 0000000000007800
0x00000039556f4b50:   00000039556f4c50 00007ffaa71b5107
0x00000039556f4b60:   00000000000004f8 0000021e0a7f1010
0x00000039556f4b70:   0000021e02a522d0 0000021e060fbe38
0x00000039556f4b80:   0000021e0a7f1010 00007ffaa71b4e12
0x00000039556f4b90:   0000021e0a7f1010 0000021e060fbe10
0x00000039556f4ba0:   0000000000000040 0000021e060fbe10
0x00000039556f4bb0:   0000021e060fbe10 0000021e71cf1c18
0x00000039556f4bc0:   0000000000000000 0000021e0469f530
0x00000039556f4bd0:   0000000708e11340 0000021e0bc2e810
0x00000039556f4be0:   0000000000000001 0000000700000000 

Instructions: (pc=0x00007ffaa71a1439)
0x00007ffaa71a1419:   50 48 c7 44 24 30 fe ff ff ff 48 89 5c 24 78 48
0x00007ffaa71a1429:   89 b4 24 80 00 00 00 4d 8b f8 4c 8b f2 48 8b f1
0x00007ffaa71a1439:   83 79 44 00 75 07 33 c0 e9 da 00 00 00 33 db 39
0x00007ffaa71a1449:   59 44 75 04 8b c3 eb 06 48 8b 41 48 8b 00 8b d0 



---------------  P R O C E S S  ---------------

Java Threads: ( => current thread )
  0x0000021e05bd6000 JavaThread "Relaunch Simulation" [_thread_blocked, id=14168, stack(0x0000003958c00000,0x0000003959100000)]
  0x0000021e05bdf800 JavaThread "Monitor File Timestamp Swing Worker" [_thread_blocked, id=12104, stack(0x000000395c200000,0x000000395c700000)]
  0x0000021e05bd2000 JavaThread "Timer-18" [_thread_blocked, id=32, stack(0x000000395bd00000,0x000000395c200000)]
  0x0000021e05bd3800 JavaThread "Monitor File Timestamp Swing Worker" [_thread_blocked, id=12348, stack(0x0000003957d00000,0x0000003958200000)]
  0x0000021e05bd5000 JavaThread "Timer-14" [_thread_blocked, id=13392, stack(0x0000003957800000,0x0000003957d00000)]
  0x0000021e05bd6800 JavaThread "Thread-4460" [_thread_in_native, id=14332, stack(0x000000394d800000,0x000000394d900000)]
  0x0000021e05bde000 JavaThread "Thread-4459" [_thread_in_native, id=7604, stack(0x000000394d900000,0x000000394da00000)]
  0x0000021e05bd4800 JavaThread "SyntheticaAnimation 50" daemon [_thread_blocked, id=1364, stack(0x000000395a900000,0x000000395ae00000)]
  0x0000021e045f3800 JavaThread "Image Animator 0" daemon [_thread_blocked, id=8684, stack(0x000000395a300000,0x000000395a800000)]
  0x0000021e045ef800 JavaThread "SyntheticaAnimation 50" daemon [_thread_blocked, id=3992, stack(0x0000003959100000,0x0000003959600000)]
  0x0000021e045e6800 JavaThread "Update Runs Swing Worker" [_thread_blocked, id=3564, stack(0x0000003959600000,0x0000003959b00000)]
  0x0000021e045e7800 JavaThread "hw_ila_monitor" [_thread_blocked, id=6100, stack(0x0000003958700000,0x0000003958c00000)]
  0x0000021e045ec000 JavaThread "Refresh Filesets Swing Worker" [_thread_blocked, id=7968, stack(0x0000003958200000,0x0000003958700000)]
  0x0000021e045e9000 JavaThread "SyntheticaAnimation 70" daemon [_thread_blocked, id=10920, stack(0x0000003957300000,0x0000003957800000)]
  0x0000021e045ea800 JavaThread "Swing-Shell" daemon [_thread_blocked, id=3688, stack(0x0000003954300000,0x0000003954800000)]
  0x0000021e045e6000 JavaThread "SyntheticaAnimation 25" daemon [_thread_blocked, id=10820, stack(0x0000003956e00000,0x0000003957300000)]
  0x0000021e5e4fe800 JavaThread "SyntheticaAnimation 50" daemon [_thread_blocked, id=12256, stack(0x0000003956900000,0x0000003956e00000)]
  0x0000021e5e4fd800 JavaThread "Monitor HEventQueue" [_thread_blocked, id=8332, stack(0x0000003956400000,0x0000003956900000)]
  0x0000021e5e4ff000 JavaThread "SyntheticaCleanerThread" daemon [_thread_blocked, id=6232, stack(0x0000003955c00000,0x0000003956100000)]
  0x0000021e5e500000 JavaThread "Batik CleanerThread" daemon [_thread_blocked, id=9436, stack(0x0000003954800000,0x0000003954d00000)]
=>0x0000021e7e36e000 JavaThread "AWT-EventQueue-1" [_thread_in_native, id=10592, stack(0x0000003955200000,0x0000003955700000)]
  0x0000021e7e24a000 JavaThread "AWT-Shutdown" [_thread_blocked, id=10568, stack(0x0000003954d00000,0x0000003955200000)]
  0x0000021e7e64c000 JavaThread "Process Messages" [_thread_blocked, id=9388, stack(0x0000003953400000,0x0000003953900000)]
  0x0000021e7ddd0800 JavaThread "Thread-1" [_thread_in_native, id=4400, stack(0x000000394db00000,0x000000394ef00000)]
  0x0000021e7ec45000 JavaThread "TimerQueue" daemon [_thread_blocked, id=6228, stack(0x0000003953e00000,0x0000003954300000)]
  0x0000021e5a3d4800 JavaThread "AWT-Windows" daemon [_thread_in_native, id=9052, stack(0x0000003953900000,0x0000003953e00000)]
  0x0000021e5a0a9800 JavaThread "Java2D Disposer" daemon [_thread_blocked, id=1652, stack(0x0000003952f00000,0x0000003953400000)]
  0x0000021e5a0aa800 JavaThread "Service Thread" daemon [_thread_blocked, id=7860, stack(0x0000003952900000,0x0000003952e00000)]
  0x0000021e552ab800 JavaThread "Common-Cleaner" daemon [_thread_blocked, id=3640, stack(0x0000003952400000,0x0000003952900000)]
  0x0000021e552aa000 JavaThread "Sweeper thread" daemon [_thread_blocked, id=3612, stack(0x0000003951f00000,0x0000003952400000)]
  0x0000021e5e20a000 JavaThread "C1 CompilerThread3" daemon [_thread_blocked, id=12284, stack(0x0000003951e00000,0x0000003951f00000)]
  0x0000021e6104c800 JavaThread "C2 CompilerThread2" daemon [_thread_blocked, id=2460, stack(0x0000003951d00000,0x0000003951e00000)]
  0x0000021e6104b800 JavaThread "C2 CompilerThread1" daemon [_thread_blocked, id=9564, stack(0x0000003951c00000,0x0000003951d00000)]
  0x0000021e6104b000 JavaThread "C2 CompilerThread0" daemon [_thread_blocked, id=10256, stack(0x0000003951b00000,0x0000003951c00000)]
  0x0000021e59ec8000 JavaThread "Attach Listener" daemon [_thread_blocked, id=4008, stack(0x0000003951600000,0x0000003951b00000)]
  0x0000021e6194e800 JavaThread "Signal Dispatcher" daemon [_thread_blocked, id=6628, stack(0x0000003951100000,0x0000003951600000)]
  0x0000021e5e37e800 JavaThread "Finalizer" daemon [_thread_blocked, id=9784, stack(0x0000003950c00000,0x0000003951100000)]
  0x0000021e5d7fe800 JavaThread "Reference Handler" daemon [_thread_blocked, id=5748, stack(0x0000003950700000,0x0000003950c00000)]
  0x0000021e5e4a3000 JavaThread "main" [_thread_blocked, id=1788, stack(0x000000394da00000,0x000000394db00000)]

Other Threads:
  0x0000021e576e6000 VMThread "VM Thread" [stack: 0x0000003950600000,0x0000003950700000] [id=6900]
  0x0000021e5a225000 WatcherThread [stack: 0x0000003952e00000,0x0000003952f00000] [id=3380]
  0x0000021e6112a000 GCTaskThread "GC Thread#0" [stack: 0x000000394f200000,0x000000394f300000] [id=7280]
  0x0000021e61465000 GCTaskThread "GC Thread#1" [stack: 0x000000394f300000,0x000000394f400000] [id=11756]
  0x0000021e61462000 GCTaskThread "GC Thread#2" [stack: 0x000000394f400000,0x000000394f500000] [id=11688]
  0x0000021e61465800 GCTaskThread "GC Thread#3" [stack: 0x000000394f500000,0x000000394f600000] [id=8172]
  0x0000021e61466000 GCTaskThread "GC Thread#4" [stack: 0x000000394f600000,0x000000394f700000] [id=9204]
  0x0000021e61460800 GCTaskThread "GC Thread#5" [stack: 0x000000394f700000,0x000000394f800000] [id=4140]
  0x0000021e6145f800 GCTaskThread "GC Thread#6" [stack: 0x000000394f800000,0x000000394f900000] [id=6012]
  0x0000021e61460000 GCTaskThread "GC Thread#7" [stack: 0x000000394f900000,0x000000394fa00000] [id=11880]
  0x0000021e59e5c800 ConcurrentGCThread "G1 Main Marker" [stack: 0x0000003950300000,0x0000003950400000] [id=3412]
  0x0000021e61464800 ConcurrentGCThread "G1 Marker#0" [stack: 0x0000003950400000,0x0000003950500000] [id=11268]
  0x0000021e61461000 ConcurrentGCThread "G1 Marker#1" [stack: 0x0000003950500000,0x0000003950600000] [id=7160]
  0x0000021e61455800 ConcurrentGCThread "G1 Refine#0" [stack: 0x0000003950100000,0x0000003950200000] [id=11644]
  0x0000021e58542800 ConcurrentGCThread "G1 Refine#1" [stack: 0x0000003950000000,0x0000003950100000] [id=11308]
  0x0000021e5dc2d000 ConcurrentGCThread "G1 Refine#2" [stack: 0x000000394ff00000,0x0000003950000000] [id=8112]
  0x0000021e6120d000 ConcurrentGCThread "G1 Refine#3" [stack: 0x000000394fe00000,0x000000394ff00000] [id=6616]
  0x0000021e6120c000 ConcurrentGCThread "G1 Refine#4" [stack: 0x000000394fd00000,0x000000394fe00000] [id=1748]
  0x0000021e5e319800 ConcurrentGCThread "G1 Refine#5" [stack: 0x000000394fc00000,0x000000394fd00000] [id=11980]
  0x0000021e5d737000 ConcurrentGCThread "G1 Refine#6" [stack: 0x000000394fb00000,0x000000394fc00000] [id=5756]
  0x0000021e5d736800 ConcurrentGCThread "G1 Refine#7" [stack: 0x000000394fa00000,0x000000394fb00000] [id=3924]
  0x0000021e61456800 ConcurrentGCThread "G1 Young RemSet Sampling" [stack: 0x0000003950200000,0x0000003950300000] [id=9728]

Threads with active compile tasks:

VM state:not at safepoint (normal execution)

VM Mutex/Monitor currently owned by a thread: None

Heap address: 0x0000000700000000, size: 3072 MB, Compressed Oops mode: Zero based, Oop shift amount: 3
Narrow klass base: 0x0000000000000000, Narrow klass shift: 3
Compressed class space size: 1073741824 Address: 0x00000007c0000000

Heap:
 garbage-first heap   total 146432K, used 79490K [0x0000000700000000, 0x0000000700100478, 0x00000007c0000000)
  region size 1024K, 2 young (2048K), 1 survivors (1024K)
 Metaspace       used 88848K, capacity 90975K, committed 98716K, reserved 1134592K
  class space    used 11357K, capacity 11808K, committed 13468K, reserved 1048576K
Heap Regions: E=young(eden), S=young(survivor), O=old, HS=humongous(starts), HC=humongous(continues), CS=collection set, F=free, A=archive, TS=gc time stamp, AC=allocation context, TAMS=top-at-mark-start (previous, next)
|   0|0x0000000700000000, 0x00000007000fad38, 0x0000000700100000| 97%| O|  |TS  0|AC  0|TAMS 0x00000007000fad38, 0x00000007000fad38|
|   1|0x0000000700100000, 0x0000000700200000, 0x0000000700200000|100%|HS|  |TS  0|AC  0|TAMS 0x0000000700200000, 0x0000000700200000|
|   2|0x0000000700200000, 0x0000000700300000, 0x0000000700300000|100%|HC|  |TS  0|AC  0|TAMS 0x0000000700300000, 0x0000000700300000|
|   3|0x0000000700300000, 0x0000000700400000, 0x0000000700400000|100%|HS|  |TS  0|AC  0|TAMS 0x0000000700400000, 0x0000000700400000|
|   4|0x0000000700400000, 0x00000007004f6840, 0x0000000700500000| 96%| O|  |TS  0|AC  0|TAMS 0x00000007004f6840, 0x00000007004f6840|
|   5|0x0000000700500000, 0x0000000700600000, 0x0000000700600000|100%| O|  |TS  0|AC  0|TAMS 0x0000000700600000, 0x0000000700600000|
|   6|0x0000000700600000, 0x00000007006ffff0, 0x0000000700700000| 99%| O|  |TS  0|AC  0|TAMS 0x00000007006ffff0, 0x00000007006ffff0|
|   7|0x0000000700700000, 0x00000007007ffff0, 0x0000000700800000| 99%| O|  |TS  0|AC  0|TAMS 0x00000007007ffff0, 0x00000007007ffff0|
|   8|0x0000000700800000, 0x00000007008fffe8, 0x0000000700900000| 99%| O|  |TS  0|AC  0|TAMS 0x00000007008fffe8, 0x00000007008fffe8|
|   9|0x0000000700900000, 0x00000007009c8e28, 0x0000000700a00000| 78%| O|  |TS  0|AC  0|TAMS 0x00000007009c8e28, 0x00000007009c8e28|
|  10|0x0000000700a00000, 0x0000000700affff8, 0x0000000700b00000| 99%| O|  |TS  0|AC  0|TAMS 0x0000000700affff8, 0x0000000700affff8|
|  11|0x0000000700b00000, 0x0000000700beb9d0, 0x0000000700c00000| 92%| O|  |TS  0|AC  0|TAMS 0x0000000700beb9d0, 0x0000000700beb9d0|
|  12|0x0000000700c00000, 0x0000000700cfade0, 0x0000000700d00000| 97%| O|  |TS  0|AC  0|TAMS 0x0000000700cfade0, 0x0000000700cfade0|
|  13|0x0000000700d00000, 0x0000000700df2910, 0x0000000700e00000| 94%| O|  |TS  0|AC  0|TAMS 0x0000000700df2910, 0x0000000700df2910|
|  14|0x0000000700e00000, 0x0000000700ef71e8, 0x0000000700f00000| 96%| O|  |TS  0|AC  0|TAMS 0x0000000700ef71e8, 0x0000000700ef71e8|
|  15|0x0000000700f00000, 0x0000000700fffe50, 0x0000000701000000| 99%| O|  |TS  0|AC  0|TAMS 0x0000000700fffe50, 0x0000000700fffe50|
|  16|0x0000000701000000, 0x00000007010ffff8, 0x0000000701100000| 99%| O|  |TS  0|AC  0|TAMS 0x00000007010ffff8, 0x00000007010ffff8|
|  17|0x0000000701100000, 0x00000007011ffff0, 0x0000000701200000| 99%| O|  |TS  0|AC  0|TAMS 0x00000007011ffff0, 0x00000007011ffff0|
|  18|0x0000000701200000, 0x00000007012fffd8, 0x0000000701300000| 99%| O|  |TS  0|AC  0|TAMS 0x00000007012fffd8, 0x00000007012fffd8|
|  19|0x0000000701300000, 0x00000007013fffe8, 0x0000000701400000| 99%| O|  |TS  0|AC  0|TAMS 0x00000007013fffe8, 0x00000007013fffe8|
|  20|0x0000000701400000, 0x00000007014ffff8, 0x0000000701500000| 99%| O|  |TS  0|AC  0|TAMS 0x00000007014ffff8, 0x00000007014ffff8|
|  21|0x0000000701500000, 0x00000007015fffd8, 0x0000000701600000| 99%| O|  |TS  0|AC  0|TAMS 0x00000007015fffd8, 0x00000007015fffd8|
|  22|0x0000000701600000, 0x00000007016ffff8, 0x0000000701700000| 99%| O|  |TS  0|AC  0|TAMS 0x00000007016ffff8, 0x00000007016ffff8|
|  23|0x0000000701700000, 0x00000007017fffc8, 0x0000000701800000| 99%| O|  |TS  0|AC  0|TAMS 0x00000007017fffc8, 0x00000007017fffc8|
|  24|0x0000000701800000, 0x00000007018fffe8, 0x0000000701900000| 99%| O|  |TS  0|AC  0|TAMS 0x00000007018fffe8, 0x00000007018fffe8|
|  25|0x0000000701900000, 0x00000007019ffff8, 0x0000000701a00000| 99%| O|  |TS  0|AC  0|TAMS 0x00000007019ffff8, 0x00000007019ffff8|
|  26|0x0000000701a00000, 0x0000000701afff80, 0x0000000701b00000| 99%| O|  |TS  0|AC  0|TAMS 0x0000000701afff80, 0x0000000701afff80|
|  27|0x0000000701b00000, 0x0000000701bffff0, 0x0000000701c00000| 99%| O|  |TS  0|AC  0|TAMS 0x0000000701bffff0, 0x0000000701bffff0|
|  28|0x0000000701c00000, 0x0000000701cffff0, 0x0000000701d00000| 99%| O|  |TS  0|AC  0|TAMS 0x0000000701cffff0, 0x0000000701cffff0|
|  29|0x0000000701d00000, 0x0000000701de5498, 0x0000000701e00000| 89%| O|  |TS  0|AC  0|TAMS 0x0000000701de5498, 0x0000000701de5498|
|  30|0x0000000701e00000, 0x0000000701efb9b0, 0x0000000701f00000| 98%| O|  |TS  0|AC  0|TAMS 0x0000000701efb9b0, 0x0000000701efb9b0|
|  31|0x0000000701f00000, 0x0000000702000000, 0x0000000702000000|100%| O|  |TS  0|AC  0|TAMS 0x0000000702000000, 0x0000000702000000|
|  32|0x0000000702000000, 0x0000000702100000, 0x0000000702100000|100%| O|  |TS  0|AC  0|TAMS 0x0000000702100000, 0x0000000702100000|
|  33|0x0000000702100000, 0x00000007021ffff0, 0x0000000702200000| 99%| O|  |TS  0|AC  0|TAMS 0x00000007021ffff0, 0x00000007021ffff0|
|  34|0x0000000702200000, 0x00000007022fffe8, 0x0000000702300000| 99%| O|  |TS  0|AC  0|TAMS 0x00000007022fffe8, 0x00000007022fffe8|
|  35|0x0000000702300000, 0x00000007023fea68, 0x0000000702400000| 99%| O|  |TS  0|AC  0|TAMS 0x00000007023fea68, 0x00000007023fea68|
|  36|0x0000000702400000, 0x00000007024fffe8, 0x0000000702500000| 99%| O|  |TS  0|AC  0|TAMS 0x00000007024fffe8, 0x00000007024fffe8|
|  37|0x0000000702500000, 0x00000007025fffd0, 0x0000000702600000| 99%| O|  |TS  0|AC  0|TAMS 0x00000007025fffd0, 0x00000007025fffd0|
|  38|0x0000000702600000, 0x00000007026fff90, 0x0000000702700000| 99%| O|  |TS  0|AC  0|TAMS 0x00000007026fff90, 0x00000007026fff90|
|  39|0x0000000702700000, 0x00000007027fffe8, 0x0000000702800000| 99%| O|  |TS  0|AC  0|TAMS 0x00000007027fffe8, 0x00000007027fffe8|
|  40|0x0000000702800000, 0x00000007028fffd0, 0x0000000702900000| 99%| O|  |TS  0|AC  0|TAMS 0x00000007028fffd0, 0x00000007028fffd0|
|  41|0x0000000702900000, 0x00000007029ffff8, 0x0000000702a00000| 99%| O|  |TS  0|AC  0|TAMS 0x00000007029ffff8, 0x00000007029ffff8|
|  42|0x0000000702a00000, 0x0000000702affff0, 0x0000000702b00000| 99%| O|  |TS  0|AC  0|TAMS 0x0000000702affff0, 0x0000000702affff0|
|  43|0x0000000702b00000, 0x0000000702c00000, 0x0000000702c00000|100%| O|  |TS  0|AC  0|TAMS 0x0000000702c00000, 0x0000000702c00000|
|  44|0x0000000702c00000, 0x0000000702cffff8, 0x0000000702d00000| 99%| O|  |TS  0|AC  0|TAMS 0x0000000702cffff8, 0x0000000702cffff8|
|  45|0x0000000702d00000, 0x0000000702dfffe8, 0x0000000702e00000| 99%| O|  |TS  0|AC  0|TAMS 0x0000000702dfffe8, 0x0000000702dfffe8|
|  46|0x0000000702e00000, 0x0000000702effff8, 0x0000000702f00000| 99%| O|  |TS  0|AC  0|TAMS 0x0000000702effff8, 0x0000000702effff8|
|  47|0x0000000702f00000, 0x0000000702fffe90, 0x0000000703000000| 99%| O|  |TS  0|AC  0|TAMS 0x0000000702fffe90, 0x0000000702fffe90|
|  48|0x0000000703000000, 0x00000007030ffff0, 0x0000000703100000| 99%| O|  |TS  0|AC  0|TAMS 0x00000007030ffff0, 0x00000007030ffff0|
|  49|0x0000000703100000, 0x00000007031fffe8, 0x0000000703200000| 99%| O|  |TS  0|AC  0|TAMS 0x00000007031fffe8, 0x00000007031fffe8|
|  50|0x0000000703200000, 0x00000007032fffe8, 0x0000000703300000| 99%| O|  |TS  0|AC  0|TAMS 0x00000007032fffe8, 0x00000007032fffe8|
|  51|0x0000000703300000, 0x00000007033febb0, 0x0000000703400000| 99%| O|  |TS  0|AC  0|TAMS 0x00000007033febb0, 0x00000007033febb0|
|  52|0x0000000703400000, 0x0000000703500000, 0x0000000703500000|100%|HS|  |TS  0|AC  0|TAMS 0x0000000703500000, 0x0000000703500000|
|  53|0x0000000703500000, 0x0000000703600000, 0x0000000703600000|100%|HC|  |TS  0|AC  0|TAMS 0x0000000703600000, 0x0000000703600000|
|  54|0x0000000703600000, 0x0000000703700000, 0x0000000703700000|100%|HC|  |TS  0|AC  0|TAMS 0x0000000703700000, 0x0000000703700000|
|  55|0x0000000703700000, 0x0000000703800000, 0x0000000703800000|100%|HC|  |TS  0|AC  0|TAMS 0x0000000703800000, 0x0000000703800000|
|  56|0x0000000703800000, 0x0000000703900000, 0x0000000703900000|100%|HC|  |TS  0|AC  0|TAMS 0x0000000703900000, 0x0000000703900000|
|  57|0x0000000703900000, 0x0000000703a00000, 0x0000000703a00000|100%|HC|  |TS  0|AC  0|TAMS 0x0000000703a00000, 0x0000000703a00000|
|  58|0x0000000703a00000, 0x0000000703b00000, 0x0000000703b00000|100%|HC|  |TS  0|AC  0|TAMS 0x0000000703b00000, 0x0000000703b00000|
|  59|0x0000000703b00000, 0x0000000703c00000, 0x0000000703c00000|100%|HC|  |TS  0|AC  0|TAMS 0x0000000703c00000, 0x0000000703c00000|
|  60|0x0000000703c00000, 0x0000000703d00000, 0x0000000703d00000|100%| O|  |TS  0|AC  0|TAMS 0x0000000703d00000, 0x0000000703d00000|
|  61|0x0000000703d00000, 0x0000000703dffff8, 0x0000000703e00000| 99%| O|  |TS  0|AC  0|TAMS 0x0000000703dffff8, 0x0000000703dffff8|
|  62|0x0000000703e00000, 0x0000000703effff8, 0x0000000703f00000| 99%| O|  |TS  0|AC  0|TAMS 0x0000000703effff8, 0x0000000703effff8|
|  63|0x0000000703f00000, 0x0000000703ffffd8, 0x0000000704000000| 99%| O|  |TS  0|AC  0|TAMS 0x0000000703ffffd8, 0x0000000703ffffd8|
|  64|0x0000000704000000, 0x00000007040fff38, 0x0000000704100000| 99%| O|  |TS  0|AC  0|TAMS 0x00000007040fff38, 0x00000007040fff38|
|  65|0x0000000704100000, 0x0000000704200000, 0x0000000704200000|100%| O|  |TS  0|AC  0|TAMS 0x0000000704200000, 0x0000000704200000|
|  66|0x0000000704200000, 0x00000007042ffff8, 0x0000000704300000| 99%| O|  |TS  0|AC  0|TAMS 0x00000007042ffff8, 0x00000007042ffff8|
|  67|0x0000000704300000, 0x0000000704400000, 0x0000000704400000|100%| O|  |TS  0|AC  0|TAMS 0x0000000704400000, 0x0000000704400000|
|  68|0x0000000704400000, 0x00000007044fff08, 0x0000000704500000| 99%| O|  |TS  0|AC  0|TAMS 0x00000007044fff08, 0x00000007044fff08|
|  69|0x0000000704500000, 0x00000007045fe7a0, 0x0000000704600000| 99%| O|  |TS  0|AC  0|TAMS 0x00000007045fe7a0, 0x00000007045fe7a0|
|  70|0x0000000704600000, 0x00000007046fff28, 0x0000000704700000| 99%| O|  |TS  0|AC  0|TAMS 0x00000007046fff28, 0x00000007046fff28|
|  71|0x0000000704700000, 0x00000007047ff0e0, 0x0000000704800000| 99%| O|  |TS  0|AC  0|TAMS 0x00000007047ff0e0, 0x00000007047ff0e0|
|  72|0x0000000704800000, 0x0000000704900000, 0x0000000704900000|100%| O|  |TS  0|AC  0|TAMS 0x0000000704900000, 0x0000000704900000|
|  73|0x0000000704900000, 0x000000070496d8a8, 0x0000000704a00000| 42%| O|  |TS  0|AC  0|TAMS 0x000000070496d8a8, 0x000000070496d8a8|
|  74|0x0000000704a00000, 0x0000000704b00000, 0x0000000704b00000|100%|HS|  |TS  0|AC  0|TAMS 0x0000000704b00000, 0x0000000704b00000|
|  75|0x0000000704b00000, 0x0000000704c00000, 0x0000000704c00000|100%|HS|  |TS  0|AC  0|TAMS 0x0000000704c00000, 0x0000000704c00000|
|  76|0x0000000704c00000, 0x0000000704d00000, 0x0000000704d00000|100%|HC|  |TS  0|AC  0|TAMS 0x0000000704d00000, 0x0000000704d00000|
|  77|0x0000000704d00000, 0x0000000704e00000, 0x0000000704e00000|100%|HS|  |TS  0|AC  0|TAMS 0x0000000704e00000, 0x0000000704e00000|
|  78|0x0000000704e00000, 0x0000000704e00000, 0x0000000704f00000|  0%| F|  |TS  0|AC  0|TAMS 0x0000000704e00000, 0x0000000704e00000|
|  79|0x0000000704f00000, 0x0000000704f00000, 0x0000000705000000|  0%| F|  |TS  0|AC  0|TAMS 0x0000000704f00000, 0x0000000704f00000|
|  80|0x0000000705000000, 0x0000000705000000, 0x0000000705100000|  0%| F|  |TS  0|AC  0|TAMS 0x0000000705000000, 0x0000000705000000|
|  81|0x0000000705100000, 0x0000000705100000, 0x0000000705200000|  0%| F|  |TS  1|AC  0|TAMS 0x0000000705100000, 0x0000000705100000|
|  82|0x0000000705200000, 0x0000000705200000, 0x0000000705300000|  0%| F|  |TS  0|AC  0|TAMS 0x0000000705200000, 0x0000000705200000|
|  83|0x0000000705300000, 0x0000000705300000, 0x0000000705400000|  0%| F|  |TS  1|AC  0|TAMS 0x0000000705300000, 0x0000000705300000|
|  84|0x0000000705400000, 0x00000007054cd768, 0x0000000705500000| 80%| S|CS|TS  1|AC  0|TAMS 0x0000000705400000, 0x0000000705400000|
|  85|0x0000000705500000, 0x0000000705500000, 0x0000000705600000|  0%| F|  |TS  1|AC  0|TAMS 0x0000000705500000, 0x0000000705500000|
|  86|0x0000000705600000, 0x0000000705600000, 0x0000000705700000|  0%| F|  |TS  1|AC  0|TAMS 0x0000000705600000, 0x0000000705600000|
|  87|0x0000000705700000, 0x0000000705700000, 0x0000000705800000|  0%| F|  |TS  1|AC  0|TAMS 0x0000000705700000, 0x0000000705700000|
|  88|0x0000000705800000, 0x0000000705800000, 0x0000000705900000|  0%| F|  |TS  1|AC  0|TAMS 0x0000000705800000, 0x0000000705800000|
|  89|0x0000000705900000, 0x0000000705900000, 0x0000000705a00000|  0%| F|  |TS  1|AC  0|TAMS 0x0000000705900000, 0x0000000705900000|
|  90|0x0000000705a00000, 0x0000000705a00000, 0x0000000705b00000|  0%| F|  |TS  1|AC  0|TAMS 0x0000000705a00000, 0x0000000705a00000|
|  91|0x0000000705b00000, 0x0000000705b00000, 0x0000000705c00000|  0%| F|  |TS  1|AC  0|TAMS 0x0000000705b00000, 0x0000000705b00000|
|  92|0x0000000705c00000, 0x0000000705c00000, 0x0000000705d00000|  0%| F|  |TS  1|AC  0|TAMS 0x0000000705c00000, 0x0000000705c00000|
|  93|0x0000000705d00000, 0x0000000705d00000, 0x0000000705e00000|  0%| F|  |TS  1|AC  0|TAMS 0x0000000705d00000, 0x0000000705d00000|
|  94|0x0000000705e00000, 0x0000000705e00000, 0x0000000705f00000|  0%| F|  |TS  1|AC  0|TAMS 0x0000000705e00000, 0x0000000705e00000|
|  95|0x0000000705f00000, 0x0000000705f00000, 0x0000000706000000|  0%| F|  |TS  1|AC  0|TAMS 0x0000000705f00000, 0x0000000705f00000|
|  96|0x0000000706000000, 0x0000000706000000, 0x0000000706100000|  0%| F|  |TS  1|AC  0|TAMS 0x0000000706000000, 0x0000000706000000|
|  97|0x0000000706100000, 0x0000000706100000, 0x0000000706200000|  0%| F|  |TS  1|AC  0|TAMS 0x0000000706100000, 0x0000000706100000|
|  98|0x0000000706200000, 0x0000000706200000, 0x0000000706300000|  0%| F|  |TS  1|AC  0|TAMS 0x0000000706200000, 0x0000000706200000|
|  99|0x0000000706300000, 0x0000000706300000, 0x0000000706400000|  0%| F|  |TS  1|AC  0|TAMS 0x0000000706300000, 0x0000000706300000|
| 100|0x0000000706400000, 0x0000000706400000, 0x0000000706500000|  0%| F|  |TS  1|AC  0|TAMS 0x0000000706400000, 0x0000000706400000|
| 101|0x0000000706500000, 0x0000000706500000, 0x0000000706600000|  0%| F|  |TS  1|AC  0|TAMS 0x0000000706500000, 0x0000000706500000|
| 102|0x0000000706600000, 0x0000000706600000, 0x0000000706700000|  0%| F|  |TS  1|AC  0|TAMS 0x0000000706600000, 0x0000000706600000|
| 103|0x0000000706700000, 0x0000000706700000, 0x0000000706800000|  0%| F|  |TS  1|AC  0|TAMS 0x0000000706700000, 0x0000000706700000|
| 104|0x0000000706800000, 0x0000000706800000, 0x0000000706900000|  0%| F|  |TS  1|AC  0|TAMS 0x0000000706800000, 0x0000000706800000|
| 105|0x0000000706900000, 0x0000000706900000, 0x0000000706a00000|  0%| F|  |TS  1|AC  0|TAMS 0x0000000706900000, 0x0000000706900000|
| 106|0x0000000706a00000, 0x0000000706a00000, 0x0000000706b00000|  0%| F|  |TS  1|AC  0|TAMS 0x0000000706a00000, 0x0000000706a00000|
| 107|0x0000000706b00000, 0x0000000706b00000, 0x0000000706c00000|  0%| F|  |TS  1|AC  0|TAMS 0x0000000706b00000, 0x0000000706b00000|
| 108|0x0000000706c00000, 0x0000000706c00000, 0x0000000706d00000|  0%| F|  |TS  1|AC  0|TAMS 0x0000000706c00000, 0x0000000706c00000|
| 109|0x0000000706d00000, 0x0000000706d00000, 0x0000000706e00000|  0%| F|  |TS  1|AC  0|TAMS 0x0000000706d00000, 0x0000000706d00000|
| 110|0x0000000706e00000, 0x0000000706e00000, 0x0000000706f00000|  0%| F|  |TS  1|AC  0|TAMS 0x0000000706e00000, 0x0000000706e00000|
| 111|0x0000000706f00000, 0x0000000706f00000, 0x0000000707000000|  0%| F|  |TS  1|AC  0|TAMS 0x0000000706f00000, 0x0000000706f00000|
| 112|0x0000000707000000, 0x0000000707000000, 0x0000000707100000|  0%| F|  |TS  1|AC  0|TAMS 0x0000000707000000, 0x0000000707000000|
| 113|0x0000000707100000, 0x0000000707100000, 0x0000000707200000|  0%| F|  |TS  1|AC  0|TAMS 0x0000000707100000, 0x0000000707100000|
| 114|0x0000000707200000, 0x0000000707200000, 0x0000000707300000|  0%| F|  |TS  1|AC  0|TAMS 0x0000000707200000, 0x0000000707200000|
| 115|0x0000000707300000, 0x0000000707300000, 0x0000000707400000|  0%| F|  |TS  1|AC  0|TAMS 0x0000000707300000, 0x0000000707300000|
| 116|0x0000000707400000, 0x0000000707400000, 0x0000000707500000|  0%| F|  |TS  1|AC  0|TAMS 0x0000000707400000, 0x0000000707400000|
| 117|0x0000000707500000, 0x0000000707500000, 0x0000000707600000|  0%| F|  |TS  1|AC  0|TAMS 0x0000000707500000, 0x0000000707500000|
| 118|0x0000000707600000, 0x0000000707600000, 0x0000000707700000|  0%| F|  |TS  1|AC  0|TAMS 0x0000000707600000, 0x0000000707600000|
| 119|0x0000000707700000, 0x0000000707700000, 0x0000000707800000|  0%| F|  |TS  1|AC  0|TAMS 0x0000000707700000, 0x0000000707700000|
| 120|0x0000000707800000, 0x0000000707800000, 0x0000000707900000|  0%| F|  |TS  1|AC  0|TAMS 0x0000000707800000, 0x0000000707800000|
| 121|0x0000000707900000, 0x0000000707900000, 0x0000000707a00000|  0%| F|  |TS  1|AC  0|TAMS 0x0000000707900000, 0x0000000707900000|
| 122|0x0000000707a00000, 0x0000000707a00000, 0x0000000707b00000|  0%| F|  |TS  1|AC  0|TAMS 0x0000000707a00000, 0x0000000707a00000|
| 123|0x0000000707b00000, 0x0000000707b00000, 0x0000000707c00000|  0%| F|  |TS  1|AC  0|TAMS 0x0000000707b00000, 0x0000000707b00000|
| 124|0x0000000707c00000, 0x0000000707c00000, 0x0000000707d00000|  0%| F|  |TS  1|AC  0|TAMS 0x0000000707c00000, 0x0000000707c00000|
| 125|0x0000000707d00000, 0x0000000707d00000, 0x0000000707e00000|  0%| F|  |TS  1|AC  0|TAMS 0x0000000707d00000, 0x0000000707d00000|
| 126|0x0000000707e00000, 0x0000000707e00000, 0x0000000707f00000|  0%| F|  |TS  1|AC  0|TAMS 0x0000000707e00000, 0x0000000707e00000|
| 127|0x0000000707f00000, 0x0000000707f00000, 0x0000000708000000|  0%| F|  |TS  1|AC  0|TAMS 0x0000000707f00000, 0x0000000707f00000|
| 128|0x0000000708000000, 0x0000000708000000, 0x0000000708100000|  0%| F|  |TS  1|AC  0|TAMS 0x0000000708000000, 0x0000000708000000|
| 129|0x0000000708100000, 0x0000000708100000, 0x0000000708200000|  0%| F|  |TS  1|AC  0|TAMS 0x0000000708100000, 0x0000000708100000|
| 130|0x0000000708200000, 0x0000000708200000, 0x0000000708300000|  0%| F|  |TS  1|AC  0|TAMS 0x0000000708200000, 0x0000000708200000|
| 131|0x0000000708300000, 0x0000000708300000, 0x0000000708400000|  0%| F|  |TS  1|AC  0|TAMS 0x0000000708300000, 0x0000000708300000|
| 132|0x0000000708400000, 0x0000000708400000, 0x0000000708500000|  0%| F|  |TS  1|AC  0|TAMS 0x0000000708400000, 0x0000000708400000|
| 133|0x0000000708500000, 0x0000000708500000, 0x0000000708600000|  0%| F|  |TS  1|AC  0|TAMS 0x0000000708500000, 0x0000000708500000|
| 134|0x0000000708600000, 0x0000000708600000, 0x0000000708700000|  0%| F|  |TS  1|AC  0|TAMS 0x0000000708600000, 0x0000000708600000|
| 135|0x0000000708700000, 0x0000000708700000, 0x0000000708800000|  0%| F|  |TS  1|AC  0|TAMS 0x0000000708700000, 0x0000000708700000|
| 136|0x0000000708800000, 0x0000000708800000, 0x0000000708900000|  0%| F|  |TS  1|AC  0|TAMS 0x0000000708800000, 0x0000000708800000|
| 137|0x0000000708900000, 0x0000000708900000, 0x0000000708a00000|  0%| F|  |TS  1|AC  0|TAMS 0x0000000708900000, 0x0000000708900000|
| 138|0x0000000708a00000, 0x0000000708a00000, 0x0000000708b00000|  0%| F|  |TS  1|AC  0|TAMS 0x0000000708a00000, 0x0000000708a00000|
| 139|0x0000000708b00000, 0x0000000708b00000, 0x0000000708c00000|  0%| F|  |TS  1|AC  0|TAMS 0x0000000708b00000, 0x0000000708b00000|
| 140|0x0000000708c00000, 0x0000000708c00000, 0x0000000708d00000|  0%| F|  |TS  1|AC  0|TAMS 0x0000000708c00000, 0x0000000708c00000|
| 141|0x0000000708d00000, 0x0000000708d00000, 0x0000000708e00000|  0%| F|  |TS  1|AC  0|TAMS 0x0000000708d00000, 0x0000000708d00000|
| 142|0x0000000708e00000, 0x0000000708eafa50, 0x0000000708f00000| 68%| E|  |TS  1|AC  0|TAMS 0x0000000708e00000, 0x0000000708e00000|

Card table byte_map: [0x0000021e5bb80000,0x0000021e5c180000] byte_map_base: 0x0000021e58380000

Marking Bits (Prev, Next): (CMBitMap*) 0x0000021e59e5bfa0, (CMBitMap*) 0x0000021e59e5bfd8
 Prev Bits: [0x0000021e77490000, 0x0000021e7a490000)
 Next Bits: [0x0000021e7a490000, 0x0000021e7d490000)

Polling page: 0x0000021e54710000

CodeHeap 'non-profiled nmethods': size=120000Kb used=30386Kb max_used=30963Kb free=89613Kb
 bounds [0x0000021e6ff60000, 0x0000021e71db0000, 0x0000021e77490000]
CodeHeap 'profiled nmethods': size=120000Kb used=43075Kb max_used=50182Kb free=76924Kb
 bounds [0x0000021e68a30000, 0x0000021e6bbf0000, 0x0000021e6ff60000]
CodeHeap 'non-nmethods': size=5760Kb used=1867Kb max_used=1914Kb free=3892Kb
 bounds [0x0000021e68490000, 0x0000021e68700000, 0x0000021e68a30000]
 total_blobs=43730 nmethods=20792 adapters=1241
 compilation: enabled

Compilation events (10 events):
Event: 49234.935 Thread 0x0000021e5e20a000 28975       3       ui.utils.o.x.L::processEvent (76 bytes)
Event: 49234.937 Thread 0x0000021e5e20a000 nmethod 28975 0x0000021e6913bd90 code [0x0000021e6913c160, 0x0000021e6913e3a0]
Event: 49235.793 Thread 0x0000021e5e20a000 28976       3       com.jidesoft.editor.CodeEditor$s_::focusLost (9 bytes)
Event: 49235.793 Thread 0x0000021e5e20a000 nmethod 28976 0x0000021e68e86710 code [0x0000021e68e86900, 0x0000021e68e86f10]
Event: 49235.794 Thread 0x0000021e5e20a000 28977       3       com.jidesoft.editor.AbstractCodeEditorIntelliHints$7::focusLost (58 bytes)
Event: 49235.796 Thread 0x0000021e5e20a000 nmethod 28977 0x0000021e68e99590 code [0x0000021e68e99780, 0x0000021e68e99ce0]
Event: 49239.787 Thread 0x0000021e5e20a000 28978       3       com.jidesoft.editor.CodeEditor::setLineBreakStyle (48 bytes)
Event: 49239.788 Thread 0x0000021e5e20a000 nmethod 28978 0x0000021e68f00510 code [0x0000021e68f00720, 0x0000021e68f00ec0]
Event: 49240.909 Thread 0x0000021e6104c800 28979   !   4       com.jidesoft.swing.JideBorderLayout::minimumLayoutSize (361 bytes)
Event: 49240.921 Thread 0x0000021e6104c800 nmethod 28979 0x0000021e70a76a10 code [0x0000021e70a76c40, 0x0000021e70a774c0]

GC Heap History (10 events):
Event: 49234.492 GC heap before
{Heap before GC invocations=2700 (full 740):
 garbage-first heap   total 146432K, used 139799K [0x0000000700000000, 0x0000000700100478, 0x00000007c0000000)
  region size 1024K, 60 young (61440K), 1 survivors (1024K)
 Metaspace       used 88847K, capacity 90975K, committed 98716K, reserved 1134592K
  class space    used 11357K, capacity 11808K, committed 13468K, reserved 1048576K
}
Event: 49234.495 GC heap after
{Heap after GC invocations=2701 (full 740):
 garbage-first heap   total 146432K, used 79900K [0x0000000700000000, 0x0000000700100478, 0x00000007c0000000)
  region size 1024K, 2 young (2048K), 2 survivors (2048K)
 Metaspace       used 88847K, capacity 90975K, committed 98716K, reserved 1134592K
  class space    used 11357K, capacity 11808K, committed 13468K, reserved 1048576K
}
Event: 49234.721 GC heap before
{Heap before GC invocations=2701 (full 740):
 garbage-first heap   total 146432K, used 139292K [0x0000000700000000, 0x0000000700100478, 0x00000007c0000000)
  region size 1024K, 60 young (61440K), 2 survivors (2048K)
 Metaspace       used 88847K, capacity 90975K, committed 98716K, reserved 1134592K
  class space    used 11357K, capacity 11808K, committed 13468K, reserved 1048576K
}
Event: 49234.724 GC heap after
{Heap after GC invocations=2702 (full 740):
 garbage-first heap   total 146432K, used 79531K [0x0000000700000000, 0x0000000700100478, 0x00000007c0000000)
  region size 1024K, 1 young (1024K), 1 survivors (1024K)
 Metaspace       used 88847K, capacity 90975K, committed 98716K, reserved 1134592K
  class space    used 11357K, capacity 11808K, committed 13468K, reserved 1048576K
}
Event: 49235.069 GC heap before
{Heap before GC invocations=2703 (full 740):
 garbage-first heap   total 146432K, used 139947K [0x0000000700000000, 0x0000000700100478, 0x00000007c0000000)
  region size 1024K, 60 young (61440K), 1 survivors (1024K)
 Metaspace       used 88847K, capacity 90975K, committed 98716K, reserved 1134592K
  class space    used 11357K, capacity 11808K, committed 13468K, reserved 1048576K
}
Event: 49235.072 GC heap after
{Heap after GC invocations=2704 (full 740):
 garbage-first heap   total 146432K, used 79540K [0x0000000700000000, 0x0000000700100478, 0x00000007c0000000)
  region size 1024K, 1 young (1024K), 1 survivors (1024K)
 Metaspace       used 88847K, capacity 90975K, committed 98716K, reserved 1134592K
  class space    used 11357K, capacity 11808K, committed 13468K, reserved 1048576K
}
Event: 49238.359 GC heap before
{Heap before GC invocations=2704 (full 740):
 garbage-first heap   total 146432K, used 139956K [0x0000000700000000, 0x0000000700100478, 0x00000007c0000000)
  region size 1024K, 60 young (61440K), 1 survivors (1024K)
 Metaspace       used 88848K, capacity 90975K, committed 98716K, reserved 1134592K
  class space    used 11357K, capacity 11808K, committed 13468K, reserved 1048576K
}
Event: 49238.363 GC heap after
{Heap after GC invocations=2705 (full 740):
 garbage-first heap   total 146432K, used 79749K [0x0000000700000000, 0x0000000700100478, 0x00000007c0000000)
  region size 1024K, 2 young (2048K), 2 survivors (2048K)
 Metaspace       used 88848K, capacity 90975K, committed 98716K, reserved 1134592K
  class space    used 11357K, capacity 11808K, committed 13468K, reserved 1048576K
}
Event: 49242.749 GC heap before
{Heap before GC invocations=2706 (full 740):
 garbage-first heap   total 146432K, used 139141K [0x0000000700000000, 0x0000000700100478, 0x00000007c0000000)
  region size 1024K, 60 young (61440K), 2 survivors (2048K)
 Metaspace       used 88848K, capacity 90975K, committed 98716K, reserved 1134592K
  class space    used 11357K, capacity 11808K, committed 13468K, reserved 1048576K
}
Event: 49242.753 GC heap after
{Heap after GC invocations=2707 (full 740):
 garbage-first heap   total 146432K, used 79490K [0x0000000700000000, 0x0000000700100478, 0x00000007c0000000)
  region size 1024K, 1 young (1024K), 1 survivors (1024K)
 Metaspace       used 88848K, capacity 90975K, committed 98716K, reserved 1134592K
  class space    used 11357K, capacity 11808K, committed 13468K, reserved 1048576K
}

Deoptimization events (10 events):
Event: 48002.886 Thread 0x0000021e7e36e000 Uncommon trap: reason=unstable_if action=reinterpret pc=0x0000021e7083ae14 method=javax.swing.JComponent.rectangleIsObscured(IIII)Z @ 100 c2
Event: 48002.886 Thread 0x0000021e7e36e000 Uncommon trap: reason=class_check action=maybe_recompile pc=0x0000021e70f1ad10 method=javax.swing.JComponent.paintChildren(Ljava/awt/Graphics;)V @ 567 c2
Event: 48003.046 Thread 0x0000021e7e36e000 Uncommon trap: reason=unstable_if action=reinterpret pc=0x0000021e70af23cc method=javax.swing.SortingFocusTraversalPolicy.enumerateCycle(Ljava/awt/Container;Ljava/util/List;)V @ 11 c2
Event: 48003.046 Thread 0x0000021e7e36e000 Uncommon trap: reason=class_check action=maybe_recompile pc=0x0000021e719f3050 method=java.awt.Component.requestFocusHelper(ZZLjava/awt/event/FocusEvent$Cause;)Z @ 23 c2
Event: 48020.167 Thread 0x0000021e7e36e000 Uncommon trap: reason=unstable_if action=reinterpret pc=0x0000021e718057c8 method=ui.views.O.h.d.getTableCellRendererComponent(Ljavax/swing/JTable;Ljava/lang/Object;ZZII)Ljava/awt/Component; @ 135 c2
Event: 48027.021 Thread 0x0000021e7e36e000 Uncommon trap: reason=unstable_if action=reinterpret pc=0x0000021e7180e8b4 method=ui.views.O.f.c.processMouseMotionEvent(Ljava/awt/event/MouseEvent;)V @ 12 c2
Event: 48058.371 Thread 0x0000021e7e36e000 Uncommon trap: reason=unstable_if action=reinterpret pc=0x0000021e70dcfa0c method=javax.swing.TimerQueue$DelayedTimer.compareTo(Ljava/util/concurrent/Delayed;)I @ 40 c2
Event: 48121.710 Thread 0x0000021e7ec45000 Uncommon trap: reason=unstable_if action=reinterpret pc=0x0000021e70a78060 method=java.util.concurrent.locks.AbstractQueuedSynchronizer.enq(Ljava/util/concurrent/locks/AbstractQueuedSynchronizer$Node;)Ljava/util/concurrent/locks/AbstractQueuedSynchronizer
Event: 49232.250 Thread 0x0000021e7e36e000 Uncommon trap: reason=bimorphic_or_optimized_type_check action=maybe_recompile pc=0x0000021e71b24ecc method=java.util.regex.Matcher.match(II)Z @ 121 c2
Event: 49234.502 Thread 0x0000021e7e36e000 Uncommon trap: reason=bimorphic_or_optimized_type_check action=maybe_recompile pc=0x0000021e71216fc4 method=java.util.HashMap.removeNode(ILjava/lang/Object;Ljava/lang/Object;ZZ)Ljava/util/HashMap$Node; @ 143 c2

Classes redefined (0 events):
No events

Internal exceptions (10 events):
Event: 48225.351 Thread 0x0000021e7e36e000 Exception <a 'sun/nio/fs/WindowsException'{0x00000007084ddcc0}> (0x00000007084ddcc0) thrown at [t:/workspace/hotspot/src/share/vm/prims/jni.cpp, line 604]
Event: 48225.354 Thread 0x0000021e7e36e000 Exception <a 'sun/nio/fs/WindowsException'{0x00000007084f13b0}> (0x00000007084f13b0) thrown at [t:/workspace/hotspot/src/share/vm/prims/jni.cpp, line 604]
Event: 48225.354 Thread 0x0000021e7e36e000 Exception <a 'sun/nio/fs/WindowsException'{0x00000007084f18e8}> (0x00000007084f18e8) thrown at [t:/workspace/hotspot/src/share/vm/prims/jni.cpp, line 604]
Event: 48225.358 Thread 0x0000021e7e36e000 Exception <a 'sun/nio/fs/WindowsException'{0x00000007083165c8}> (0x00000007083165c8) thrown at [t:/workspace/hotspot/src/share/vm/prims/jni.cpp, line 604]
Event: 48225.359 Thread 0x0000021e7e36e000 Exception <a 'sun/nio/fs/WindowsException'{0x0000000708316b00}> (0x0000000708316b00) thrown at [t:/workspace/hotspot/src/share/vm/prims/jni.cpp, line 604]
Event: 48225.363 Thread 0x0000021e7e36e000 Exception <a 'sun/nio/fs/WindowsException'{0x000000070833c070}> (0x000000070833c070) thrown at [t:/workspace/hotspot/src/share/vm/prims/jni.cpp, line 604]
Event: 48225.363 Thread 0x0000021e7e36e000 Exception <a 'sun/nio/fs/WindowsException'{0x000000070833c5a8}> (0x000000070833c5a8) thrown at [t:/workspace/hotspot/src/share/vm/prims/jni.cpp, line 604]
Event: 48225.369 Thread 0x0000021e7e36e000 Exception <a 'sun/nio/fs/WindowsException'{0x0000000708375690}> (0x0000000708375690) thrown at [t:/workspace/hotspot/src/share/vm/prims/jni.cpp, line 604]
Event: 48225.369 Thread 0x0000021e7e36e000 Exception <a 'sun/nio/fs/WindowsException'{0x0000000708375bc8}> (0x0000000708375bc8) thrown at [t:/workspace/hotspot/src/share/vm/prims/jni.cpp, line 604]
Event: 49231.741 Thread 0x0000021e05bdc000 Exception <a 'java/lang/InterruptedException'{0x0000000706fb2160}: sleep interrupted> (0x0000000706fb2160) thrown at [t:/workspace/hotspot/src/share/vm/prims/jvm.cpp, line 3023]

Events (10 events):
Event: 49239.342 Thread 0x0000021e05bd3000 Thread added: 0x0000021e05bd3000
Event: 49239.353 Thread 0x0000021e05bd3000 Thread exited: 0x0000021e05bd3000
Event: 49240.344 Thread 0x0000021e05bd7800 Thread added: 0x0000021e05bd7800
Event: 49240.354 Thread 0x0000021e05bd7800 Thread exited: 0x0000021e05bd7800
Event: 49241.345 Thread 0x0000021e05bd3000 Thread added: 0x0000021e05bd3000
Event: 49241.357 Thread 0x0000021e05bd3000 Thread exited: 0x0000021e05bd3000
Event: 49242.347 Thread 0x0000021e05bd3000 Thread added: 0x0000021e05bd3000
Event: 49242.355 Thread 0x0000021e05bd3000 Thread exited: 0x0000021e05bd3000
Event: 49242.749 Executing VM operation: G1IncCollectionPause
Event: 49242.753 Executing VM operation: G1IncCollectionPause done


Dynamic libraries:
0x00007ff6bc920000 - 0x00007ff6bc950000 	D:\software\vivado\vivado2019.1\Vivado\2019.1\bin\unwrapped\win64.o\vivado.exe
0x00007ffb04580000 - 0x00007ffb04789000 	C:\WINDOWS\SYSTEM32\ntdll.dll
0x00007ffb02c00000 - 0x00007ffb02cbd000 	C:\WINDOWS\System32\KERNEL32.DLL
0x00007ffb01ca0000 - 0x00007ffb02019000 	C:\WINDOWS\System32\KERNELBASE.dll
0x00007ffb02300000 - 0x00007ffb02411000 	C:\WINDOWS\System32\ucrtbase.dll
0x00007ffaef610000 - 0x00007ffaef69e000 	C:\WINDOWS\SYSTEM32\MSVCP140.dll
0x00007ffaef700000 - 0x00007ffaef71b000 	C:\WINDOWS\SYSTEM32\VCRUNTIME140.dll
0x00007ffaef5a0000 - 0x00007ffaef5b4000 	D:\software\vivado\vivado2019.1\Vivado\2019.1\lib\win64.o\libboost_signals.dll
0x00007ffae6180000 - 0x00007ffae6194000 	D:\software\vivado\vivado2019.1\Vivado\2019.1\lib\win64.o\librdi_commonmain.dll
0x00007ffadcb70000 - 0x00007ffadcb7c000 	C:\WINDOWS\SYSTEM32\VCRUNTIME140_1.dll
0x00007ffae6150000 - 0x00007ffae6176000 	D:\software\vivado\vivado2019.1\Vivado\2019.1\lib\win64.o\libboost_filesystem.dll
0x00007ffb02420000 - 0x00007ffb024ce000 	C:\WINDOWS\System32\ADVAPI32.dll
0x00007ffafd530000 - 0x00007ffafd53a000 	D:\software\vivado\vivado2019.1\Vivado\2019.1\lib\win64.o\librdi_commonversion.dll
0x00007ffaaf3a0000 - 0x00007ffab0282000 	D:\software\vivado\vivado2019.1\Vivado\2019.1\lib\win64.o\librdi_common.dll
0x00007ffb03b50000 - 0x00007ffb03bf3000 	C:\WINDOWS\System32\msvcrt.dll
0x00007ffab2bc0000 - 0x00007ffab2ce1000 	D:\software\vivado\vivado2019.1\Vivado\2019.1\lib\win64.o\librdi_commonxillic.dll
0x00007ffb04380000 - 0x00007ffb0452c000 	C:\WINDOWS\System32\USER32.dll
0x00007ffb041d0000 - 0x00007ffb0426e000 	C:\WINDOWS\System32\sechost.dll
0x00007ffb021b0000 - 0x00007ffb021d6000 	C:\WINDOWS\System32\win32u.dll
0x00007ffafbc60000 - 0x00007ffafbc6b000 	D:\software\vivado\vivado2019.1\Vivado\2019.1\lib\win64.o\libboost_system.dll
0x0000000059e10000 - 0x0000000059f3b000 	D:\software\vivado\vivado2019.1\Vivado\2019.1\lib\win64.o\tcl85t.dll
0x00007ffb04270000 - 0x00007ffb04299000 	C:\WINDOWS\System32\GDI32.dll
0x00007ffb040b0000 - 0x00007ffb041d0000 	C:\WINDOWS\System32\RPCRT4.dll
0x00007ffb03e80000 - 0x00007ffb03eef000 	C:\WINDOWS\System32\WS2_32.dll
0x00007ffb02020000 - 0x00007ffb02132000 	C:\WINDOWS\System32\gdi32full.dll
0x00007ffb021e0000 - 0x00007ffb0227d000 	C:\WINDOWS\System32\msvcp_win.dll
0x00007ffaaf030000 - 0x00007ffaaf39e000 	D:\software\vivado\vivado2019.1\Vivado\2019.1\lib\win64.o\libCOIN-all.dll
0x00007ffb02de0000 - 0x00007ffb0358f000 	C:\WINDOWS\System32\SHELL32.dll
0x00007ffae5fd0000 - 0x00007ffae5fe4000 	D:\software\vivado\vivado2019.1\Vivado\2019.1\lib\win64.o\libboost_date_time.dll
0x00007ffacf190000 - 0x00007ffacf2a4000 	D:\software\vivado\vivado2019.1\Vivado\2019.1\lib\win64.o\libboost_regex.dll
0x00007ffad0620000 - 0x00007ffad069f000 	D:\software\vivado\vivado2019.1\Vivado\2019.1\lib\win64.o\libboost_program_options.dll
0x00007ffaf6530000 - 0x00007ffaf653f000 	D:\software\vivado\vivado2019.1\Vivado\2019.1\lib\win64.o\libboost_xilinx.dll
0x00007ffae3980000 - 0x00007ffae39a1000 	D:\software\vivado\vivado2019.1\Vivado\2019.1\lib\win64.o\libboost_thread.dll
0x00007ffac3ff0000 - 0x00007ffac4072000 	D:\software\vivado\vivado2019.1\Vivado\2019.1\lib\win64.o\libhdlpsolve.dll
0x00007ffacb9f0000 - 0x00007ffacba95000 	D:\software\vivado\vivado2019.1\Vivado\2019.1\lib\win64.o\libhdxml.dll
0x00007ffae38c0000 - 0x00007ffae38ee000 	D:\software\vivado\vivado2019.1\Vivado\2019.1\lib\win64.o\libisl_sysinfo.dll
0x00007ffae38a0000 - 0x00007ffae38ba000 	D:\software\vivado\vivado2019.1\Vivado\2019.1\lib\win64.o\pthreadVC2.dll
0x00007ffac3c50000 - 0x00007ffac3cb5000 	D:\software\vivado\vivado2019.1\Vivado\2019.1\lib\win64.o\liblmx6.0.dll
0x00007ffade780000 - 0x00007ffade79c000 	D:\software\vivado\vivado2019.1\Vivado\2019.1\lib\win64.o\librdiconfig.dll
0x00007ffadc680000 - 0x00007ffadc6a1000 	D:\software\vivado\vivado2019.1\Vivado\2019.1\lib\win64.o\librdizlib.dll
0x00007ffaadcf0000 - 0x00007ffaadfc8000 	D:\software\vivado\vivado2019.1\Vivado\2019.1\lib\win64.o\libXil_lmgr11.dll
0x00007ffb035f0000 - 0x00007ffb036dc000 	C:\WINDOWS\System32\COMDLG32.dll
0x0000000012000000 - 0x0000000012270000 	D:\software\vivado\vivado2019.1\Vivado\2019.1\lib\win64.o\xerces-c_3_1.dll
0x00007ffb026a0000 - 0x00007ffb02a18000 	C:\WINDOWS\System32\combase.dll
0x00007ffb03c00000 - 0x00007ffb03cea000 	C:\WINDOWS\System32\shcore.dll
0x00007ffb03590000 - 0x00007ffb035ed000 	C:\WINDOWS\System32\SHLWAPI.dll
0x00007ffb02a20000 - 0x00007ffb02af6000 	C:\WINDOWS\System32\OLEAUT32.dll
0x00007ffb024d0000 - 0x00007ffb0266a000 	C:\WINDOWS\System32\ole32.dll
0x00007ffaf61c0000 - 0x00007ffaf61da000 	C:\WINDOWS\SYSTEM32\NETAPI32.dll
0x00007ffb02140000 - 0x00007ffb021a7000 	C:\WINDOWS\System32\WINTRUST.dll
0x00007ffaed5b0000 - 0x00007ffaedaaa000 	C:\WINDOWS\SYSTEM32\WININET.dll
0x00007ffb01b30000 - 0x00007ffb01c92000 	C:\WINDOWS\System32\CRYPT32.dll
0x00007ffaadfd0000 - 0x00007ffaaeb7f400 	D:\software\vivado\vivado2019.1\Vivado\2019.1\lib\win64.o\libisl_iostreams.dll
0x00007ffafa720000 - 0x00007ffafa90f000 	C:\WINDOWS\SYSTEM32\urlmon.dll
0x00007ffafa550000 - 0x00007ffafa65c000 	C:\WINDOWS\SYSTEM32\WINHTTP.dll
0x00007ffaf3c70000 - 0x00007ffaf3c79000 	C:\WINDOWS\SYSTEM32\WSOCK32.dll
0x00007ffad5860000 - 0x00007ffad5891000 	C:\WINDOWS\SYSTEM32\VCOMP140.DLL
0x00007ffaabd10000 - 0x00007ffaacba1000 	D:\software\vivado\vivado2019.1\Vivado\2019.1\lib\win64.o\gurobi65.dll
0x00007ffae8ed0000 - 0x00007ffae8f82000 	C:\WINDOWS\WinSxS\amd64_microsoft.windows.common-controls_6595b64144ccf1df_5.82.22000.1_none_271a8fad6a2d1b1e\COMCTL32.dll
0x00007ffaf0930000 - 0x00007ffaf093d000 	D:\software\vivado\vivado2019.1\Vivado\2019.1\lib\win64.o\libboost_chrono.dll
0x00007ffafb8a0000 - 0x00007ffafb8be000 	C:\WINDOWS\SYSTEM32\dhcpcsvc.DLL
0x00007ffafa290000 - 0x00007ffafa543000 	C:\WINDOWS\SYSTEM32\iertutil.dll
0x00007ffafa260000 - 0x00007ffafa288000 	C:\WINDOWS\SYSTEM32\srvcli.dll
0x00007ffadc660000 - 0x00007ffadc67b000 	D:\software\vivado\vivado2019.1\Vivado\2019.1\lib\win64.o\libboost_iostreams.dll
0x00007ffb00650000 - 0x00007ffb0065c000 	C:\WINDOWS\SYSTEM32\netutils.dll
0x00007ffad05f0000 - 0x00007ffad0615000 	D:\software\vivado\vivado2019.1\Vivado\2019.1\lib\win64.o\libisl_iosutils.dll
0x00007ffb03d20000 - 0x00007ffb03d51000 	C:\WINDOWS\System32\IMM32.DLL
0x00007ffb01270000 - 0x00007ffb01282000 	C:\WINDOWS\SYSTEM32\MSASN1.dll
0x00007ffb00b30000 - 0x00007ffb00b48000 	C:\WINDOWS\SYSTEM32\kernel.appcore.dll
0x00007ffaad7d0000 - 0x00007ffaadce7000 	D:\software\vivado\vivado2019.1\Vivado\2019.1\lib\win64.o\librdi_commontasks.dll
0x00007ffaf8b50000 - 0x00007ffaf8b5a000 	C:\WINDOWS\SYSTEM32\VERSION.dll
0x00000000593e0000 - 0x0000000059e05000 	D:\software\vivado\vivado2019.1\Vivado\2019.1\tps\win64\jre9.0.4\bin\server\jvm.dll
0x00007ffb03cf0000 - 0x00007ffb03cf8000 	C:\WINDOWS\System32\PSAPI.DLL
0x00007ffaad270000 - 0x00007ffaad4f6000 	D:\software\vivado\vivado2019.1\Vivado\2019.1\lib\win64.o\librdi_sio.dll
0x00007ffafba40000 - 0x00007ffafba73000 	C:\WINDOWS\SYSTEM32\WINMM.dll
0x00007ffaaef40000 - 0x00007ffaaf02f000 	D:\software\vivado\vivado2019.1\Vivado\2019.1\tps\win64\jre9.0.4\bin\MSVCR120.dll
0x00007ffb00660000 - 0x00007ffb0068d000 	C:\WINDOWS\SYSTEM32\IPHLPAPI.DLL
0x00007ffb00f50000 - 0x00007ffb00fb7000 	C:\WINDOWS\SYSTEM32\MSWSOCK.DLL
0x00007ffaffba0000 - 0x00007ffb00408000 	C:\WINDOWS\SYSTEM32\windows.storage.dll
0x00007ffaffa30000 - 0x00007ffaffb96000 	C:\WINDOWS\SYSTEM32\wintypes.dll
0x00007ffa8a520000 - 0x00007ffa8c9dc000 	D:\software\vivado\vivado2019.1\Vivado\2019.1\lib\win64.o\librdi_tcltasks.dll
0x00007ffaaeec0000 - 0x00007ffaaef38000 	D:\software\vivado\vivado2019.1\Vivado\2019.1\lib\win64.o\librdi_boarddep.dll
0x00007ffaad0d0000 - 0x00007ffaad261000 	D:\software\vivado\vivado2019.1\Vivado\2019.1\lib\win64.o\librdi_board.dll
0x00007ffaad6e0000 - 0x00007ffaad7cb000 	D:\software\vivado\vivado2019.1\Vivado\2019.1\lib\win64.o\librdi_chipscope.dll
0x00007ffaab900000 - 0x00007ffaabd08000 	D:\software\vivado\vivado2019.1\Vivado\2019.1\lib\win64.o\librdi_bitstream.dll
0x00007ffaacf10000 - 0x00007ffaad0cd000 	D:\software\vivado\vivado2019.1\Vivado\2019.1\lib\win64.o\librdi_chipscopeimpl.dll
0x00007ffaacdb0000 - 0x00007ffaacf06000 	D:\software\vivado\vivado2019.1\Vivado\2019.1\lib\win64.o\librdi_containers.dll
0x00007ffaab220000 - 0x00007ffaab8fa000 	D:\software\vivado\vivado2019.1\Vivado\2019.1\lib\win64.o\librdi_coregenipxact.dll
0x00007ffa88b30000 - 0x00007ffa8a51a000 	D:\software\vivado\vivado2019.1\Vivado\2019.1\lib\win64.o\librdi_constraints.dll
0x00007ffaaaf00000 - 0x00007ffaab21e000 	D:\software\vivado\vivado2019.1\Vivado\2019.1\lib\win64.o\librdi_dlyest.dll
0x00007ffa86c70000 - 0x00007ffa88b21000 	D:\software\vivado\vivado2019.1\Vivado\2019.1\lib\win64.o\librdi_coregen.dll
0x00007ffa82c20000 - 0x00007ffa86c63000 	D:\software\vivado\vivado2019.1\Vivado\2019.1\lib\win64.o\librdi_designutils.dll
0x00007ffaaae30000 - 0x00007ffaaaef4000 	D:\software\vivado\vivado2019.1\Vivado\2019.1\lib\win64.o\librdi_dsp.dll
0x00007ffa70250000 - 0x00007ffa707ea000 	D:\software\vivado\vivado2019.1\Vivado\2019.1\lib\win64.o\librdi_drc.dll
0x00007ffa6fc00000 - 0x00007ffa7024d000 	D:\software\vivado\vivado2019.1\Vivado\2019.1\lib\win64.o\librdi_filemgmt.dll
0x00007ffa707f0000 - 0x00007ffa82c1c000 	D:\software\vivado\vivado2019.1\Vivado\2019.1\lib\win64.o\librdi_device.dll
0x00007ffaaab40000 - 0x00007ffaaae23000 	D:\software\vivado\vivado2019.1\Vivado\2019.1\lib\win64.o\librdi_guitools.dll
0x00007ffac3be0000 - 0x00007ffac3c45000 	D:\software\vivado\vivado2019.1\Vivado\2019.1\lib\win64.o\librdi_hdf.dll
0x00007ffaacd30000 - 0x00007ffaacda3000 	D:\software\vivado\vivado2019.1\Vivado\2019.1\lib\win64.o\librdi_memoryarray.dll
0x00007ffa6f5e0000 - 0x00007ffa6fbf5000 	D:\software\vivado\vivado2019.1\Vivado\2019.1\lib\win64.o\librdi_memdata.dll
0x00007ffa6e020000 - 0x00007ffa6f5e0000 	D:\software\vivado\vivado2019.1\Vivado\2019.1\lib\win64.o\librdi_implflow.dll
0x00007ffacf7b0000 - 0x00007ffacf7fb000 	D:\software\vivado\vivado2019.1\Vivado\2019.1\lib\win64.o\librdi_pfi.dll
0x00007ffa6ac80000 - 0x00007ffa6b322000 	D:\software\vivado\vivado2019.1\Vivado\2019.1\lib\win64.o\librdi_netlist.dll
0x00007ffaa9940000 - 0x00007ffaa9c4f000 	D:\software\vivado\vivado2019.1\Vivado\2019.1\lib\win64.o\librdi_platform.dll
0x00007ffa67eb0000 - 0x00007ffa685fa000 	D:\software\vivado\vivado2019.1\Vivado\2019.1\lib\win64.o\librdi_power.dll
0x00007ffa67930000 - 0x00007ffa67eaf000 	D:\software\vivado\vivado2019.1\Vivado\2019.1\lib\win64.o\librdi_project.dll
0x00007ffa67220000 - 0x00007ffa67929000 	D:\software\vivado\vivado2019.1\Vivado\2019.1\lib\win64.o\librdi_psta.dll
0x00007ffa66b10000 - 0x00007ffa67216000 	D:\software\vivado\vivado2019.1\Vivado\2019.1\lib\win64.o\librdi_rsb.dll
0x00007ffa66710000 - 0x00007ffa66b01000 	D:\software\vivado\vivado2019.1\Vivado\2019.1\lib\win64.o\librdi_runs.dll
0x00007ffa68600000 - 0x00007ffa6ac76000 	D:\software\vivado\vivado2019.1\Vivado\2019.1\lib\win64.o\librdi_place.dll
0x00007ffaaaa40000 - 0x00007ffaaab3a000 	D:\software\vivado\vivado2019.1\Vivado\2019.1\lib\win64.o\librdi_runsbase.dll
0x00007ffaa9ff0000 - 0x00007ffaaa246000 	D:\software\vivado\vivado2019.1\Vivado\2019.1\lib\win64.o\librdi_simdata.dll
0x00007ffaa9de0000 - 0x00007ffaa9f52000 	D:\software\vivado\vivado2019.1\Vivado\2019.1\lib\win64.o\librdi_advchipscopeimpl.dll
0x00007ffa658f0000 - 0x00007ffa66701000 	D:\software\vivado\vivado2019.1\Vivado\2019.1\lib\win64.o\librdi_timing.dll
0x00007ffa6b330000 - 0x00007ffa6e016000 	D:\software\vivado\vivado2019.1\Vivado\2019.1\lib\win64.o\librdi_mig.dll
0x00007ffac80e0000 - 0x00007ffac812c000 	D:\software\vivado\vivado2019.1\Vivado\2019.1\lib\win64.o\libboost_serialization.dll
0x00007ffaa72c0000 - 0x00007ffaa745f000 	D:\software\vivado\vivado2019.1\Vivado\2019.1\lib\win64.o\librdi_hip_devdesign.dll
0x00007ffaa9d10000 - 0x00007ffaa9dd2000 	D:\software\vivado\vivado2019.1\Vivado\2019.1\lib\win64.o\librdi_ipconfig_readwrite.dll
0x00007ffac2f60000 - 0x00007ffac2fa3000 	D:\software\vivado\vivado2019.1\Vivado\2019.1\lib\win64.o\librdi_noc_frameworks.dll
0x00007ffaa7c40000 - 0x00007ffaa7cde000 	D:\software\vivado\vivado2019.1\Vivado\2019.1\lib\win64.o\libise.dll
0x00007ffa649b0000 - 0x00007ffa64d95000 	D:\software\vivado\vivado2019.1\Vivado\2019.1\lib\win64.o\librdi_hip_config.dll
0x00007ffa64da0000 - 0x00007ffa658e7000 	D:\software\vivado\vivado2019.1\Vivado\2019.1\lib\win64.o\libverific.dll
0x00007ffa64460000 - 0x00007ffa649ae000 	D:\software\vivado\vivado2019.1\Vivado\2019.1\lib\win64.o\librdi_xdm.dll
0x00007ffac3eb0000 - 0x00007ffac3ef0000 	D:\software\vivado\vivado2019.1\Vivado\2019.1\lib\win64.o\librdi_wavedata_SimpleApi.dll
0x00007ffa63e60000 - 0x00007ffa6445c000 	D:\software\vivado\vivado2019.1\Vivado\2019.1\lib\win64.o\librdi_wavedata.dll
0x00007ffac3920000 - 0x00007ffac395f000 	D:\software\vivado\vivado2019.1\Vivado\2019.1\lib\win64.o\librdi_schedmon.dll
0x00007ffa60aa0000 - 0x00007ffa60cf9000 	D:\software\vivado\vivado2019.1\Vivado\2019.1\lib\win64.o\librdi_hsm.dll
0x00007ffa62cd0000 - 0x00007ffa63e5d000 	D:\software\vivado\vivado2019.1\Vivado\2019.1\lib\win64.o\librdi_route.dll

VM Arguments:
jvm_args: -Dsun.java2d.pmoffscreen=false -Dsun.java2d.xrender=false -Dsun.java2d.d3d=false -Dsun.awt.nopixfmt=true -Dsun.java2d.dpiaware=true -Dsun.java2d.uiScale.enabled=false -Xverify:none -Dswing.aatext=true -XX:-UsePerfData -Djdk.map.althashing.threshold=512 -XX:StringTableSize=4072 --add-opens=java.base/java.nio=ALL-UNNAMED --add-opens=java.desktop/sun.swing=ALL-UNNAMED --add-opens=java.desktop/javax.swing=ALL-UNNAMED --add-opens=java.desktop/javax.swing.tree=ALL-UNNAMED --add-opens=java.desktop/javax.swing.plaf.basic=ALL-UNNAMED --add-opens=java.desktop/javax.swing.plaf.synth=ALL-UNNAMED --add-opens=java.desktop/com.sun.awt=ALL-UNNAMED -XX:NewSize=60m -XX:MaxNewSize=60m -Xms128m -Xmx3072m -Xss5m 
java_command: <unknown>
java_class_path (initial): D:/software/vivado/vivado2019.1/Vivado/2019.1\lib\classes\alloy.jar;D:/software/vivado/vivado2019.1/Vivado/2019.1\lib\classes\autopilot.scelaborator.jar;D:/software/vivado/vivado2019.1/Vivado/2019.1\lib\classes\autopilot.sourceprocessor.jar;D:/software/vivado/vivado2019.1/Vivado/2019.1\lib\classes\autopilot.tbprocessor.jar;D:/software/vivado/vivado2019.1/Vivado/2019.1\lib\classes\batik-anim.jar;D:/software/vivado/vivado2019.1/Vivado/2019.1\lib\classes\batik-awt-util.jar;D:/software/vivado/vivado2019.1/Vivado/2019.1\lib\classes\batik-bridge.jar;D:/software/vivado/vivado2019.1/Vivado/2019.1\lib\classes\batik-codec.jar;D:/software/vivado/vivado2019.1/Vivado/2019.1\lib\classes\batik-css.jar;D:/software/vivado/vivado2019.1/Vivado/2019.1\lib\classes\batik-dom.jar;D:/software/vivado/vivado2019.1/Vivado/2019.1\lib\classes\batik-ext.jar;D:/software/vivado/vivado2019.1/Vivado/2019.1\lib\classes\batik-gui-util.jar;D:/software/vivado/vivado2019.1/Vivado/2019.1\lib\classes\batik-gvt.jar;D:/software/vivado/vivado2019.1/Vivado/2019.1\lib\classes\batik-parser.jar;D:/software/vivado/vivado2019.1/Vivado/2019.1\lib\classes\batik-script.jar;D:/software/vivado/vivado2019.1/Vivado/2019.1\lib\classes\batik-svg-dom.jar;D:/software/vivado/vivado2019.1/Vivado/2019.1\lib\classes\batik-swing.jar;D:/software/vivado/vivado2019.1/Vivado/2019.1\lib\classes\batik-transcoder.jar;D:/software/vivado/vivado2019.1/Vivado/2019.1\lib\classes\batik-util.jar;D:/software/vivado/vivado2019.1/Vivado/2019.1\lib\classes\batik-xml.jar;D:/software/vivado/vivado2019.1/Vivado/2019.1\lib\classes\com.google.gson_2.7.0.v20170129-0911.jar;D:/software/vivado/vivado2019.1/Vivado/2019.1\lib\classes\com.google.guava_21.0.0.v20170206-1425.jar;D:/software/vivado/vivado2019.1/Vivado/2019.1\lib\classes\com.google.inject_3.0.0.v201605172100.jar;D:/software/vivado/vivado2019.1/Vivado/2019.1\lib\classes\com.ibm.icu_4.4.2.v20110208.jar;D:/software/vivado/vivado2019.1/Vivado/2019.1\lib\classes\com.sigasi
Launcher Type: generic

Logging:
Log output configuration:
#0: stdout all=warning uptime,level,tags
#1: stderr all=off uptime,level,tags

Environment Variables:
PATH=D:/software/vivado/vivado2019.1/Vivado/2019.1/bin;D:/software/vivado/vivado2019.1/Vivado/2019.1/lib/win64.o;D:/software/vivado/vivado2019.1/Vivado/2019.1/tps/win64/jre9.0.4/bin/server;D:/software/vivado/vivado2019.1/Vivado/2019.1/tps/win64/jre9.0.4/bin;D:/software/vivado/vivado2019.1/Vivado/2019.1/ids_lite/ISE/bin/nt64;D:/software/vivado/vivado2019.1/Vivado/2019.1/ids_lite/ISE/lib/nt64;C:\Program Files\Common Files\Oracle\Java\javapath;C:\WINDOWS\system32;C:\WINDOWS;C:\WINDOWS\System32\Wbem;C:\WINDOWS\System32\WindowsPowerShell\v1.0\;C:\WINDOWS\System32\OpenSSH\;D:\software\matlab\bin;E:\Git\cmd;C:\Users\ÁªÏë\AppData\Local\Microsoft\WindowsApps;D:/software/vivado/vivado2019.1/Vivado/2019.1\tps\mingw\6.2.0\win64.o\nt\bin;D:/software/vivado/vivado2019.1/Vivado/2019.1\tps\mingw\6.2.0\win64.o\nt\libexec\gcc\x86_64-w64-mingw32\6.2.0;D:/software/vivado/vivado2019.1/Vivado/2019.1\tps\win64\python-2.7.5;D:/software/vivado/vivado2019.1/Vivado/2019.1\tps\win64\python-2.7.5\lib;D:/software/vivado/vivado2019.1/Vivado/2019.1\tps\win64\python-2.7.5\Lib\lib-tk;D:/software/vivado/vivado2019.1/Vivado/2019.1\tps\win64\python-2.7.5\lib\site-packages
USERNAME=ÁªÏë
OS=Windows_NT
PROCESSOR_IDENTIFIER=AMD64 Family 23 Model 24 Stepping 1, AuthenticAMD



---------------  S Y S T E M  ---------------

OS: Windows 10 , 64 bit Build 22000 (10.0.22000.675)

CPU:total 8 (initial active 8) (8 cores per cpu, 1 threads per core) family 23 model 24 stepping 1, cmov, cx8, fxsr, mmx, sse, sse2, sse3, ssse3, sse4.1, sse4.2, popcnt, avx, avx2, aes, clmul, mmxext, 3dnowpref, lzcnt, sse4a, tsc, tscinvbit, tscinv, bmi1

Memory: 4k page, physical 10359048k(5161440k free), swap 11997448k(4117388k free)

vm_info: Java HotSpot(TM) 64-Bit Server VM (9.0.4+11) for windows-amd64 JRE (9.0.4+11), built on Dec 20 2017 02:18:54 by "mach5one" with MS VC++ 12.0 (VS2013)

END.
