#-----------------------------------------------------------
# Vivado v2019.1 (64-bit)
# SW Build 2552052 on Fri May 24 14:49:42 MDT 2019
# IP Build 2548770 on Fri May 24 18:01:18 MDT 2019
# Start of session at: Wed May  4 14:02:25 2022
# Process ID: 14812
# Current directory: E:/lab5_pipeline/pipeline_cpu_no_hazard
# Command line: vivado.exe -gui_launcher_event rodinguilauncherevent4916 E:\lab5_pipeline\pipeline_cpu_no_hazard\pipeline_cpu.xpr
# Log file: E:/lab5_pipeline/pipeline_cpu_no_hazard/vivado.log
# Journal file: E:/lab5_pipeline/pipeline_cpu_no_hazard\vivado.jou
#-----------------------------------------------------------
start_gui
open_project E:/lab5_pipeline/pipeline_cpu_no_hazard/pipeline_cpu.xpr
INFO: [Project 1-313] Project file moved from 'E:/lab5_pipeline/pipeline_cpu' since last save.
Scanning sources...
Finished scanning sources
INFO: [IP_Flow 19-234] Refreshing IP repositories
INFO: [IP_Flow 19-1704] No user IP repositories specified
INFO: [IP_Flow 19-2313] Loaded Vivado IP repository 'D:/software/vivado/vivado2019.1/Vivado/2019.1/data/ip'.
open_project: Time (s): cpu = 00:00:15 ; elapsed = 00:00:05 . Memory (MB): peak = 686.219 ; gain = 74.906
update_compile_order -fileset sources_1
exit
INFO: [Common 17-206] Exiting Vivado at Wed May  4 14:04:51 2022...
