#-----------------------------------------------------------
# Vivado v2019.1 (64-bit)
# SW Build 2552052 on Fri May 24 14:49:42 MDT 2019
# IP Build 2548770 on Fri May 24 18:01:18 MDT 2019
# Start of session at: Mon May  2 18:09:32 2022
# Process ID: 14140
# Current directory: E:/计组/实验文件/lab4/single_cpu
# Command line: vivado.exe -gui_launcher_event rodinguilauncherevent7852 E:\计组\实验文件\lab4\single_cpu\single_cpu.xpr
# Log file: E:/计组/实验文件/lab4/single_cpu/vivado.log
# Journal file: E:/计组/实验文件/lab4/single_cpu\vivado.jou
#-----------------------------------------------------------
start_gui
open_project E:/计组/实验文件/lab4/single_cpu/single_cpu.xpr
INFO: [Project 1-313] Project file moved from 'E:/lab4/single_cpu' since last save.
Scanning sources...
Finished scanning sources
INFO: [IP_Flow 19-234] Refreshing IP repositories
INFO: [IP_Flow 19-1704] No user IP repositories specified
INFO: [IP_Flow 19-2313] Loaded Vivado IP repository 'D:/software/vivado/vivado2019.1/Vivado/2019.1/data/ip'.
open_project: Time (s): cpu = 00:00:16 ; elapsed = 00:00:05 . Memory (MB): peak = 722.848 ; gain = 114.598
update_compile_order -fileset sources_1
exit
INFO: [Common 17-206] Exiting Vivado at Mon May  2 18:10:34 2022...
